Create a encryption-based irrevocable view manager.
===============================================
Create 14 views. 
	Associate view manufacturer1 with txn IDs []
	Generate a random password h9dqx4j. Use the password to encode each element of the view message.
	Associate the encrypted txnID with the encrypted txn key and serialize the association into a view msg 
	Upload the encoded to a dedicated view_storage contract in the blockchain, with the association to the view name. 
	Associate view manufacturer2 with txn IDs []
	Generate a random password uwj9qz6. Use the password to encode each element of the view message.
	Associate the encrypted txnID with the encrypted txn key and serialize the association into a view msg 
	Upload the encoded to a dedicated view_storage contract in the blockchain, with the association to the view name. 
	Associate view warehouse1 with txn IDs []
	Generate a random password s7tt9xc. Use the password to encode each element of the view message.
	Associate the encrypted txnID with the encrypted txn key and serialize the association into a view msg 
	Upload the encoded to a dedicated view_storage contract in the blockchain, with the association to the view name. 
	Associate view warehouse2 with txn IDs []
	Generate a random password 4l5xujp. Use the password to encode each element of the view message.
	Associate the encrypted txnID with the encrypted txn key and serialize the association into a view msg 
	Upload the encoded to a dedicated view_storage contract in the blockchain, with the association to the view name. 
	Associate view warehouse3 with txn IDs []
	Generate a random password 8zehj4t. Use the password to encode each element of the view message.
	Associate the encrypted txnID with the encrypted txn key and serialize the association into a view msg 
	Upload the encoded to a dedicated view_storage contract in the blockchain, with the association to the view name. 
	Associate view delivery1 with txn IDs []
	Generate a random password pth6hjb. Use the password to encode each element of the view message.
	Associate the encrypted txnID with the encrypted txn key and serialize the association into a view msg 
	Upload the encoded to a dedicated view_storage contract in the blockchain, with the association to the view name. 
	Associate view delivery2 with txn IDs []
	Generate a random password ud8iex5. Use the password to encode each element of the view message.
	Associate the encrypted txnID with the encrypted txn key and serialize the association into a view msg 
	Upload the encoded to a dedicated view_storage contract in the blockchain, with the association to the view name. 
	Associate view shop1 with txn IDs []
	Generate a random password 4f6bpdk. Use the password to encode each element of the view message.
	Associate the encrypted txnID with the encrypted txn key and serialize the association into a view msg 
	Upload the encoded to a dedicated view_storage contract in the blockchain, with the association to the view name. 
	Associate view shop2 with txn IDs []
	Generate a random password 2wvdv1i. Use the password to encode each element of the view message.
	Associate the encrypted txnID with the encrypted txn key and serialize the association into a view msg 
	Upload the encoded to a dedicated view_storage contract in the blockchain, with the association to the view name. 
	Associate view shop3 with txn IDs []
	Generate a random password v1vvsfa. Use the password to encode each element of the view message.
	Associate the encrypted txnID with the encrypted txn key and serialize the association into a view msg 
	Upload the encoded to a dedicated view_storage contract in the blockchain, with the association to the view name. 
	Associate view shop4 with txn IDs []
	Generate a random password epc2394. Use the password to encode each element of the view message.
	Associate the encrypted txnID with the encrypted txn key and serialize the association into a view msg 
	Upload the encoded to a dedicated view_storage contract in the blockchain, with the association to the view name. 
	Associate view shop5 with txn IDs []
	Generate a random password 6sgws0l. Use the password to encode each element of the view message.
	Associate the encrypted txnID with the encrypted txn key and serialize the association into a view msg 
	Upload the encoded to a dedicated view_storage contract in the blockchain, with the association to the view name. 
	Associate view shop6 with txn IDs []
	Generate a random password j4i6n4. Use the password to encode each element of the view message.
	Associate the encrypted txnID with the encrypted txn key and serialize the association into a view msg 
	Upload the encoded to a dedicated view_storage contract in the blockchain, with the association to the view name. 
	Associate view shop7 with txn IDs []
	Generate a random password 2egs3um. Use the password to encode each element of the view message.
	Associate the encrypted txnID with the encrypted txn key and serialize the association into a view msg 
	Upload the encoded to a dedicated view_storage contract in the blockchain, with the association to the view name. 
===============================================
A view owner prepares Txn 1(tid) to invoke Contract secretcontract with confidential part SECRET_PAYLOAD
	Generate a random key au7pg3i for this txn
	Use the key to encode the confidential part SECRET_PAYLOAD into yxkH02LCIGSAXp5AV01emg==
	Send a txn e4d0b1156903856b95f214f44983f8fb65241c03b3a2655bbf44d64276439910 to invoke secretcontract with the encoded as the secret part yxkH02LCIGSAXp5AV01emg==. 
View manufacturer1 is appended with txns [e4d0b1156903856b95f214f44983f8fb65241c03b3a2655bbf44d64276439910]. 
	Append view manufacturer1 with txn IDs [ 'e4d0b1156903856b95f214f44983f8fb65241c03b3a2655bbf44d64276439910' ]
	Associate the encrypted txnID with the encrypted txn key and serialize the association into a view msg with the key h9dqx4j
	Upload the encoded to a dedicated view_storage contract in the blockchain, appending to the view name. 
View warehouse1 is appended with txns [e4d0b1156903856b95f214f44983f8fb65241c03b3a2655bbf44d64276439910]. 
	Append view warehouse1 with txn IDs [ 'e4d0b1156903856b95f214f44983f8fb65241c03b3a2655bbf44d64276439910' ]
	Associate the encrypted txnID with the encrypted txn key and serialize the association into a view msg with the key s7tt9xc
	Upload the encoded to a dedicated view_storage contract in the blockchain, appending to the view name. 
===============================================
A view owner prepares Txn 2(tid) to invoke Contract secretcontract with confidential part SECRET_PAYLOAD
	Generate a random key f0hqz7l for this txn
	Use the key to encode the confidential part SECRET_PAYLOAD into 94T83OJRUZg6hl9N8GgUeQ==
	Send a txn ac7d68ed498c3d3a27bbc05c07e83af82518915d0e0a3f2ec8dd1e152cdfd239 to invoke secretcontract with the encoded as the secret part 94T83OJRUZg6hl9N8GgUeQ==. 
View manufacturer1 is appended with txns [ac7d68ed498c3d3a27bbc05c07e83af82518915d0e0a3f2ec8dd1e152cdfd239]. 
	Append view manufacturer1 with txn IDs [ 'ac7d68ed498c3d3a27bbc05c07e83af82518915d0e0a3f2ec8dd1e152cdfd239' ]
	Associate the encrypted txnID with the encrypted txn key and serialize the association into a view msg with the key h9dqx4j
	Upload the encoded to a dedicated view_storage contract in the blockchain, appending to the view name. 
View warehouse1 is appended with txns [ac7d68ed498c3d3a27bbc05c07e83af82518915d0e0a3f2ec8dd1e152cdfd239]. 
	Append view warehouse1 with txn IDs [ 'ac7d68ed498c3d3a27bbc05c07e83af82518915d0e0a3f2ec8dd1e152cdfd239' ]
	Associate the encrypted txnID with the encrypted txn key and serialize the association into a view msg with the key s7tt9xc
	Upload the encoded to a dedicated view_storage contract in the blockchain, appending to the view name. 
View delivery1 is appended with txns [e4d0b1156903856b95f214f44983f8fb65241c03b3a2655bbf44d64276439910,ac7d68ed498c3d3a27bbc05c07e83af82518915d0e0a3f2ec8dd1e152cdfd239]. 
	Append view delivery1 with txn IDs [
  'e4d0b1156903856b95f214f44983f8fb65241c03b3a2655bbf44d64276439910',
  'ac7d68ed498c3d3a27bbc05c07e83af82518915d0e0a3f2ec8dd1e152cdfd239'
]
	Associate the encrypted txnID with the encrypted txn key and serialize the association into a view msg with the key pth6hjb
	Upload the encoded to a dedicated view_storage contract in the blockchain, appending to the view name. 
===============================================
A view owner prepares Txn 3(tid) to invoke Contract secretcontract with confidential part SECRET_PAYLOAD
	Generate a random key 77az0nm for this txn
	Use the key to encode the confidential part SECRET_PAYLOAD into umIZC8Fp99QBcgBcD/CUNw==
	Send a txn ae6032037cf9fc08dc83fdcde441da57100a4c63200d1a4ea748656056c90f09 to invoke secretcontract with the encoded as the secret part umIZC8Fp99QBcgBcD/CUNw==. 
View manufacturer1 is appended with txns [ae6032037cf9fc08dc83fdcde441da57100a4c63200d1a4ea748656056c90f09]. 
	Append view manufacturer1 with txn IDs [ 'ae6032037cf9fc08dc83fdcde441da57100a4c63200d1a4ea748656056c90f09' ]
	Associate the encrypted txnID with the encrypted txn key and serialize the association into a view msg with the key h9dqx4j
	Upload the encoded to a dedicated view_storage contract in the blockchain, appending to the view name. 
View warehouse1 is appended with txns [ae6032037cf9fc08dc83fdcde441da57100a4c63200d1a4ea748656056c90f09]. 
	Append view warehouse1 with txn IDs [ 'ae6032037cf9fc08dc83fdcde441da57100a4c63200d1a4ea748656056c90f09' ]
	Associate the encrypted txnID with the encrypted txn key and serialize the association into a view msg with the key s7tt9xc
	Upload the encoded to a dedicated view_storage contract in the blockchain, appending to the view name. 
View delivery1 is appended with txns [ae6032037cf9fc08dc83fdcde441da57100a4c63200d1a4ea748656056c90f09]. 
	Append view delivery1 with txn IDs [ 'ae6032037cf9fc08dc83fdcde441da57100a4c63200d1a4ea748656056c90f09' ]
	Associate the encrypted txnID with the encrypted txn key and serialize the association into a view msg with the key pth6hjb
	Upload the encoded to a dedicated view_storage contract in the blockchain, appending to the view name. 
View warehouse2 is appended with txns [e4d0b1156903856b95f214f44983f8fb65241c03b3a2655bbf44d64276439910,ac7d68ed498c3d3a27bbc05c07e83af82518915d0e0a3f2ec8dd1e152cdfd239,ae6032037cf9fc08dc83fdcde441da57100a4c63200d1a4ea748656056c90f09]. 
	Append view warehouse2 with txn IDs [
  'e4d0b1156903856b95f214f44983f8fb65241c03b3a2655bbf44d64276439910',
  'ac7d68ed498c3d3a27bbc05c07e83af82518915d0e0a3f2ec8dd1e152cdfd239',
  'ae6032037cf9fc08dc83fdcde441da57100a4c63200d1a4ea748656056c90f09'
]
	Associate the encrypted txnID with the encrypted txn key and serialize the association into a view msg with the key 4l5xujp
	Upload the encoded to a dedicated view_storage contract in the blockchain, appending to the view name. 
===============================================
A view owner prepares Txn 4(tid) to invoke Contract secretcontract with confidential part SECRET_PAYLOAD
	Generate a random key yuck6g for this txn
	Use the key to encode the confidential part SECRET_PAYLOAD into yMtRPzpIS8KlQV9DKbA/ZQ==
	Send a txn 502aac698bef0cebe1231e811ba585164e80bb2107f9fca8762171b67ee18eaa to invoke secretcontract with the encoded as the secret part yMtRPzpIS8KlQV9DKbA/ZQ==. 
View manufacturer1 is appended with txns [502aac698bef0cebe1231e811ba585164e80bb2107f9fca8762171b67ee18eaa]. 
	Append view manufacturer1 with txn IDs [ '502aac698bef0cebe1231e811ba585164e80bb2107f9fca8762171b67ee18eaa' ]
	Associate the encrypted txnID with the encrypted txn key and serialize the association into a view msg with the key h9dqx4j
	Upload the encoded to a dedicated view_storage contract in the blockchain, appending to the view name. 
View warehouse1 is appended with txns [502aac698bef0cebe1231e811ba585164e80bb2107f9fca8762171b67ee18eaa]. 
	Append view warehouse1 with txn IDs [ '502aac698bef0cebe1231e811ba585164e80bb2107f9fca8762171b67ee18eaa' ]
	Associate the encrypted txnID with the encrypted txn key and serialize the association into a view msg with the key s7tt9xc
	Upload the encoded to a dedicated view_storage contract in the blockchain, appending to the view name. 
===============================================
A view owner prepares Txn 5(tid) to invoke Contract secretcontract with confidential part SECRET_PAYLOAD
	Generate a random key 2cq7vlb for this txn
	Use the key to encode the confidential part SECRET_PAYLOAD into eBUT2DI0z+efLnhrIVVJnQ==
	Send a txn b5b3f608b1a2c2366c3065730a7fbb8605a8aea39d8a776ae7e23a782c4f6903 to invoke secretcontract with the encoded as the secret part eBUT2DI0z+efLnhrIVVJnQ==. 
View manufacturer1 is appended with txns [b5b3f608b1a2c2366c3065730a7fbb8605a8aea39d8a776ae7e23a782c4f6903]. 
	Append view manufacturer1 with txn IDs [ 'b5b3f608b1a2c2366c3065730a7fbb8605a8aea39d8a776ae7e23a782c4f6903' ]
	Associate the encrypted txnID with the encrypted txn key and serialize the association into a view msg with the key h9dqx4j
	Upload the encoded to a dedicated view_storage contract in the blockchain, appending to the view name. 
View warehouse1 is appended with txns [b5b3f608b1a2c2366c3065730a7fbb8605a8aea39d8a776ae7e23a782c4f6903]. 
	Append view warehouse1 with txn IDs [ 'b5b3f608b1a2c2366c3065730a7fbb8605a8aea39d8a776ae7e23a782c4f6903' ]
	Associate the encrypted txnID with the encrypted txn key and serialize the association into a view msg with the key s7tt9xc
	Upload the encoded to a dedicated view_storage contract in the blockchain, appending to the view name. 
View delivery1 is appended with txns [b5b3f608b1a2c2366c3065730a7fbb8605a8aea39d8a776ae7e23a782c4f6903]. 
	Append view delivery1 with txn IDs [ 'b5b3f608b1a2c2366c3065730a7fbb8605a8aea39d8a776ae7e23a782c4f6903' ]
	Associate the encrypted txnID with the encrypted txn key and serialize the association into a view msg with the key pth6hjb
	Upload the encoded to a dedicated view_storage contract in the blockchain, appending to the view name. 
View warehouse2 is appended with txns [b5b3f608b1a2c2366c3065730a7fbb8605a8aea39d8a776ae7e23a782c4f6903]. 
	Append view warehouse2 with txn IDs [ 'b5b3f608b1a2c2366c3065730a7fbb8605a8aea39d8a776ae7e23a782c4f6903' ]
	Associate the encrypted txnID with the encrypted txn key and serialize the association into a view msg with the key 4l5xujp
	Upload the encoded to a dedicated view_storage contract in the blockchain, appending to the view name. 
View shop1 is appended with txns [e4d0b1156903856b95f214f44983f8fb65241c03b3a2655bbf44d64276439910,ac7d68ed498c3d3a27bbc05c07e83af82518915d0e0a3f2ec8dd1e152cdfd239,ae6032037cf9fc08dc83fdcde441da57100a4c63200d1a4ea748656056c90f09,b5b3f608b1a2c2366c3065730a7fbb8605a8aea39d8a776ae7e23a782c4f6903]. 
	Append view shop1 with txn IDs [
  'e4d0b1156903856b95f214f44983f8fb65241c03b3a2655bbf44d64276439910',
  'ac7d68ed498c3d3a27bbc05c07e83af82518915d0e0a3f2ec8dd1e152cdfd239',
  'ae6032037cf9fc08dc83fdcde441da57100a4c63200d1a4ea748656056c90f09',
  'b5b3f608b1a2c2366c3065730a7fbb8605a8aea39d8a776ae7e23a782c4f6903'
]
	Associate the encrypted txnID with the encrypted txn key and serialize the association into a view msg with the key 4f6bpdk
	Upload the encoded to a dedicated view_storage contract in the blockchain, appending to the view name. 
===============================================
A view owner prepares Txn 6(tid) to invoke Contract secretcontract with confidential part SECRET_PAYLOAD
	Generate a random key ai82t5 for this txn
	Use the key to encode the confidential part SECRET_PAYLOAD into dT/Y9t3i9c1IIFBxZwrwTg==
	Send a txn c0136f0d293ba4e78ef24600729b433d722cae0f77790b429cc25d59679207c0 to invoke secretcontract with the encoded as the secret part dT/Y9t3i9c1IIFBxZwrwTg==. 
View manufacturer1 is appended with txns [c0136f0d293ba4e78ef24600729b433d722cae0f77790b429cc25d59679207c0]. 
	Append view manufacturer1 with txn IDs [ 'c0136f0d293ba4e78ef24600729b433d722cae0f77790b429cc25d59679207c0' ]
	Associate the encrypted txnID with the encrypted txn key and serialize the association into a view msg with the key h9dqx4j
	Upload the encoded to a dedicated view_storage contract in the blockchain, appending to the view name. 
View warehouse1 is appended with txns [c0136f0d293ba4e78ef24600729b433d722cae0f77790b429cc25d59679207c0]. 
	Append view warehouse1 with txn IDs [ 'c0136f0d293ba4e78ef24600729b433d722cae0f77790b429cc25d59679207c0' ]
	Associate the encrypted txnID with the encrypted txn key and serialize the association into a view msg with the key s7tt9xc
	Upload the encoded to a dedicated view_storage contract in the blockchain, appending to the view name. 
===============================================
A view owner prepares Txn 7(tid) to invoke Contract secretcontract with confidential part SECRET_PAYLOAD
	Generate a random key cp5o8gl for this txn
	Use the key to encode the confidential part SECRET_PAYLOAD into YHCdWmmk3FbuR3/k6wIpjA==
	Send a txn 1d4626aef1f098bd80b7aecd0d151e1d2cc4f62ed12ee1de9a7e6ad1ada24386 to invoke secretcontract with the encoded as the secret part YHCdWmmk3FbuR3/k6wIpjA==. 
View manufacturer2 is appended with txns [1d4626aef1f098bd80b7aecd0d151e1d2cc4f62ed12ee1de9a7e6ad1ada24386]. 
	Append view manufacturer2 with txn IDs [ '1d4626aef1f098bd80b7aecd0d151e1d2cc4f62ed12ee1de9a7e6ad1ada24386' ]
	Associate the encrypted txnID with the encrypted txn key and serialize the association into a view msg with the key uwj9qz6
	Upload the encoded to a dedicated view_storage contract in the blockchain, appending to the view name. 
View warehouse1 is appended with txns [1d4626aef1f098bd80b7aecd0d151e1d2cc4f62ed12ee1de9a7e6ad1ada24386]. 
	Append view warehouse1 with txn IDs [ '1d4626aef1f098bd80b7aecd0d151e1d2cc4f62ed12ee1de9a7e6ad1ada24386' ]
	Associate the encrypted txnID with the encrypted txn key and serialize the association into a view msg with the key s7tt9xc
	Upload the encoded to a dedicated view_storage contract in the blockchain, appending to the view name. 
===============================================
A view owner prepares Txn 8(tid) to invoke Contract secretcontract with confidential part SECRET_PAYLOAD
	Generate a random key c3qve3 for this txn
	Use the key to encode the confidential part SECRET_PAYLOAD into qZRERv/p9Myf/132HB7h4w==
	Send a txn bb16096d0ed4e00c6256279e4ab06d6356f92fbd353ca1ca24f61bef600d32d2 to invoke secretcontract with the encoded as the secret part qZRERv/p9Myf/132HB7h4w==. 
View manufacturer1 is appended with txns [bb16096d0ed4e00c6256279e4ab06d6356f92fbd353ca1ca24f61bef600d32d2]. 
	Append view manufacturer1 with txn IDs [ 'bb16096d0ed4e00c6256279e4ab06d6356f92fbd353ca1ca24f61bef600d32d2' ]
	Associate the encrypted txnID with the encrypted txn key and serialize the association into a view msg with the key h9dqx4j
	Upload the encoded to a dedicated view_storage contract in the blockchain, appending to the view name. 
View warehouse1 is appended with txns [bb16096d0ed4e00c6256279e4ab06d6356f92fbd353ca1ca24f61bef600d32d2]. 
	Append view warehouse1 with txn IDs [ 'bb16096d0ed4e00c6256279e4ab06d6356f92fbd353ca1ca24f61bef600d32d2' ]
	Associate the encrypted txnID with the encrypted txn key and serialize the association into a view msg with the key s7tt9xc
	Upload the encoded to a dedicated view_storage contract in the blockchain, appending to the view name. 
View delivery1 is appended with txns [502aac698bef0cebe1231e811ba585164e80bb2107f9fca8762171b67ee18eaa,bb16096d0ed4e00c6256279e4ab06d6356f92fbd353ca1ca24f61bef600d32d2]. 
	Append view delivery1 with txn IDs [
  '502aac698bef0cebe1231e811ba585164e80bb2107f9fca8762171b67ee18eaa',
  'bb16096d0ed4e00c6256279e4ab06d6356f92fbd353ca1ca24f61bef600d32d2'
]
	Associate the encrypted txnID with the encrypted txn key and serialize the association into a view msg with the key pth6hjb
	Upload the encoded to a dedicated view_storage contract in the blockchain, appending to the view name. 
===============================================
A view owner prepares Txn 9(tid) to invoke Contract secretcontract with confidential part SECRET_PAYLOAD
	Generate a random key go4vtrd for this txn
	Use the key to encode the confidential part SECRET_PAYLOAD into ZE3eQtI/JY90k/KHEQ6L4w==
	Send a txn 2827a073c076719c2300f580e5645837421805932ca2a423e5224fae4353100b to invoke secretcontract with the encoded as the secret part ZE3eQtI/JY90k/KHEQ6L4w==. 
View manufacturer1 is appended with txns [2827a073c076719c2300f580e5645837421805932ca2a423e5224fae4353100b]. 
	Append view manufacturer1 with txn IDs [ '2827a073c076719c2300f580e5645837421805932ca2a423e5224fae4353100b' ]
	Associate the encrypted txnID with the encrypted txn key and serialize the association into a view msg with the key h9dqx4j
	Upload the encoded to a dedicated view_storage contract in the blockchain, appending to the view name. 
View warehouse1 is appended with txns [2827a073c076719c2300f580e5645837421805932ca2a423e5224fae4353100b]. 
	Append view warehouse1 with txn IDs [ '2827a073c076719c2300f580e5645837421805932ca2a423e5224fae4353100b' ]
	Associate the encrypted txnID with the encrypted txn key and serialize the association into a view msg with the key s7tt9xc
	Upload the encoded to a dedicated view_storage contract in the blockchain, appending to the view name. 
View delivery1 is appended with txns [c0136f0d293ba4e78ef24600729b433d722cae0f77790b429cc25d59679207c0,2827a073c076719c2300f580e5645837421805932ca2a423e5224fae4353100b]. 
	Append view delivery1 with txn IDs [
  'c0136f0d293ba4e78ef24600729b433d722cae0f77790b429cc25d59679207c0',
  '2827a073c076719c2300f580e5645837421805932ca2a423e5224fae4353100b'
]
	Associate the encrypted txnID with the encrypted txn key and serialize the association into a view msg with the key pth6hjb
	Upload the encoded to a dedicated view_storage contract in the blockchain, appending to the view name. 
===============================================
A view owner prepares Txn 10(tid) to invoke Contract secretcontract with confidential part SECRET_PAYLOAD
	Generate a random key 8z9sfq for this txn
	Use the key to encode the confidential part SECRET_PAYLOAD into 3zPEuqoLLrEnNR7QpmZdZQ==
	Send a txn 4d7e8ba4e4aafea22613e32587e567f4b94809458957fe167e8c867e307f9aa0 to invoke secretcontract with the encoded as the secret part 3zPEuqoLLrEnNR7QpmZdZQ==. 
View manufacturer1 is appended with txns [4d7e8ba4e4aafea22613e32587e567f4b94809458957fe167e8c867e307f9aa0]. 
	Append view manufacturer1 with txn IDs [ '4d7e8ba4e4aafea22613e32587e567f4b94809458957fe167e8c867e307f9aa0' ]
	Associate the encrypted txnID with the encrypted txn key and serialize the association into a view msg with the key h9dqx4j
	Upload the encoded to a dedicated view_storage contract in the blockchain, appending to the view name. 
View warehouse1 is appended with txns [4d7e8ba4e4aafea22613e32587e567f4b94809458957fe167e8c867e307f9aa0]. 
	Append view warehouse1 with txn IDs [ '4d7e8ba4e4aafea22613e32587e567f4b94809458957fe167e8c867e307f9aa0' ]
	Associate the encrypted txnID with the encrypted txn key and serialize the association into a view msg with the key s7tt9xc
	Upload the encoded to a dedicated view_storage contract in the blockchain, appending to the view name. 
===============================================
A view owner prepares Txn 11(tid) to invoke Contract secretcontract with confidential part SECRET_PAYLOAD
	Generate a random key r5nq7lp for this txn
	Use the key to encode the confidential part SECRET_PAYLOAD into eGHqYzpzHdWsLJutQJl5bg==
	Send a txn 87cd6e5229cd44f89f2444afd4cb89a8c3dee70da98533cef4becd54663ef248 to invoke secretcontract with the encoded as the secret part eGHqYzpzHdWsLJutQJl5bg==. 
View manufacturer1 is appended with txns [87cd6e5229cd44f89f2444afd4cb89a8c3dee70da98533cef4becd54663ef248]. 
	Append view manufacturer1 with txn IDs [ '87cd6e5229cd44f89f2444afd4cb89a8c3dee70da98533cef4becd54663ef248' ]
	Associate the encrypted txnID with the encrypted txn key and serialize the association into a view msg with the key h9dqx4j
	Upload the encoded to a dedicated view_storage contract in the blockchain, appending to the view name. 
View warehouse1 is appended with txns [87cd6e5229cd44f89f2444afd4cb89a8c3dee70da98533cef4becd54663ef248]. 
	Append view warehouse1 with txn IDs [ '87cd6e5229cd44f89f2444afd4cb89a8c3dee70da98533cef4becd54663ef248' ]
	Associate the encrypted txnID with the encrypted txn key and serialize the association into a view msg with the key s7tt9xc
	Upload the encoded to a dedicated view_storage contract in the blockchain, appending to the view name. 
View delivery1 is appended with txns [87cd6e5229cd44f89f2444afd4cb89a8c3dee70da98533cef4becd54663ef248]. 
	Append view delivery1 with txn IDs [ '87cd6e5229cd44f89f2444afd4cb89a8c3dee70da98533cef4becd54663ef248' ]
	Associate the encrypted txnID with the encrypted txn key and serialize the association into a view msg with the key pth6hjb
	Upload the encoded to a dedicated view_storage contract in the blockchain, appending to the view name. 
View warehouse2 is appended with txns [502aac698bef0cebe1231e811ba585164e80bb2107f9fca8762171b67ee18eaa,bb16096d0ed4e00c6256279e4ab06d6356f92fbd353ca1ca24f61bef600d32d2,87cd6e5229cd44f89f2444afd4cb89a8c3dee70da98533cef4becd54663ef248]. 
	Append view warehouse2 with txn IDs [
  '502aac698bef0cebe1231e811ba585164e80bb2107f9fca8762171b67ee18eaa',
  'bb16096d0ed4e00c6256279e4ab06d6356f92fbd353ca1ca24f61bef600d32d2',
  '87cd6e5229cd44f89f2444afd4cb89a8c3dee70da98533cef4becd54663ef248'
]
	Associate the encrypted txnID with the encrypted txn key and serialize the association into a view msg with the key 4l5xujp
	Upload the encoded to a dedicated view_storage contract in the blockchain, appending to the view name. 
===============================================
A view owner prepares Txn 12(tid) to invoke Contract secretcontract with confidential part SECRET_PAYLOAD
	Generate a random key 2yolr14 for this txn
	Use the key to encode the confidential part SECRET_PAYLOAD into EutiGESRoGzItC/91d3iIQ==
	Send a txn 4a6aaea01a19bba154bdb6a8dc8803e17d879a79f278339ed18c8f19703126da to invoke secretcontract with the encoded as the secret part EutiGESRoGzItC/91d3iIQ==. 
View manufacturer1 is appended with txns [4a6aaea01a19bba154bdb6a8dc8803e17d879a79f278339ed18c8f19703126da]. 
	Append view manufacturer1 with txn IDs [ '4a6aaea01a19bba154bdb6a8dc8803e17d879a79f278339ed18c8f19703126da' ]
	Associate the encrypted txnID with the encrypted txn key and serialize the association into a view msg with the key h9dqx4j
	Upload the encoded to a dedicated view_storage contract in the blockchain, appending to the view name. 
View warehouse1 is appended with txns [4a6aaea01a19bba154bdb6a8dc8803e17d879a79f278339ed18c8f19703126da]. 
	Append view warehouse1 with txn IDs [ '4a6aaea01a19bba154bdb6a8dc8803e17d879a79f278339ed18c8f19703126da' ]
	Associate the encrypted txnID with the encrypted txn key and serialize the association into a view msg with the key s7tt9xc
	Upload the encoded to a dedicated view_storage contract in the blockchain, appending to the view name. 
===============================================
A view owner prepares Txn 13(tid) to invoke Contract secretcontract with confidential part SECRET_PAYLOAD
	Generate a random key wrdkxgl for this txn
	Use the key to encode the confidential part SECRET_PAYLOAD into 0LNhVFkJN6zvRwLErlQCkA==
	Send a txn 56e575f62d8ece8af9b7d31280b9004183ccaea82eeca83b154abbf4626d727b to invoke secretcontract with the encoded as the secret part 0LNhVFkJN6zvRwLErlQCkA==. 
View manufacturer1 is appended with txns [56e575f62d8ece8af9b7d31280b9004183ccaea82eeca83b154abbf4626d727b]. 
	Append view manufacturer1 with txn IDs [ '56e575f62d8ece8af9b7d31280b9004183ccaea82eeca83b154abbf4626d727b' ]
	Associate the encrypted txnID with the encrypted txn key and serialize the association into a view msg with the key h9dqx4j
	Upload the encoded to a dedicated view_storage contract in the blockchain, appending to the view name. 
View warehouse1 is appended with txns [56e575f62d8ece8af9b7d31280b9004183ccaea82eeca83b154abbf4626d727b]. 
	Append view warehouse1 with txn IDs [ '56e575f62d8ece8af9b7d31280b9004183ccaea82eeca83b154abbf4626d727b' ]
	Associate the encrypted txnID with the encrypted txn key and serialize the association into a view msg with the key s7tt9xc
	Upload the encoded to a dedicated view_storage contract in the blockchain, appending to the view name. 
View delivery1 is appended with txns [56e575f62d8ece8af9b7d31280b9004183ccaea82eeca83b154abbf4626d727b]. 
	Append view delivery1 with txn IDs [ '56e575f62d8ece8af9b7d31280b9004183ccaea82eeca83b154abbf4626d727b' ]
	Associate the encrypted txnID with the encrypted txn key and serialize the association into a view msg with the key pth6hjb
	Upload the encoded to a dedicated view_storage contract in the blockchain, appending to the view name. 
View warehouse2 is appended with txns [c0136f0d293ba4e78ef24600729b433d722cae0f77790b429cc25d59679207c0,2827a073c076719c2300f580e5645837421805932ca2a423e5224fae4353100b,56e575f62d8ece8af9b7d31280b9004183ccaea82eeca83b154abbf4626d727b]. 
	Append view warehouse2 with txn IDs [
  'c0136f0d293ba4e78ef24600729b433d722cae0f77790b429cc25d59679207c0',
  '2827a073c076719c2300f580e5645837421805932ca2a423e5224fae4353100b',
  '56e575f62d8ece8af9b7d31280b9004183ccaea82eeca83b154abbf4626d727b'
]
	Associate the encrypted txnID with the encrypted txn key and serialize the association into a view msg with the key 4l5xujp
	Upload the encoded to a dedicated view_storage contract in the blockchain, appending to the view name. 
===============================================
A view owner prepares Txn 14(tid) to invoke Contract secretcontract with confidential part SECRET_PAYLOAD
	Generate a random key mpdk3uf for this txn
	Use the key to encode the confidential part SECRET_PAYLOAD into Lf0OzX7j6IHEbg1J6QCcKw==
	Send a txn 12dae6d723b7c172eedd2452e6f9b00189e8985d3964989e0c39a76d8d72efa6 to invoke secretcontract with the encoded as the secret part Lf0OzX7j6IHEbg1J6QCcKw==. 
View manufacturer1 is appended with txns [12dae6d723b7c172eedd2452e6f9b00189e8985d3964989e0c39a76d8d72efa6]. 
	Append view manufacturer1 with txn IDs [ '12dae6d723b7c172eedd2452e6f9b00189e8985d3964989e0c39a76d8d72efa6' ]
	Associate the encrypted txnID with the encrypted txn key and serialize the association into a view msg with the key h9dqx4j
	Upload the encoded to a dedicated view_storage contract in the blockchain, appending to the view name. 
View warehouse1 is appended with txns [12dae6d723b7c172eedd2452e6f9b00189e8985d3964989e0c39a76d8d72efa6]. 
	Append view warehouse1 with txn IDs [ '12dae6d723b7c172eedd2452e6f9b00189e8985d3964989e0c39a76d8d72efa6' ]
	Associate the encrypted txnID with the encrypted txn key and serialize the association into a view msg with the key s7tt9xc
	Upload the encoded to a dedicated view_storage contract in the blockchain, appending to the view name. 
View delivery2 is appended with txns [4a6aaea01a19bba154bdb6a8dc8803e17d879a79f278339ed18c8f19703126da,12dae6d723b7c172eedd2452e6f9b00189e8985d3964989e0c39a76d8d72efa6]. 
	Append view delivery2 with txn IDs [
  '4a6aaea01a19bba154bdb6a8dc8803e17d879a79f278339ed18c8f19703126da',
  '12dae6d723b7c172eedd2452e6f9b00189e8985d3964989e0c39a76d8d72efa6'
]
	Associate the encrypted txnID with the encrypted txn key and serialize the association into a view msg with the key ud8iex5
	Upload the encoded to a dedicated view_storage contract in the blockchain, appending to the view name. 
===============================================
A view owner prepares Txn 15(tid) to invoke Contract secretcontract with confidential part SECRET_PAYLOAD
	Generate a random key o4ttws9 for this txn
	Use the key to encode the confidential part SECRET_PAYLOAD into NeypfzsTcd1OCkfDBNF/ew==
	Send a txn 115ea6d39a1cebe2544bd36ffbfbb8ea5dfd2f87c552f082ac97e72b77220a6e to invoke secretcontract with the encoded as the secret part NeypfzsTcd1OCkfDBNF/ew==. 
View manufacturer1 is appended with txns [115ea6d39a1cebe2544bd36ffbfbb8ea5dfd2f87c552f082ac97e72b77220a6e]. 
	Append view manufacturer1 with txn IDs [ '115ea6d39a1cebe2544bd36ffbfbb8ea5dfd2f87c552f082ac97e72b77220a6e' ]
	Associate the encrypted txnID with the encrypted txn key and serialize the association into a view msg with the key h9dqx4j
	Upload the encoded to a dedicated view_storage contract in the blockchain, appending to the view name. 
View warehouse1 is appended with txns [115ea6d39a1cebe2544bd36ffbfbb8ea5dfd2f87c552f082ac97e72b77220a6e]. 
	Append view warehouse1 with txn IDs [ '115ea6d39a1cebe2544bd36ffbfbb8ea5dfd2f87c552f082ac97e72b77220a6e' ]
	Associate the encrypted txnID with the encrypted txn key and serialize the association into a view msg with the key s7tt9xc
	Upload the encoded to a dedicated view_storage contract in the blockchain, appending to the view name. 
View delivery1 is appended with txns [115ea6d39a1cebe2544bd36ffbfbb8ea5dfd2f87c552f082ac97e72b77220a6e]. 
	Append view delivery1 with txn IDs [ '115ea6d39a1cebe2544bd36ffbfbb8ea5dfd2f87c552f082ac97e72b77220a6e' ]
	Associate the encrypted txnID with the encrypted txn key and serialize the association into a view msg with the key pth6hjb
	Upload the encoded to a dedicated view_storage contract in the blockchain, appending to the view name. 
View warehouse2 is appended with txns [115ea6d39a1cebe2544bd36ffbfbb8ea5dfd2f87c552f082ac97e72b77220a6e]. 
	Append view warehouse2 with txn IDs [ '115ea6d39a1cebe2544bd36ffbfbb8ea5dfd2f87c552f082ac97e72b77220a6e' ]
	Associate the encrypted txnID with the encrypted txn key and serialize the association into a view msg with the key 4l5xujp
	Upload the encoded to a dedicated view_storage contract in the blockchain, appending to the view name. 
View shop5 is appended with txns [c0136f0d293ba4e78ef24600729b433d722cae0f77790b429cc25d59679207c0,2827a073c076719c2300f580e5645837421805932ca2a423e5224fae4353100b,56e575f62d8ece8af9b7d31280b9004183ccaea82eeca83b154abbf4626d727b,115ea6d39a1cebe2544bd36ffbfbb8ea5dfd2f87c552f082ac97e72b77220a6e]. 
	Append view shop5 with txn IDs [
  'c0136f0d293ba4e78ef24600729b433d722cae0f77790b429cc25d59679207c0',
  '2827a073c076719c2300f580e5645837421805932ca2a423e5224fae4353100b',
  '56e575f62d8ece8af9b7d31280b9004183ccaea82eeca83b154abbf4626d727b',
  '115ea6d39a1cebe2544bd36ffbfbb8ea5dfd2f87c552f082ac97e72b77220a6e'
]
	Associate the encrypted txnID with the encrypted txn key and serialize the association into a view msg with the key 6sgws0l
	Upload the encoded to a dedicated view_storage contract in the blockchain, appending to the view name. 
===============================================
A view owner prepares Txn 16(tid) to invoke Contract secretcontract with confidential part SECRET_PAYLOAD
	Generate a random key 3g7cnjp for this txn
	Use the key to encode the confidential part SECRET_PAYLOAD into vdq6dx1rLTmgBjR27bzQIQ==
	Send a txn 931e417e8a8e875e4802bd20bacb5a174d98e4041eaae6a0c3c2bd116507e1bb to invoke secretcontract with the encoded as the secret part vdq6dx1rLTmgBjR27bzQIQ==. 
View manufacturer1 is appended with txns [931e417e8a8e875e4802bd20bacb5a174d98e4041eaae6a0c3c2bd116507e1bb]. 
	Append view manufacturer1 with txn IDs [ '931e417e8a8e875e4802bd20bacb5a174d98e4041eaae6a0c3c2bd116507e1bb' ]
	Associate the encrypted txnID with the encrypted txn key and serialize the association into a view msg with the key h9dqx4j
	Upload the encoded to a dedicated view_storage contract in the blockchain, appending to the view name. 
View warehouse1 is appended with txns [931e417e8a8e875e4802bd20bacb5a174d98e4041eaae6a0c3c2bd116507e1bb]. 
	Append view warehouse1 with txn IDs [ '931e417e8a8e875e4802bd20bacb5a174d98e4041eaae6a0c3c2bd116507e1bb' ]
	Associate the encrypted txnID with the encrypted txn key and serialize the association into a view msg with the key s7tt9xc
	Upload the encoded to a dedicated view_storage contract in the blockchain, appending to the view name. 
===============================================
A view owner prepares Txn 17(tid) to invoke Contract secretcontract with confidential part SECRET_PAYLOAD
	Generate a random key 4tvv4og for this txn
	Use the key to encode the confidential part SECRET_PAYLOAD into 4seBDMTSYchtU+Gw+e2TMQ==
	Send a txn 5b859c4d9dcc41c741b8df1f29e31d9acd45a3235aceaaa62cc283b5c9def633 to invoke secretcontract with the encoded as the secret part 4seBDMTSYchtU+Gw+e2TMQ==. 
View manufacturer1 is appended with txns [5b859c4d9dcc41c741b8df1f29e31d9acd45a3235aceaaa62cc283b5c9def633]. 
	Append view manufacturer1 with txn IDs [ '5b859c4d9dcc41c741b8df1f29e31d9acd45a3235aceaaa62cc283b5c9def633' ]
	Associate the encrypted txnID with the encrypted txn key and serialize the association into a view msg with the key h9dqx4j
	Upload the encoded to a dedicated view_storage contract in the blockchain, appending to the view name. 
View warehouse1 is appended with txns [5b859c4d9dcc41c741b8df1f29e31d9acd45a3235aceaaa62cc283b5c9def633]. 
	Append view warehouse1 with txn IDs [ '5b859c4d9dcc41c741b8df1f29e31d9acd45a3235aceaaa62cc283b5c9def633' ]
	Associate the encrypted txnID with the encrypted txn key and serialize the association into a view msg with the key s7tt9xc
	Upload the encoded to a dedicated view_storage contract in the blockchain, appending to the view name. 
View delivery1 is appended with txns [5b859c4d9dcc41c741b8df1f29e31d9acd45a3235aceaaa62cc283b5c9def633]. 
	Append view delivery1 with txn IDs [ '5b859c4d9dcc41c741b8df1f29e31d9acd45a3235aceaaa62cc283b5c9def633' ]
	Associate the encrypted txnID with the encrypted txn key and serialize the association into a view msg with the key pth6hjb
	Upload the encoded to a dedicated view_storage contract in the blockchain, appending to the view name. 
View warehouse2 is appended with txns [5b859c4d9dcc41c741b8df1f29e31d9acd45a3235aceaaa62cc283b5c9def633]. 
	Append view warehouse2 with txn IDs [ '5b859c4d9dcc41c741b8df1f29e31d9acd45a3235aceaaa62cc283b5c9def633' ]
	Associate the encrypted txnID with the encrypted txn key and serialize the association into a view msg with the key 4l5xujp
	Upload the encoded to a dedicated view_storage contract in the blockchain, appending to the view name. 
View shop2 is appended with txns [502aac698bef0cebe1231e811ba585164e80bb2107f9fca8762171b67ee18eaa,bb16096d0ed4e00c6256279e4ab06d6356f92fbd353ca1ca24f61bef600d32d2,87cd6e5229cd44f89f2444afd4cb89a8c3dee70da98533cef4becd54663ef248,5b859c4d9dcc41c741b8df1f29e31d9acd45a3235aceaaa62cc283b5c9def633]. 
	Append view shop2 with txn IDs [
  '502aac698bef0cebe1231e811ba585164e80bb2107f9fca8762171b67ee18eaa',
  'bb16096d0ed4e00c6256279e4ab06d6356f92fbd353ca1ca24f61bef600d32d2',
  '87cd6e5229cd44f89f2444afd4cb89a8c3dee70da98533cef4becd54663ef248',
  '5b859c4d9dcc41c741b8df1f29e31d9acd45a3235aceaaa62cc283b5c9def633'
]
	Associate the encrypted txnID with the encrypted txn key and serialize the association into a view msg with the key 2wvdv1i
	Upload the encoded to a dedicated view_storage contract in the blockchain, appending to the view name. 
===============================================
A view owner prepares Txn 18(tid) to invoke Contract secretcontract with confidential part SECRET_PAYLOAD
	Generate a random key 3bbdv8j for this txn
	Use the key to encode the confidential part SECRET_PAYLOAD into Z5adaaF3g7kCy/7S5T5RmA==
	Send a txn ac6aedbd73cbc792f812e09e41f977a19712721fc0c40a53f2181ca0d2bf4e9c to invoke secretcontract with the encoded as the secret part Z5adaaF3g7kCy/7S5T5RmA==. 
View manufacturer1 is appended with txns [ac6aedbd73cbc792f812e09e41f977a19712721fc0c40a53f2181ca0d2bf4e9c]. 
	Append view manufacturer1 with txn IDs [ 'ac6aedbd73cbc792f812e09e41f977a19712721fc0c40a53f2181ca0d2bf4e9c' ]
	Associate the encrypted txnID with the encrypted txn key and serialize the association into a view msg with the key h9dqx4j
	Upload the encoded to a dedicated view_storage contract in the blockchain, appending to the view name. 
View warehouse1 is appended with txns [ac6aedbd73cbc792f812e09e41f977a19712721fc0c40a53f2181ca0d2bf4e9c]. 
	Append view warehouse1 with txn IDs [ 'ac6aedbd73cbc792f812e09e41f977a19712721fc0c40a53f2181ca0d2bf4e9c' ]
	Associate the encrypted txnID with the encrypted txn key and serialize the association into a view msg with the key s7tt9xc
	Upload the encoded to a dedicated view_storage contract in the blockchain, appending to the view name. 
View delivery2 is appended with txns [ac6aedbd73cbc792f812e09e41f977a19712721fc0c40a53f2181ca0d2bf4e9c]. 
	Append view delivery2 with txn IDs [ 'ac6aedbd73cbc792f812e09e41f977a19712721fc0c40a53f2181ca0d2bf4e9c' ]
	Associate the encrypted txnID with the encrypted txn key and serialize the association into a view msg with the key ud8iex5
	Upload the encoded to a dedicated view_storage contract in the blockchain, appending to the view name. 
View warehouse3 is appended with txns [4a6aaea01a19bba154bdb6a8dc8803e17d879a79f278339ed18c8f19703126da,12dae6d723b7c172eedd2452e6f9b00189e8985d3964989e0c39a76d8d72efa6,ac6aedbd73cbc792f812e09e41f977a19712721fc0c40a53f2181ca0d2bf4e9c]. 
	Append view warehouse3 with txn IDs [
  '4a6aaea01a19bba154bdb6a8dc8803e17d879a79f278339ed18c8f19703126da',
  '12dae6d723b7c172eedd2452e6f9b00189e8985d3964989e0c39a76d8d72efa6',
  'ac6aedbd73cbc792f812e09e41f977a19712721fc0c40a53f2181ca0d2bf4e9c'
]
	Associate the encrypted txnID with the encrypted txn key and serialize the association into a view msg with the key 8zehj4t
	Upload the encoded to a dedicated view_storage contract in the blockchain, appending to the view name. 
===============================================
A view owner prepares Txn 19(tid) to invoke Contract secretcontract with confidential part SECRET_PAYLOAD
	Generate a random key lvdpsw4 for this txn
	Use the key to encode the confidential part SECRET_PAYLOAD into o8RLBYU8KfjfEWTzYy4CfQ==
	Send a txn e71b2d41ec4e8f984151d28e1beac67772fa8ac65113ddfcb0ed505f186d72d9 to invoke secretcontract with the encoded as the secret part o8RLBYU8KfjfEWTzYy4CfQ==. 
View manufacturer2 is appended with txns [e71b2d41ec4e8f984151d28e1beac67772fa8ac65113ddfcb0ed505f186d72d9]. 
	Append view manufacturer2 with txn IDs [ 'e71b2d41ec4e8f984151d28e1beac67772fa8ac65113ddfcb0ed505f186d72d9' ]
	Associate the encrypted txnID with the encrypted txn key and serialize the association into a view msg with the key uwj9qz6
	Upload the encoded to a dedicated view_storage contract in the blockchain, appending to the view name. 
View warehouse1 is appended with txns [e71b2d41ec4e8f984151d28e1beac67772fa8ac65113ddfcb0ed505f186d72d9]. 
	Append view warehouse1 with txn IDs [ 'e71b2d41ec4e8f984151d28e1beac67772fa8ac65113ddfcb0ed505f186d72d9' ]
	Associate the encrypted txnID with the encrypted txn key and serialize the association into a view msg with the key s7tt9xc
	Upload the encoded to a dedicated view_storage contract in the blockchain, appending to the view name. 
View delivery1 is appended with txns [1d4626aef1f098bd80b7aecd0d151e1d2cc4f62ed12ee1de9a7e6ad1ada24386,e71b2d41ec4e8f984151d28e1beac67772fa8ac65113ddfcb0ed505f186d72d9]. 
	Append view delivery1 with txn IDs [
  '1d4626aef1f098bd80b7aecd0d151e1d2cc4f62ed12ee1de9a7e6ad1ada24386',
  'e71b2d41ec4e8f984151d28e1beac67772fa8ac65113ddfcb0ed505f186d72d9'
]
	Associate the encrypted txnID with the encrypted txn key and serialize the association into a view msg with the key pth6hjb
	Upload the encoded to a dedicated view_storage contract in the blockchain, appending to the view name. 
===============================================
A view owner prepares Txn 20(tid) to invoke Contract secretcontract with confidential part SECRET_PAYLOAD
	Generate a random key p8sf5ue for this txn
	Use the key to encode the confidential part SECRET_PAYLOAD into nKC4ebp0WeHqBTDW/raYPg==
	Send a txn f6cd5175a16fb4612f8557e81325f407a8de1094af7a320b5f55ac8cfeeccc92 to invoke secretcontract with the encoded as the secret part nKC4ebp0WeHqBTDW/raYPg==. 
View manufacturer1 is appended with txns [f6cd5175a16fb4612f8557e81325f407a8de1094af7a320b5f55ac8cfeeccc92]. 
	Append view manufacturer1 with txn IDs [ 'f6cd5175a16fb4612f8557e81325f407a8de1094af7a320b5f55ac8cfeeccc92' ]
	Associate the encrypted txnID with the encrypted txn key and serialize the association into a view msg with the key h9dqx4j
	Upload the encoded to a dedicated view_storage contract in the blockchain, appending to the view name. 
View warehouse1 is appended with txns [f6cd5175a16fb4612f8557e81325f407a8de1094af7a320b5f55ac8cfeeccc92]. 
	Append view warehouse1 with txn IDs [ 'f6cd5175a16fb4612f8557e81325f407a8de1094af7a320b5f55ac8cfeeccc92' ]
	Associate the encrypted txnID with the encrypted txn key and serialize the association into a view msg with the key s7tt9xc
	Upload the encoded to a dedicated view_storage contract in the blockchain, appending to the view name. 
View delivery2 is appended with txns [f6cd5175a16fb4612f8557e81325f407a8de1094af7a320b5f55ac8cfeeccc92]. 
	Append view delivery2 with txn IDs [ 'f6cd5175a16fb4612f8557e81325f407a8de1094af7a320b5f55ac8cfeeccc92' ]
	Associate the encrypted txnID with the encrypted txn key and serialize the association into a view msg with the key ud8iex5
	Upload the encoded to a dedicated view_storage contract in the blockchain, appending to the view name. 
View warehouse3 is appended with txns [f6cd5175a16fb4612f8557e81325f407a8de1094af7a320b5f55ac8cfeeccc92]. 
	Append view warehouse3 with txn IDs [ 'f6cd5175a16fb4612f8557e81325f407a8de1094af7a320b5f55ac8cfeeccc92' ]
	Associate the encrypted txnID with the encrypted txn key and serialize the association into a view msg with the key 8zehj4t
	Upload the encoded to a dedicated view_storage contract in the blockchain, appending to the view name. 
View shop5 is appended with txns [4a6aaea01a19bba154bdb6a8dc8803e17d879a79f278339ed18c8f19703126da,12dae6d723b7c172eedd2452e6f9b00189e8985d3964989e0c39a76d8d72efa6,ac6aedbd73cbc792f812e09e41f977a19712721fc0c40a53f2181ca0d2bf4e9c,f6cd5175a16fb4612f8557e81325f407a8de1094af7a320b5f55ac8cfeeccc92]. 
	Append view shop5 with txn IDs [
  '4a6aaea01a19bba154bdb6a8dc8803e17d879a79f278339ed18c8f19703126da',
  '12dae6d723b7c172eedd2452e6f9b00189e8985d3964989e0c39a76d8d72efa6',
  'ac6aedbd73cbc792f812e09e41f977a19712721fc0c40a53f2181ca0d2bf4e9c',
  'f6cd5175a16fb4612f8557e81325f407a8de1094af7a320b5f55ac8cfeeccc92'
]
	Associate the encrypted txnID with the encrypted txn key and serialize the association into a view msg with the key 6sgws0l
	Upload the encoded to a dedicated view_storage contract in the blockchain, appending to the view name. 
===============================================
A view owner prepares Txn 21(tid) to invoke Contract secretcontract with confidential part SECRET_PAYLOAD
	Generate a random key d3pvnc2 for this txn
	Use the key to encode the confidential part SECRET_PAYLOAD into sjvX9dRe6Zg9W3NzJhwe4A==
	Send a txn 53965001c9505a8a1cbd5731b6af793d710fe9efaded8edb8b0ad88fe7e65e67 to invoke secretcontract with the encoded as the secret part sjvX9dRe6Zg9W3NzJhwe4A==. 
View manufacturer1 is appended with txns [53965001c9505a8a1cbd5731b6af793d710fe9efaded8edb8b0ad88fe7e65e67]. 
	Append view manufacturer1 with txn IDs [ '53965001c9505a8a1cbd5731b6af793d710fe9efaded8edb8b0ad88fe7e65e67' ]
	Associate the encrypted txnID with the encrypted txn key and serialize the association into a view msg with the key h9dqx4j
	Upload the encoded to a dedicated view_storage contract in the blockchain, appending to the view name. 
View warehouse1 is appended with txns [53965001c9505a8a1cbd5731b6af793d710fe9efaded8edb8b0ad88fe7e65e67]. 
	Append view warehouse1 with txn IDs [ '53965001c9505a8a1cbd5731b6af793d710fe9efaded8edb8b0ad88fe7e65e67' ]
	Associate the encrypted txnID with the encrypted txn key and serialize the association into a view msg with the key s7tt9xc
	Upload the encoded to a dedicated view_storage contract in the blockchain, appending to the view name. 
===============================================
A view owner prepares Txn 22(tid) to invoke Contract secretcontract with confidential part SECRET_PAYLOAD
	Generate a random key z3be22w for this txn
	Use the key to encode the confidential part SECRET_PAYLOAD into wEfG4DnT436yG9kryVrTkg==
	Send a txn 53ee01bd359fc51b36702e57fe1753209a1b73356cf7d9991c4c4388cc2c25ab to invoke secretcontract with the encoded as the secret part wEfG4DnT436yG9kryVrTkg==. 
View manufacturer1 is appended with txns [53ee01bd359fc51b36702e57fe1753209a1b73356cf7d9991c4c4388cc2c25ab]. 
	Append view manufacturer1 with txn IDs [ '53ee01bd359fc51b36702e57fe1753209a1b73356cf7d9991c4c4388cc2c25ab' ]
	Associate the encrypted txnID with the encrypted txn key and serialize the association into a view msg with the key h9dqx4j
	Upload the encoded to a dedicated view_storage contract in the blockchain, appending to the view name. 
View warehouse1 is appended with txns [53ee01bd359fc51b36702e57fe1753209a1b73356cf7d9991c4c4388cc2c25ab]. 
	Append view warehouse1 with txn IDs [ '53ee01bd359fc51b36702e57fe1753209a1b73356cf7d9991c4c4388cc2c25ab' ]
	Associate the encrypted txnID with the encrypted txn key and serialize the association into a view msg with the key s7tt9xc
	Upload the encoded to a dedicated view_storage contract in the blockchain, appending to the view name. 
View delivery2 is appended with txns [4d7e8ba4e4aafea22613e32587e567f4b94809458957fe167e8c867e307f9aa0,53ee01bd359fc51b36702e57fe1753209a1b73356cf7d9991c4c4388cc2c25ab]. 
	Append view delivery2 with txn IDs [
  '4d7e8ba4e4aafea22613e32587e567f4b94809458957fe167e8c867e307f9aa0',
  '53ee01bd359fc51b36702e57fe1753209a1b73356cf7d9991c4c4388cc2c25ab'
]
	Associate the encrypted txnID with the encrypted txn key and serialize the association into a view msg with the key ud8iex5
	Upload the encoded to a dedicated view_storage contract in the blockchain, appending to the view name. 
===============================================
A view owner prepares Txn 23(tid) to invoke Contract secretcontract with confidential part SECRET_PAYLOAD
	Generate a random key t5aq1hs for this txn
	Use the key to encode the confidential part SECRET_PAYLOAD into WLAna7ssrNOoJNCJHHqLXA==
	Send a txn 5a7473fd2ec319265607126cf1116f2585ba1d0fda2f13ce2a374a1bdd9a420e to invoke secretcontract with the encoded as the secret part WLAna7ssrNOoJNCJHHqLXA==. 
View manufacturer2 is appended with txns [5a7473fd2ec319265607126cf1116f2585ba1d0fda2f13ce2a374a1bdd9a420e]. 
	Append view manufacturer2 with txn IDs [ '5a7473fd2ec319265607126cf1116f2585ba1d0fda2f13ce2a374a1bdd9a420e' ]
	Associate the encrypted txnID with the encrypted txn key and serialize the association into a view msg with the key uwj9qz6
	Upload the encoded to a dedicated view_storage contract in the blockchain, appending to the view name. 
View warehouse1 is appended with txns [5a7473fd2ec319265607126cf1116f2585ba1d0fda2f13ce2a374a1bdd9a420e]. 
	Append view warehouse1 with txn IDs [ '5a7473fd2ec319265607126cf1116f2585ba1d0fda2f13ce2a374a1bdd9a420e' ]
	Associate the encrypted txnID with the encrypted txn key and serialize the association into a view msg with the key s7tt9xc
	Upload the encoded to a dedicated view_storage contract in the blockchain, appending to the view name. 
View delivery1 is appended with txns [5a7473fd2ec319265607126cf1116f2585ba1d0fda2f13ce2a374a1bdd9a420e]. 
	Append view delivery1 with txn IDs [ '5a7473fd2ec319265607126cf1116f2585ba1d0fda2f13ce2a374a1bdd9a420e' ]
	Associate the encrypted txnID with the encrypted txn key and serialize the association into a view msg with the key pth6hjb
	Upload the encoded to a dedicated view_storage contract in the blockchain, appending to the view name. 
View warehouse2 is appended with txns [1d4626aef1f098bd80b7aecd0d151e1d2cc4f62ed12ee1de9a7e6ad1ada24386,e71b2d41ec4e8f984151d28e1beac67772fa8ac65113ddfcb0ed505f186d72d9,5a7473fd2ec319265607126cf1116f2585ba1d0fda2f13ce2a374a1bdd9a420e]. 
	Append view warehouse2 with txn IDs [
  '1d4626aef1f098bd80b7aecd0d151e1d2cc4f62ed12ee1de9a7e6ad1ada24386',
  'e71b2d41ec4e8f984151d28e1beac67772fa8ac65113ddfcb0ed505f186d72d9',
  '5a7473fd2ec319265607126cf1116f2585ba1d0fda2f13ce2a374a1bdd9a420e'
]
	Associate the encrypted txnID with the encrypted txn key and serialize the association into a view msg with the key 4l5xujp
	Upload the encoded to a dedicated view_storage contract in the blockchain, appending to the view name. 
===============================================
A view owner prepares Txn 24(tid) to invoke Contract secretcontract with confidential part SECRET_PAYLOAD
	Generate a random key m2t5ef for this txn
	Use the key to encode the confidential part SECRET_PAYLOAD into dl6Iqbc+OFUNAZPp+Q18WA==
	Send a txn 491279c276481eabc29ba8f31e4905060f38fffc26dd8b70f8de9731ded402b4 to invoke secretcontract with the encoded as the secret part dl6Iqbc+OFUNAZPp+Q18WA==. 
View manufacturer1 is appended with txns [491279c276481eabc29ba8f31e4905060f38fffc26dd8b70f8de9731ded402b4]. 
	Append view manufacturer1 with txn IDs [ '491279c276481eabc29ba8f31e4905060f38fffc26dd8b70f8de9731ded402b4' ]
	Associate the encrypted txnID with the encrypted txn key and serialize the association into a view msg with the key h9dqx4j
	Upload the encoded to a dedicated view_storage contract in the blockchain, appending to the view name. 
View warehouse1 is appended with txns [491279c276481eabc29ba8f31e4905060f38fffc26dd8b70f8de9731ded402b4]. 
	Append view warehouse1 with txn IDs [ '491279c276481eabc29ba8f31e4905060f38fffc26dd8b70f8de9731ded402b4' ]
	Associate the encrypted txnID with the encrypted txn key and serialize the association into a view msg with the key s7tt9xc
	Upload the encoded to a dedicated view_storage contract in the blockchain, appending to the view name. 
View delivery2 is appended with txns [491279c276481eabc29ba8f31e4905060f38fffc26dd8b70f8de9731ded402b4]. 
	Append view delivery2 with txn IDs [ '491279c276481eabc29ba8f31e4905060f38fffc26dd8b70f8de9731ded402b4' ]
	Associate the encrypted txnID with the encrypted txn key and serialize the association into a view msg with the key ud8iex5
	Upload the encoded to a dedicated view_storage contract in the blockchain, appending to the view name. 
View warehouse3 is appended with txns [4d7e8ba4e4aafea22613e32587e567f4b94809458957fe167e8c867e307f9aa0,53ee01bd359fc51b36702e57fe1753209a1b73356cf7d9991c4c4388cc2c25ab,491279c276481eabc29ba8f31e4905060f38fffc26dd8b70f8de9731ded402b4]. 
	Append view warehouse3 with txn IDs [
  '4d7e8ba4e4aafea22613e32587e567f4b94809458957fe167e8c867e307f9aa0',
  '53ee01bd359fc51b36702e57fe1753209a1b73356cf7d9991c4c4388cc2c25ab',
  '491279c276481eabc29ba8f31e4905060f38fffc26dd8b70f8de9731ded402b4'
]
	Associate the encrypted txnID with the encrypted txn key and serialize the association into a view msg with the key 8zehj4t
	Upload the encoded to a dedicated view_storage contract in the blockchain, appending to the view name. 
===============================================
A view owner prepares Txn 25(tid) to invoke Contract secretcontract with confidential part SECRET_PAYLOAD
	Generate a random key ta8279 for this txn
	Use the key to encode the confidential part SECRET_PAYLOAD into mAjIQAqa96nUggva16hdow==
	Send a txn 588bac352510d962923929de50406adea0fe587ea2780c93b6b5a127446c1e37 to invoke secretcontract with the encoded as the secret part mAjIQAqa96nUggva16hdow==. 
View manufacturer1 is appended with txns [588bac352510d962923929de50406adea0fe587ea2780c93b6b5a127446c1e37]. 
	Append view manufacturer1 with txn IDs [ '588bac352510d962923929de50406adea0fe587ea2780c93b6b5a127446c1e37' ]
	Associate the encrypted txnID with the encrypted txn key and serialize the association into a view msg with the key h9dqx4j
	Upload the encoded to a dedicated view_storage contract in the blockchain, appending to the view name. 
View warehouse1 is appended with txns [588bac352510d962923929de50406adea0fe587ea2780c93b6b5a127446c1e37]. 
	Append view warehouse1 with txn IDs [ '588bac352510d962923929de50406adea0fe587ea2780c93b6b5a127446c1e37' ]
	Associate the encrypted txnID with the encrypted txn key and serialize the association into a view msg with the key s7tt9xc
	Upload the encoded to a dedicated view_storage contract in the blockchain, appending to the view name. 
View delivery2 is appended with txns [588bac352510d962923929de50406adea0fe587ea2780c93b6b5a127446c1e37]. 
	Append view delivery2 with txn IDs [ '588bac352510d962923929de50406adea0fe587ea2780c93b6b5a127446c1e37' ]
	Associate the encrypted txnID with the encrypted txn key and serialize the association into a view msg with the key ud8iex5
	Upload the encoded to a dedicated view_storage contract in the blockchain, appending to the view name. 
View warehouse3 is appended with txns [588bac352510d962923929de50406adea0fe587ea2780c93b6b5a127446c1e37]. 
	Append view warehouse3 with txn IDs [ '588bac352510d962923929de50406adea0fe587ea2780c93b6b5a127446c1e37' ]
	Associate the encrypted txnID with the encrypted txn key and serialize the association into a view msg with the key 8zehj4t
	Upload the encoded to a dedicated view_storage contract in the blockchain, appending to the view name. 
View shop7 is appended with txns [4d7e8ba4e4aafea22613e32587e567f4b94809458957fe167e8c867e307f9aa0,53ee01bd359fc51b36702e57fe1753209a1b73356cf7d9991c4c4388cc2c25ab,491279c276481eabc29ba8f31e4905060f38fffc26dd8b70f8de9731ded402b4,588bac352510d962923929de50406adea0fe587ea2780c93b6b5a127446c1e37]. 
	Append view shop7 with txn IDs [
  '4d7e8ba4e4aafea22613e32587e567f4b94809458957fe167e8c867e307f9aa0',
  '53ee01bd359fc51b36702e57fe1753209a1b73356cf7d9991c4c4388cc2c25ab',
  '491279c276481eabc29ba8f31e4905060f38fffc26dd8b70f8de9731ded402b4',
  '588bac352510d962923929de50406adea0fe587ea2780c93b6b5a127446c1e37'
]
	Associate the encrypted txnID with the encrypted txn key and serialize the association into a view msg with the key 2egs3um
	Upload the encoded to a dedicated view_storage contract in the blockchain, appending to the view name. 
===============================================
A view owner prepares Txn 26(tid) to invoke Contract secretcontract with confidential part SECRET_PAYLOAD
	Generate a random key 4142xu9 for this txn
	Use the key to encode the confidential part SECRET_PAYLOAD into BDgB48mQeC6Xyno7klJ5Fw==
	Send a txn a354490596ced7b527de5e112fcd2875c53d01cf7d7ccca343617966e2c5e66d to invoke secretcontract with the encoded as the secret part BDgB48mQeC6Xyno7klJ5Fw==. 
View manufacturer1 is appended with txns [a354490596ced7b527de5e112fcd2875c53d01cf7d7ccca343617966e2c5e66d]. 
	Append view manufacturer1 with txn IDs [ 'a354490596ced7b527de5e112fcd2875c53d01cf7d7ccca343617966e2c5e66d' ]
	Associate the encrypted txnID with the encrypted txn key and serialize the association into a view msg with the key h9dqx4j
	Upload the encoded to a dedicated view_storage contract in the blockchain, appending to the view name. 
View warehouse1 is appended with txns [a354490596ced7b527de5e112fcd2875c53d01cf7d7ccca343617966e2c5e66d]. 
	Append view warehouse1 with txn IDs [ 'a354490596ced7b527de5e112fcd2875c53d01cf7d7ccca343617966e2c5e66d' ]
	Associate the encrypted txnID with the encrypted txn key and serialize the association into a view msg with the key s7tt9xc
	Upload the encoded to a dedicated view_storage contract in the blockchain, appending to the view name. 
===============================================
A view owner prepares Txn 27(tid) to invoke Contract secretcontract with confidential part SECRET_PAYLOAD
	Generate a random key hz9rjf for this txn
	Use the key to encode the confidential part SECRET_PAYLOAD into dbrJjNssrz0SZuXF0TO+Bw==
	Send a txn 5c27711a36db6a650b80f208948090aa0a846a70d16d3e647c351842a92fee1c to invoke secretcontract with the encoded as the secret part dbrJjNssrz0SZuXF0TO+Bw==. 
View manufacturer1 is appended with txns [5c27711a36db6a650b80f208948090aa0a846a70d16d3e647c351842a92fee1c]. 
	Append view manufacturer1 with txn IDs [ '5c27711a36db6a650b80f208948090aa0a846a70d16d3e647c351842a92fee1c' ]
	Associate the encrypted txnID with the encrypted txn key and serialize the association into a view msg with the key h9dqx4j
	Upload the encoded to a dedicated view_storage contract in the blockchain, appending to the view name. 
View warehouse1 is appended with txns [5c27711a36db6a650b80f208948090aa0a846a70d16d3e647c351842a92fee1c]. 
	Append view warehouse1 with txn IDs [ '5c27711a36db6a650b80f208948090aa0a846a70d16d3e647c351842a92fee1c' ]
	Associate the encrypted txnID with the encrypted txn key and serialize the association into a view msg with the key s7tt9xc
	Upload the encoded to a dedicated view_storage contract in the blockchain, appending to the view name. 
View delivery1 is appended with txns [a354490596ced7b527de5e112fcd2875c53d01cf7d7ccca343617966e2c5e66d,5c27711a36db6a650b80f208948090aa0a846a70d16d3e647c351842a92fee1c]. 
	Append view delivery1 with txn IDs [
  'a354490596ced7b527de5e112fcd2875c53d01cf7d7ccca343617966e2c5e66d',
  '5c27711a36db6a650b80f208948090aa0a846a70d16d3e647c351842a92fee1c'
]
	Associate the encrypted txnID with the encrypted txn key and serialize the association into a view msg with the key pth6hjb
	Upload the encoded to a dedicated view_storage contract in the blockchain, appending to the view name. 
===============================================
A view owner prepares Txn 28(tid) to invoke Contract secretcontract with confidential part SECRET_PAYLOAD
	Generate a random key co6ka8l for this txn
	Use the key to encode the confidential part SECRET_PAYLOAD into xTZTJqy8bOmshXaVaqNDAQ==
	Send a txn f13409eb1322b5bfb04973aa6c5026ff8c05a21e2efa2b1cd6f5d6b4ba1db4f4 to invoke secretcontract with the encoded as the secret part xTZTJqy8bOmshXaVaqNDAQ==. 
View manufacturer2 is appended with txns [f13409eb1322b5bfb04973aa6c5026ff8c05a21e2efa2b1cd6f5d6b4ba1db4f4]. 
	Append view manufacturer2 with txn IDs [ 'f13409eb1322b5bfb04973aa6c5026ff8c05a21e2efa2b1cd6f5d6b4ba1db4f4' ]
	Associate the encrypted txnID with the encrypted txn key and serialize the association into a view msg with the key uwj9qz6
	Upload the encoded to a dedicated view_storage contract in the blockchain, appending to the view name. 
View warehouse1 is appended with txns [f13409eb1322b5bfb04973aa6c5026ff8c05a21e2efa2b1cd6f5d6b4ba1db4f4]. 
	Append view warehouse1 with txn IDs [ 'f13409eb1322b5bfb04973aa6c5026ff8c05a21e2efa2b1cd6f5d6b4ba1db4f4' ]
	Associate the encrypted txnID with the encrypted txn key and serialize the association into a view msg with the key s7tt9xc
	Upload the encoded to a dedicated view_storage contract in the blockchain, appending to the view name. 
View delivery1 is appended with txns [f13409eb1322b5bfb04973aa6c5026ff8c05a21e2efa2b1cd6f5d6b4ba1db4f4]. 
	Append view delivery1 with txn IDs [ 'f13409eb1322b5bfb04973aa6c5026ff8c05a21e2efa2b1cd6f5d6b4ba1db4f4' ]
	Associate the encrypted txnID with the encrypted txn key and serialize the association into a view msg with the key pth6hjb
	Upload the encoded to a dedicated view_storage contract in the blockchain, appending to the view name. 
View warehouse2 is appended with txns [f13409eb1322b5bfb04973aa6c5026ff8c05a21e2efa2b1cd6f5d6b4ba1db4f4]. 
	Append view warehouse2 with txn IDs [ 'f13409eb1322b5bfb04973aa6c5026ff8c05a21e2efa2b1cd6f5d6b4ba1db4f4' ]
	Associate the encrypted txnID with the encrypted txn key and serialize the association into a view msg with the key 4l5xujp
	Upload the encoded to a dedicated view_storage contract in the blockchain, appending to the view name. 
View shop4 is appended with txns [1d4626aef1f098bd80b7aecd0d151e1d2cc4f62ed12ee1de9a7e6ad1ada24386,e71b2d41ec4e8f984151d28e1beac67772fa8ac65113ddfcb0ed505f186d72d9,5a7473fd2ec319265607126cf1116f2585ba1d0fda2f13ce2a374a1bdd9a420e,f13409eb1322b5bfb04973aa6c5026ff8c05a21e2efa2b1cd6f5d6b4ba1db4f4]. 
	Append view shop4 with txn IDs [
  '1d4626aef1f098bd80b7aecd0d151e1d2cc4f62ed12ee1de9a7e6ad1ada24386',
  'e71b2d41ec4e8f984151d28e1beac67772fa8ac65113ddfcb0ed505f186d72d9',
  '5a7473fd2ec319265607126cf1116f2585ba1d0fda2f13ce2a374a1bdd9a420e',
  'f13409eb1322b5bfb04973aa6c5026ff8c05a21e2efa2b1cd6f5d6b4ba1db4f4'
]
	Associate the encrypted txnID with the encrypted txn key and serialize the association into a view msg with the key epc2394
	Upload the encoded to a dedicated view_storage contract in the blockchain, appending to the view name. 
===============================================
A view owner prepares Txn 29(tid) to invoke Contract secretcontract with confidential part SECRET_PAYLOAD
	Generate a random key njopzs for this txn
	Use the key to encode the confidential part SECRET_PAYLOAD into 0kiBqWPYBMrmGzniqfwwGg==
	Send a txn 0cc08c85dd1d2d2d9cfe672c7261eb36700a67342ca14d993a79c6e37b654ffb to invoke secretcontract with the encoded as the secret part 0kiBqWPYBMrmGzniqfwwGg==. 
View manufacturer1 is appended with txns [0cc08c85dd1d2d2d9cfe672c7261eb36700a67342ca14d993a79c6e37b654ffb]. 
	Append view manufacturer1 with txn IDs [ '0cc08c85dd1d2d2d9cfe672c7261eb36700a67342ca14d993a79c6e37b654ffb' ]
	Associate the encrypted txnID with the encrypted txn key and serialize the association into a view msg with the key h9dqx4j
	Upload the encoded to a dedicated view_storage contract in the blockchain, appending to the view name. 
View warehouse1 is appended with txns [0cc08c85dd1d2d2d9cfe672c7261eb36700a67342ca14d993a79c6e37b654ffb]. 
	Append view warehouse1 with txn IDs [ '0cc08c85dd1d2d2d9cfe672c7261eb36700a67342ca14d993a79c6e37b654ffb' ]
	Associate the encrypted txnID with the encrypted txn key and serialize the association into a view msg with the key s7tt9xc
	Upload the encoded to a dedicated view_storage contract in the blockchain, appending to the view name. 
View delivery2 is appended with txns [53965001c9505a8a1cbd5731b6af793d710fe9efaded8edb8b0ad88fe7e65e67,0cc08c85dd1d2d2d9cfe672c7261eb36700a67342ca14d993a79c6e37b654ffb]. 
	Append view delivery2 with txn IDs [
  '53965001c9505a8a1cbd5731b6af793d710fe9efaded8edb8b0ad88fe7e65e67',
  '0cc08c85dd1d2d2d9cfe672c7261eb36700a67342ca14d993a79c6e37b654ffb'
]
	Associate the encrypted txnID with the encrypted txn key and serialize the association into a view msg with the key ud8iex5
	Upload the encoded to a dedicated view_storage contract in the blockchain, appending to the view name. 
===============================================
A view owner prepares Txn 30(tid) to invoke Contract secretcontract with confidential part SECRET_PAYLOAD
	Generate a random key 9urhi2e for this txn
	Use the key to encode the confidential part SECRET_PAYLOAD into NeDjC/2xMjhl7BffxOxoLw==
	Send a txn 6fe8d27b5fed37db85873daf621945d1a7e149830e956d8422c7e40eba408eab to invoke secretcontract with the encoded as the secret part NeDjC/2xMjhl7BffxOxoLw==. 
View manufacturer1 is appended with txns [6fe8d27b5fed37db85873daf621945d1a7e149830e956d8422c7e40eba408eab]. 
	Append view manufacturer1 with txn IDs [ '6fe8d27b5fed37db85873daf621945d1a7e149830e956d8422c7e40eba408eab' ]
	Associate the encrypted txnID with the encrypted txn key and serialize the association into a view msg with the key h9dqx4j
	Upload the encoded to a dedicated view_storage contract in the blockchain, appending to the view name. 
View warehouse1 is appended with txns [6fe8d27b5fed37db85873daf621945d1a7e149830e956d8422c7e40eba408eab]. 
	Append view warehouse1 with txn IDs [ '6fe8d27b5fed37db85873daf621945d1a7e149830e956d8422c7e40eba408eab' ]
	Associate the encrypted txnID with the encrypted txn key and serialize the association into a view msg with the key s7tt9xc
	Upload the encoded to a dedicated view_storage contract in the blockchain, appending to the view name. 
View delivery2 is appended with txns [6fe8d27b5fed37db85873daf621945d1a7e149830e956d8422c7e40eba408eab]. 
	Append view delivery2 with txn IDs [ '6fe8d27b5fed37db85873daf621945d1a7e149830e956d8422c7e40eba408eab' ]
	Associate the encrypted txnID with the encrypted txn key and serialize the association into a view msg with the key ud8iex5
	Upload the encoded to a dedicated view_storage contract in the blockchain, appending to the view name. 
View warehouse3 is appended with txns [53965001c9505a8a1cbd5731b6af793d710fe9efaded8edb8b0ad88fe7e65e67,0cc08c85dd1d2d2d9cfe672c7261eb36700a67342ca14d993a79c6e37b654ffb,6fe8d27b5fed37db85873daf621945d1a7e149830e956d8422c7e40eba408eab]. 
	Append view warehouse3 with txn IDs [
  '53965001c9505a8a1cbd5731b6af793d710fe9efaded8edb8b0ad88fe7e65e67',
  '0cc08c85dd1d2d2d9cfe672c7261eb36700a67342ca14d993a79c6e37b654ffb',
  '6fe8d27b5fed37db85873daf621945d1a7e149830e956d8422c7e40eba408eab'
]
	Associate the encrypted txnID with the encrypted txn key and serialize the association into a view msg with the key 8zehj4t
	Upload the encoded to a dedicated view_storage contract in the blockchain, appending to the view name. 
===============================================
A view owner prepares Txn 31(tid) to invoke Contract secretcontract with confidential part SECRET_PAYLOAD
	Generate a random key ot3vee8 for this txn
	Use the key to encode the confidential part SECRET_PAYLOAD into eiEo1YJIqp2UX1/SzbkGVg==
	Send a txn c3f5b026979408837a5113b9f6b33593495814c5ed583eff38b71bdd0fb53723 to invoke secretcontract with the encoded as the secret part eiEo1YJIqp2UX1/SzbkGVg==. 
View manufacturer1 is appended with txns [c3f5b026979408837a5113b9f6b33593495814c5ed583eff38b71bdd0fb53723]. 
	Append view manufacturer1 with txn IDs [ 'c3f5b026979408837a5113b9f6b33593495814c5ed583eff38b71bdd0fb53723' ]
	Associate the encrypted txnID with the encrypted txn key and serialize the association into a view msg with the key h9dqx4j
	Upload the encoded to a dedicated view_storage contract in the blockchain, appending to the view name. 
View warehouse1 is appended with txns [c3f5b026979408837a5113b9f6b33593495814c5ed583eff38b71bdd0fb53723]. 
	Append view warehouse1 with txn IDs [ 'c3f5b026979408837a5113b9f6b33593495814c5ed583eff38b71bdd0fb53723' ]
	Associate the encrypted txnID with the encrypted txn key and serialize the association into a view msg with the key s7tt9xc
	Upload the encoded to a dedicated view_storage contract in the blockchain, appending to the view name. 
View delivery2 is appended with txns [c3f5b026979408837a5113b9f6b33593495814c5ed583eff38b71bdd0fb53723]. 
	Append view delivery2 with txn IDs [ 'c3f5b026979408837a5113b9f6b33593495814c5ed583eff38b71bdd0fb53723' ]
	Associate the encrypted txnID with the encrypted txn key and serialize the association into a view msg with the key ud8iex5
	Upload the encoded to a dedicated view_storage contract in the blockchain, appending to the view name. 
View warehouse3 is appended with txns [c3f5b026979408837a5113b9f6b33593495814c5ed583eff38b71bdd0fb53723]. 
	Append view warehouse3 with txn IDs [ 'c3f5b026979408837a5113b9f6b33593495814c5ed583eff38b71bdd0fb53723' ]
	Associate the encrypted txnID with the encrypted txn key and serialize the association into a view msg with the key 8zehj4t
	Upload the encoded to a dedicated view_storage contract in the blockchain, appending to the view name. 
View shop4 is appended with txns [53965001c9505a8a1cbd5731b6af793d710fe9efaded8edb8b0ad88fe7e65e67,0cc08c85dd1d2d2d9cfe672c7261eb36700a67342ca14d993a79c6e37b654ffb,6fe8d27b5fed37db85873daf621945d1a7e149830e956d8422c7e40eba408eab,c3f5b026979408837a5113b9f6b33593495814c5ed583eff38b71bdd0fb53723]. 
	Append view shop4 with txn IDs [
  '53965001c9505a8a1cbd5731b6af793d710fe9efaded8edb8b0ad88fe7e65e67',
  '0cc08c85dd1d2d2d9cfe672c7261eb36700a67342ca14d993a79c6e37b654ffb',
  '6fe8d27b5fed37db85873daf621945d1a7e149830e956d8422c7e40eba408eab',
  'c3f5b026979408837a5113b9f6b33593495814c5ed583eff38b71bdd0fb53723'
]
	Associate the encrypted txnID with the encrypted txn key and serialize the association into a view msg with the key epc2394
	Upload the encoded to a dedicated view_storage contract in the blockchain, appending to the view name. 
===============================================
A view owner prepares Txn 32(tid) to invoke Contract secretcontract with confidential part SECRET_PAYLOAD
	Generate a random key cqwlu5m for this txn
	Use the key to encode the confidential part SECRET_PAYLOAD into VuXM1LkLiqhy/J81a5ikPg==
	Send a txn aa83d8891a995ce5f786c70646e1078727c508752b598392d948b0989bb4ed49 to invoke secretcontract with the encoded as the secret part VuXM1LkLiqhy/J81a5ikPg==. 
View manufacturer2 is appended with txns [aa83d8891a995ce5f786c70646e1078727c508752b598392d948b0989bb4ed49]. 
	Append view manufacturer2 with txn IDs [ 'aa83d8891a995ce5f786c70646e1078727c508752b598392d948b0989bb4ed49' ]
	Associate the encrypted txnID with the encrypted txn key and serialize the association into a view msg with the key uwj9qz6
	Upload the encoded to a dedicated view_storage contract in the blockchain, appending to the view name. 
View warehouse1 is appended with txns [aa83d8891a995ce5f786c70646e1078727c508752b598392d948b0989bb4ed49]. 
	Append view warehouse1 with txn IDs [ 'aa83d8891a995ce5f786c70646e1078727c508752b598392d948b0989bb4ed49' ]
	Associate the encrypted txnID with the encrypted txn key and serialize the association into a view msg with the key s7tt9xc
	Upload the encoded to a dedicated view_storage contract in the blockchain, appending to the view name. 
===============================================
A view owner prepares Txn 33(tid) to invoke Contract secretcontract with confidential part SECRET_PAYLOAD
	Generate a random key kkw34oa for this txn
	Use the key to encode the confidential part SECRET_PAYLOAD into eXJ5T3hrZIqS7EXpTgVF/g==
	Send a txn b1fecc023bea2b93201b575a699386a3aa195d064e00286ffa57f3a530ae13a7 to invoke secretcontract with the encoded as the secret part eXJ5T3hrZIqS7EXpTgVF/g==. 
View manufacturer1 is appended with txns [b1fecc023bea2b93201b575a699386a3aa195d064e00286ffa57f3a530ae13a7]. 
	Append view manufacturer1 with txn IDs [ 'b1fecc023bea2b93201b575a699386a3aa195d064e00286ffa57f3a530ae13a7' ]
	Associate the encrypted txnID with the encrypted txn key and serialize the association into a view msg with the key h9dqx4j
	Upload the encoded to a dedicated view_storage contract in the blockchain, appending to the view name. 
View warehouse1 is appended with txns [b1fecc023bea2b93201b575a699386a3aa195d064e00286ffa57f3a530ae13a7]. 
	Append view warehouse1 with txn IDs [ 'b1fecc023bea2b93201b575a699386a3aa195d064e00286ffa57f3a530ae13a7' ]
	Associate the encrypted txnID with the encrypted txn key and serialize the association into a view msg with the key s7tt9xc
	Upload the encoded to a dedicated view_storage contract in the blockchain, appending to the view name. 
View delivery2 is appended with txns [931e417e8a8e875e4802bd20bacb5a174d98e4041eaae6a0c3c2bd116507e1bb,b1fecc023bea2b93201b575a699386a3aa195d064e00286ffa57f3a530ae13a7]. 
	Append view delivery2 with txn IDs [
  '931e417e8a8e875e4802bd20bacb5a174d98e4041eaae6a0c3c2bd116507e1bb',
  'b1fecc023bea2b93201b575a699386a3aa195d064e00286ffa57f3a530ae13a7'
]
	Associate the encrypted txnID with the encrypted txn key and serialize the association into a view msg with the key ud8iex5
	Upload the encoded to a dedicated view_storage contract in the blockchain, appending to the view name. 
===============================================
A view owner prepares Txn 34(tid) to invoke Contract secretcontract with confidential part SECRET_PAYLOAD
	Generate a random key 9oeos7 for this txn
	Use the key to encode the confidential part SECRET_PAYLOAD into Z1fleA9p48j06iVb2qlrVA==
	Send a txn d5b11366b0d1d330316635108f1f48ca026b39dae4949056d2db9e9431d62d57 to invoke secretcontract with the encoded as the secret part Z1fleA9p48j06iVb2qlrVA==. 
View manufacturer1 is appended with txns [d5b11366b0d1d330316635108f1f48ca026b39dae4949056d2db9e9431d62d57]. 
	Append view manufacturer1 with txn IDs [ 'd5b11366b0d1d330316635108f1f48ca026b39dae4949056d2db9e9431d62d57' ]
	Associate the encrypted txnID with the encrypted txn key and serialize the association into a view msg with the key h9dqx4j
	Upload the encoded to a dedicated view_storage contract in the blockchain, appending to the view name. 
View warehouse1 is appended with txns [d5b11366b0d1d330316635108f1f48ca026b39dae4949056d2db9e9431d62d57]. 
	Append view warehouse1 with txn IDs [ 'd5b11366b0d1d330316635108f1f48ca026b39dae4949056d2db9e9431d62d57' ]
	Associate the encrypted txnID with the encrypted txn key and serialize the association into a view msg with the key s7tt9xc
	Upload the encoded to a dedicated view_storage contract in the blockchain, appending to the view name. 
View delivery1 is appended with txns [d5b11366b0d1d330316635108f1f48ca026b39dae4949056d2db9e9431d62d57]. 
	Append view delivery1 with txn IDs [ 'd5b11366b0d1d330316635108f1f48ca026b39dae4949056d2db9e9431d62d57' ]
	Associate the encrypted txnID with the encrypted txn key and serialize the association into a view msg with the key pth6hjb
	Upload the encoded to a dedicated view_storage contract in the blockchain, appending to the view name. 
View warehouse2 is appended with txns [a354490596ced7b527de5e112fcd2875c53d01cf7d7ccca343617966e2c5e66d,5c27711a36db6a650b80f208948090aa0a846a70d16d3e647c351842a92fee1c,d5b11366b0d1d330316635108f1f48ca026b39dae4949056d2db9e9431d62d57]. 
	Append view warehouse2 with txn IDs [
  'a354490596ced7b527de5e112fcd2875c53d01cf7d7ccca343617966e2c5e66d',
  '5c27711a36db6a650b80f208948090aa0a846a70d16d3e647c351842a92fee1c',
  'd5b11366b0d1d330316635108f1f48ca026b39dae4949056d2db9e9431d62d57'
]
	Associate the encrypted txnID with the encrypted txn key and serialize the association into a view msg with the key 4l5xujp
	Upload the encoded to a dedicated view_storage contract in the blockchain, appending to the view name. 
===============================================
A view owner prepares Txn 35(tid) to invoke Contract secretcontract with confidential part SECRET_PAYLOAD
	Generate a random key 7at22e for this txn
	Use the key to encode the confidential part SECRET_PAYLOAD into 1m/ak/jZczfWWmiqbeSFGg==
	Send a txn d6955fe99e6b774975883cbaac53ed2105fb1c5bd71889970d16479376d64960 to invoke secretcontract with the encoded as the secret part 1m/ak/jZczfWWmiqbeSFGg==. 
View manufacturer1 is appended with txns [d6955fe99e6b774975883cbaac53ed2105fb1c5bd71889970d16479376d64960]. 
	Append view manufacturer1 with txn IDs [ 'd6955fe99e6b774975883cbaac53ed2105fb1c5bd71889970d16479376d64960' ]
	Associate the encrypted txnID with the encrypted txn key and serialize the association into a view msg with the key h9dqx4j
	Upload the encoded to a dedicated view_storage contract in the blockchain, appending to the view name. 
View warehouse1 is appended with txns [d6955fe99e6b774975883cbaac53ed2105fb1c5bd71889970d16479376d64960]. 
	Append view warehouse1 with txn IDs [ 'd6955fe99e6b774975883cbaac53ed2105fb1c5bd71889970d16479376d64960' ]
	Associate the encrypted txnID with the encrypted txn key and serialize the association into a view msg with the key s7tt9xc
	Upload the encoded to a dedicated view_storage contract in the blockchain, appending to the view name. 
View delivery2 is appended with txns [d6955fe99e6b774975883cbaac53ed2105fb1c5bd71889970d16479376d64960]. 
	Append view delivery2 with txn IDs [ 'd6955fe99e6b774975883cbaac53ed2105fb1c5bd71889970d16479376d64960' ]
	Associate the encrypted txnID with the encrypted txn key and serialize the association into a view msg with the key ud8iex5
	Upload the encoded to a dedicated view_storage contract in the blockchain, appending to the view name. 
View warehouse3 is appended with txns [931e417e8a8e875e4802bd20bacb5a174d98e4041eaae6a0c3c2bd116507e1bb,b1fecc023bea2b93201b575a699386a3aa195d064e00286ffa57f3a530ae13a7,d6955fe99e6b774975883cbaac53ed2105fb1c5bd71889970d16479376d64960]. 
	Append view warehouse3 with txn IDs [
  '931e417e8a8e875e4802bd20bacb5a174d98e4041eaae6a0c3c2bd116507e1bb',
  'b1fecc023bea2b93201b575a699386a3aa195d064e00286ffa57f3a530ae13a7',
  'd6955fe99e6b774975883cbaac53ed2105fb1c5bd71889970d16479376d64960'
]
	Associate the encrypted txnID with the encrypted txn key and serialize the association into a view msg with the key 8zehj4t
	Upload the encoded to a dedicated view_storage contract in the blockchain, appending to the view name. 
===============================================
A view owner prepares Txn 36(tid) to invoke Contract secretcontract with confidential part SECRET_PAYLOAD
	Generate a random key 7m694zk for this txn
	Use the key to encode the confidential part SECRET_PAYLOAD into rVYXnomIHjK+jlyBFjX0ug==
	Send a txn 243a5d2070afe25ffbfa3c206f35f8f2a9d4f21ee62d93eea4d474859aa23ba9 to invoke secretcontract with the encoded as the secret part rVYXnomIHjK+jlyBFjX0ug==. 
View manufacturer1 is appended with txns [243a5d2070afe25ffbfa3c206f35f8f2a9d4f21ee62d93eea4d474859aa23ba9]. 
	Append view manufacturer1 with txn IDs [ '243a5d2070afe25ffbfa3c206f35f8f2a9d4f21ee62d93eea4d474859aa23ba9' ]
	Associate the encrypted txnID with the encrypted txn key and serialize the association into a view msg with the key h9dqx4j
	Upload the encoded to a dedicated view_storage contract in the blockchain, appending to the view name. 
View warehouse1 is appended with txns [243a5d2070afe25ffbfa3c206f35f8f2a9d4f21ee62d93eea4d474859aa23ba9]. 
	Append view warehouse1 with txn IDs [ '243a5d2070afe25ffbfa3c206f35f8f2a9d4f21ee62d93eea4d474859aa23ba9' ]
	Associate the encrypted txnID with the encrypted txn key and serialize the association into a view msg with the key s7tt9xc
	Upload the encoded to a dedicated view_storage contract in the blockchain, appending to the view name. 
View delivery1 is appended with txns [243a5d2070afe25ffbfa3c206f35f8f2a9d4f21ee62d93eea4d474859aa23ba9]. 
	Append view delivery1 with txn IDs [ '243a5d2070afe25ffbfa3c206f35f8f2a9d4f21ee62d93eea4d474859aa23ba9' ]
	Associate the encrypted txnID with the encrypted txn key and serialize the association into a view msg with the key pth6hjb
	Upload the encoded to a dedicated view_storage contract in the blockchain, appending to the view name. 
View warehouse2 is appended with txns [243a5d2070afe25ffbfa3c206f35f8f2a9d4f21ee62d93eea4d474859aa23ba9]. 
	Append view warehouse2 with txn IDs [ '243a5d2070afe25ffbfa3c206f35f8f2a9d4f21ee62d93eea4d474859aa23ba9' ]
	Associate the encrypted txnID with the encrypted txn key and serialize the association into a view msg with the key 4l5xujp
	Upload the encoded to a dedicated view_storage contract in the blockchain, appending to the view name. 
View shop2 is appended with txns [a354490596ced7b527de5e112fcd2875c53d01cf7d7ccca343617966e2c5e66d,5c27711a36db6a650b80f208948090aa0a846a70d16d3e647c351842a92fee1c,d5b11366b0d1d330316635108f1f48ca026b39dae4949056d2db9e9431d62d57,243a5d2070afe25ffbfa3c206f35f8f2a9d4f21ee62d93eea4d474859aa23ba9]. 
	Append view shop2 with txn IDs [
  'a354490596ced7b527de5e112fcd2875c53d01cf7d7ccca343617966e2c5e66d',
  '5c27711a36db6a650b80f208948090aa0a846a70d16d3e647c351842a92fee1c',
  'd5b11366b0d1d330316635108f1f48ca026b39dae4949056d2db9e9431d62d57',
  '243a5d2070afe25ffbfa3c206f35f8f2a9d4f21ee62d93eea4d474859aa23ba9'
]
	Associate the encrypted txnID with the encrypted txn key and serialize the association into a view msg with the key 2wvdv1i
	Upload the encoded to a dedicated view_storage contract in the blockchain, appending to the view name. 
===============================================
A view owner prepares Txn 37(tid) to invoke Contract secretcontract with confidential part SECRET_PAYLOAD
	Generate a random key d5n9pwc for this txn
	Use the key to encode the confidential part SECRET_PAYLOAD into HfViY5zru3IJALq+Trk/4g==
	Send a txn 1ec7845033c673dd3504f7015c6df881fcb67b9f540e3edb0b69336042893758 to invoke secretcontract with the encoded as the secret part HfViY5zru3IJALq+Trk/4g==. 
View manufacturer1 is appended with txns [1ec7845033c673dd3504f7015c6df881fcb67b9f540e3edb0b69336042893758]. 
	Append view manufacturer1 with txn IDs [ '1ec7845033c673dd3504f7015c6df881fcb67b9f540e3edb0b69336042893758' ]
	Associate the encrypted txnID with the encrypted txn key and serialize the association into a view msg with the key h9dqx4j
	Upload the encoded to a dedicated view_storage contract in the blockchain, appending to the view name. 
View warehouse1 is appended with txns [1ec7845033c673dd3504f7015c6df881fcb67b9f540e3edb0b69336042893758]. 
	Append view warehouse1 with txn IDs [ '1ec7845033c673dd3504f7015c6df881fcb67b9f540e3edb0b69336042893758' ]
	Associate the encrypted txnID with the encrypted txn key and serialize the association into a view msg with the key s7tt9xc
	Upload the encoded to a dedicated view_storage contract in the blockchain, appending to the view name. 
View delivery2 is appended with txns [1ec7845033c673dd3504f7015c6df881fcb67b9f540e3edb0b69336042893758]. 
	Append view delivery2 with txn IDs [ '1ec7845033c673dd3504f7015c6df881fcb67b9f540e3edb0b69336042893758' ]
	Associate the encrypted txnID with the encrypted txn key and serialize the association into a view msg with the key ud8iex5
	Upload the encoded to a dedicated view_storage contract in the blockchain, appending to the view name. 
View warehouse3 is appended with txns [1ec7845033c673dd3504f7015c6df881fcb67b9f540e3edb0b69336042893758]. 
	Append view warehouse3 with txn IDs [ '1ec7845033c673dd3504f7015c6df881fcb67b9f540e3edb0b69336042893758' ]
	Associate the encrypted txnID with the encrypted txn key and serialize the association into a view msg with the key 8zehj4t
	Upload the encoded to a dedicated view_storage contract in the blockchain, appending to the view name. 
View shop4 is appended with txns [931e417e8a8e875e4802bd20bacb5a174d98e4041eaae6a0c3c2bd116507e1bb,b1fecc023bea2b93201b575a699386a3aa195d064e00286ffa57f3a530ae13a7,d6955fe99e6b774975883cbaac53ed2105fb1c5bd71889970d16479376d64960,1ec7845033c673dd3504f7015c6df881fcb67b9f540e3edb0b69336042893758]. 
	Append view shop4 with txn IDs [
  '931e417e8a8e875e4802bd20bacb5a174d98e4041eaae6a0c3c2bd116507e1bb',
  'b1fecc023bea2b93201b575a699386a3aa195d064e00286ffa57f3a530ae13a7',
  'd6955fe99e6b774975883cbaac53ed2105fb1c5bd71889970d16479376d64960',
  '1ec7845033c673dd3504f7015c6df881fcb67b9f540e3edb0b69336042893758'
]
	Associate the encrypted txnID with the encrypted txn key and serialize the association into a view msg with the key epc2394
	Upload the encoded to a dedicated view_storage contract in the blockchain, appending to the view name. 
===============================================
A view owner prepares Txn 38(tid) to invoke Contract secretcontract with confidential part SECRET_PAYLOAD
	Generate a random key i704ari for this txn
	Use the key to encode the confidential part SECRET_PAYLOAD into vTFJu8gITLUdi3Rmy+b9fQ==
	Send a txn 6b4a14274b5017685402ef21edaf72d0395334eb057945ee8acea42cac1871e8 to invoke secretcontract with the encoded as the secret part vTFJu8gITLUdi3Rmy+b9fQ==. 
View manufacturer2 is appended with txns [6b4a14274b5017685402ef21edaf72d0395334eb057945ee8acea42cac1871e8]. 
	Append view manufacturer2 with txn IDs [ '6b4a14274b5017685402ef21edaf72d0395334eb057945ee8acea42cac1871e8' ]
	Associate the encrypted txnID with the encrypted txn key and serialize the association into a view msg with the key uwj9qz6
	Upload the encoded to a dedicated view_storage contract in the blockchain, appending to the view name. 
View warehouse1 is appended with txns [6b4a14274b5017685402ef21edaf72d0395334eb057945ee8acea42cac1871e8]. 
	Append view warehouse1 with txn IDs [ '6b4a14274b5017685402ef21edaf72d0395334eb057945ee8acea42cac1871e8' ]
	Associate the encrypted txnID with the encrypted txn key and serialize the association into a view msg with the key s7tt9xc
	Upload the encoded to a dedicated view_storage contract in the blockchain, appending to the view name. 
View delivery2 is appended with txns [aa83d8891a995ce5f786c70646e1078727c508752b598392d948b0989bb4ed49,6b4a14274b5017685402ef21edaf72d0395334eb057945ee8acea42cac1871e8]. 
	Append view delivery2 with txn IDs [
  'aa83d8891a995ce5f786c70646e1078727c508752b598392d948b0989bb4ed49',
  '6b4a14274b5017685402ef21edaf72d0395334eb057945ee8acea42cac1871e8'
]
	Associate the encrypted txnID with the encrypted txn key and serialize the association into a view msg with the key ud8iex5
	Upload the encoded to a dedicated view_storage contract in the blockchain, appending to the view name. 
===============================================
A view owner prepares Txn 39(tid) to invoke Contract secretcontract with confidential part SECRET_PAYLOAD
	Generate a random key bl2vg8i for this txn
	Use the key to encode the confidential part SECRET_PAYLOAD into afGqV4OXGPyGzY/Dhe1hxg==
	Send a txn 71f4a6c4d5be382ccd7a2360309625ffd3c8c46b9026296685467f7c41313af6 to invoke secretcontract with the encoded as the secret part afGqV4OXGPyGzY/Dhe1hxg==. 
View manufacturer2 is appended with txns [71f4a6c4d5be382ccd7a2360309625ffd3c8c46b9026296685467f7c41313af6]. 
	Append view manufacturer2 with txn IDs [ '71f4a6c4d5be382ccd7a2360309625ffd3c8c46b9026296685467f7c41313af6' ]
	Associate the encrypted txnID with the encrypted txn key and serialize the association into a view msg with the key uwj9qz6
	Upload the encoded to a dedicated view_storage contract in the blockchain, appending to the view name. 
View warehouse1 is appended with txns [71f4a6c4d5be382ccd7a2360309625ffd3c8c46b9026296685467f7c41313af6]. 
	Append view warehouse1 with txn IDs [ '71f4a6c4d5be382ccd7a2360309625ffd3c8c46b9026296685467f7c41313af6' ]
	Associate the encrypted txnID with the encrypted txn key and serialize the association into a view msg with the key s7tt9xc
	Upload the encoded to a dedicated view_storage contract in the blockchain, appending to the view name. 
View delivery2 is appended with txns [71f4a6c4d5be382ccd7a2360309625ffd3c8c46b9026296685467f7c41313af6]. 
	Append view delivery2 with txn IDs [ '71f4a6c4d5be382ccd7a2360309625ffd3c8c46b9026296685467f7c41313af6' ]
	Associate the encrypted txnID with the encrypted txn key and serialize the association into a view msg with the key ud8iex5
	Upload the encoded to a dedicated view_storage contract in the blockchain, appending to the view name. 
View warehouse3 is appended with txns [aa83d8891a995ce5f786c70646e1078727c508752b598392d948b0989bb4ed49,6b4a14274b5017685402ef21edaf72d0395334eb057945ee8acea42cac1871e8,71f4a6c4d5be382ccd7a2360309625ffd3c8c46b9026296685467f7c41313af6]. 
	Append view warehouse3 with txn IDs [
  'aa83d8891a995ce5f786c70646e1078727c508752b598392d948b0989bb4ed49',
  '6b4a14274b5017685402ef21edaf72d0395334eb057945ee8acea42cac1871e8',
  '71f4a6c4d5be382ccd7a2360309625ffd3c8c46b9026296685467f7c41313af6'
]
	Associate the encrypted txnID with the encrypted txn key and serialize the association into a view msg with the key 8zehj4t
	Upload the encoded to a dedicated view_storage contract in the blockchain, appending to the view name. 
===============================================
A view owner prepares Txn 40(tid) to invoke Contract secretcontract with confidential part SECRET_PAYLOAD
	Generate a random key vmjdsif for this txn
	Use the key to encode the confidential part SECRET_PAYLOAD into VAHIWR/AJHRLKyvtDkPQng==
	Send a txn 5cd1209fcface47d60ec053dbc5eb27437b7995d803f2861569ec1584d70ac46 to invoke secretcontract with the encoded as the secret part VAHIWR/AJHRLKyvtDkPQng==. 
View manufacturer2 is appended with txns [5cd1209fcface47d60ec053dbc5eb27437b7995d803f2861569ec1584d70ac46]. 
	Append view manufacturer2 with txn IDs [ '5cd1209fcface47d60ec053dbc5eb27437b7995d803f2861569ec1584d70ac46' ]
	Associate the encrypted txnID with the encrypted txn key and serialize the association into a view msg with the key uwj9qz6
	Upload the encoded to a dedicated view_storage contract in the blockchain, appending to the view name. 
View warehouse1 is appended with txns [5cd1209fcface47d60ec053dbc5eb27437b7995d803f2861569ec1584d70ac46]. 
	Append view warehouse1 with txn IDs [ '5cd1209fcface47d60ec053dbc5eb27437b7995d803f2861569ec1584d70ac46' ]
	Associate the encrypted txnID with the encrypted txn key and serialize the association into a view msg with the key s7tt9xc
	Upload the encoded to a dedicated view_storage contract in the blockchain, appending to the view name. 
View delivery2 is appended with txns [5cd1209fcface47d60ec053dbc5eb27437b7995d803f2861569ec1584d70ac46]. 
	Append view delivery2 with txn IDs [ '5cd1209fcface47d60ec053dbc5eb27437b7995d803f2861569ec1584d70ac46' ]
	Associate the encrypted txnID with the encrypted txn key and serialize the association into a view msg with the key ud8iex5
	Upload the encoded to a dedicated view_storage contract in the blockchain, appending to the view name. 
View warehouse3 is appended with txns [5cd1209fcface47d60ec053dbc5eb27437b7995d803f2861569ec1584d70ac46]. 
	Append view warehouse3 with txn IDs [ '5cd1209fcface47d60ec053dbc5eb27437b7995d803f2861569ec1584d70ac46' ]
	Associate the encrypted txnID with the encrypted txn key and serialize the association into a view msg with the key 8zehj4t
	Upload the encoded to a dedicated view_storage contract in the blockchain, appending to the view name. 
View shop5 is appended with txns [aa83d8891a995ce5f786c70646e1078727c508752b598392d948b0989bb4ed49,6b4a14274b5017685402ef21edaf72d0395334eb057945ee8acea42cac1871e8,71f4a6c4d5be382ccd7a2360309625ffd3c8c46b9026296685467f7c41313af6,5cd1209fcface47d60ec053dbc5eb27437b7995d803f2861569ec1584d70ac46]. 
	Append view shop5 with txn IDs [
  'aa83d8891a995ce5f786c70646e1078727c508752b598392d948b0989bb4ed49',
  '6b4a14274b5017685402ef21edaf72d0395334eb057945ee8acea42cac1871e8',
  '71f4a6c4d5be382ccd7a2360309625ffd3c8c46b9026296685467f7c41313af6',
  '5cd1209fcface47d60ec053dbc5eb27437b7995d803f2861569ec1584d70ac46'
]
	Associate the encrypted txnID with the encrypted txn key and serialize the association into a view msg with the key 6sgws0l
	Upload the encoded to a dedicated view_storage contract in the blockchain, appending to the view name. 
Total Duration (ms): 91883. # of invocations: 240
