Create a hash-based revocable view manager.
===============================================
Create 14 views. 
	Associate view manufacturer1 with txn IDs []
	Associate view manufacturer2 with txn IDs []
	Associate view warehouse1 with txn IDs []
	Associate view warehouse2 with txn IDs []
	Associate view warehouse3 with txn IDs []
	Associate view delivery1 with txn IDs []
	Associate view delivery2 with txn IDs []
	Associate view shop1 with txn IDs []
	Associate view shop2 with txn IDs []
	Associate view shop3 with txn IDs []
	Associate view shop4 with txn IDs []
	Associate view shop5 with txn IDs []
	Associate view shop6 with txn IDs []
	Associate view shop7 with txn IDs []
===============================================
A view owner prepares Txn 1(tid) to invoke Contract secretcontract with confidential part SECRET_PAYLOAD
	Create a random salt g7endr15j
	Hash the confidential part into a65faa6a9ede2443b4f930bce3b123f8376bc181edccacd8bd14aef1393b116e 
	Send a txn e046e2f944bdba73b79b3982dd147bb7f6e0a44fd156eaf74c86b89f2a480188 to invoke secretcontract with a65faa6a9ede2443b4f930bce3b123f8376bc181edccacd8bd14aef1393b116e as the secret part. 
View manufacturer1 is appended with txns [e046e2f944bdba73b79b3982dd147bb7f6e0a44fd156eaf74c86b89f2a480188]. 
	Associate view manufacturer1 with txn IDs [ 'e046e2f944bdba73b79b3982dd147bb7f6e0a44fd156eaf74c86b89f2a480188' ]
View warehouse1 is appended with txns [e046e2f944bdba73b79b3982dd147bb7f6e0a44fd156eaf74c86b89f2a480188]. 
	Associate view warehouse1 with txn IDs [ 'e046e2f944bdba73b79b3982dd147bb7f6e0a44fd156eaf74c86b89f2a480188' ]
===============================================
A view owner prepares Txn 2(tid) to invoke Contract secretcontract with confidential part SECRET_PAYLOAD
	Create a random salt on8hf62uh
	Hash the confidential part into acf58fc19abbd9de41cca319722163aec60113e41c18d4cd1fc1cd6fc2dc02c9 
	Send a txn b32513892008c6c0ac290de7cbd95bd9f7c9214561a29e2de7e6d1391d733a23 to invoke secretcontract with acf58fc19abbd9de41cca319722163aec60113e41c18d4cd1fc1cd6fc2dc02c9 as the secret part. 
View manufacturer1 is appended with txns [b32513892008c6c0ac290de7cbd95bd9f7c9214561a29e2de7e6d1391d733a23]. 
	Associate view manufacturer1 with txn IDs [ 'b32513892008c6c0ac290de7cbd95bd9f7c9214561a29e2de7e6d1391d733a23' ]
View warehouse1 is appended with txns [b32513892008c6c0ac290de7cbd95bd9f7c9214561a29e2de7e6d1391d733a23]. 
	Associate view warehouse1 with txn IDs [ 'b32513892008c6c0ac290de7cbd95bd9f7c9214561a29e2de7e6d1391d733a23' ]
View delivery1 is appended with txns [e046e2f944bdba73b79b3982dd147bb7f6e0a44fd156eaf74c86b89f2a480188,b32513892008c6c0ac290de7cbd95bd9f7c9214561a29e2de7e6d1391d733a23]. 
	Associate view delivery1 with txn IDs [
  'e046e2f944bdba73b79b3982dd147bb7f6e0a44fd156eaf74c86b89f2a480188',
  'b32513892008c6c0ac290de7cbd95bd9f7c9214561a29e2de7e6d1391d733a23'
]
===============================================
A view owner prepares Txn 3(tid) to invoke Contract secretcontract with confidential part SECRET_PAYLOAD
	Create a random salt 2bkw0ljm
	Hash the confidential part into 1749f15765031425d61cdd062d5937f79e03bbdaf9dc8d4547be6da099471d42 
	Send a txn 34f02023aec9c3d2add5a4a32908a86aea153b859e9dfd60629d29c52bcee80c to invoke secretcontract with 1749f15765031425d61cdd062d5937f79e03bbdaf9dc8d4547be6da099471d42 as the secret part. 
View manufacturer1 is appended with txns [34f02023aec9c3d2add5a4a32908a86aea153b859e9dfd60629d29c52bcee80c]. 
	Associate view manufacturer1 with txn IDs [ '34f02023aec9c3d2add5a4a32908a86aea153b859e9dfd60629d29c52bcee80c' ]
View warehouse1 is appended with txns [34f02023aec9c3d2add5a4a32908a86aea153b859e9dfd60629d29c52bcee80c]. 
	Associate view warehouse1 with txn IDs [ '34f02023aec9c3d2add5a4a32908a86aea153b859e9dfd60629d29c52bcee80c' ]
View delivery1 is appended with txns [34f02023aec9c3d2add5a4a32908a86aea153b859e9dfd60629d29c52bcee80c]. 
	Associate view delivery1 with txn IDs [ '34f02023aec9c3d2add5a4a32908a86aea153b859e9dfd60629d29c52bcee80c' ]
View warehouse2 is appended with txns [e046e2f944bdba73b79b3982dd147bb7f6e0a44fd156eaf74c86b89f2a480188,b32513892008c6c0ac290de7cbd95bd9f7c9214561a29e2de7e6d1391d733a23,34f02023aec9c3d2add5a4a32908a86aea153b859e9dfd60629d29c52bcee80c]. 
	Associate view warehouse2 with txn IDs [
  'e046e2f944bdba73b79b3982dd147bb7f6e0a44fd156eaf74c86b89f2a480188',
  'b32513892008c6c0ac290de7cbd95bd9f7c9214561a29e2de7e6d1391d733a23',
  '34f02023aec9c3d2add5a4a32908a86aea153b859e9dfd60629d29c52bcee80c'
]
===============================================
A view owner prepares Txn 4(tid) to invoke Contract secretcontract with confidential part SECRET_PAYLOAD
	Create a random salt yi1xle41q
	Hash the confidential part into 29d64bf246961778575d77740f08dc0a3f9f117c6f8b999948e70d8d4b051a13 
	Send a txn 53152361d84cf4fb2cdcec01c9d2ff32bc84e75e12e1322c1a8c69515b69df4f to invoke secretcontract with 29d64bf246961778575d77740f08dc0a3f9f117c6f8b999948e70d8d4b051a13 as the secret part. 
View manufacturer1 is appended with txns [53152361d84cf4fb2cdcec01c9d2ff32bc84e75e12e1322c1a8c69515b69df4f]. 
	Associate view manufacturer1 with txn IDs [ '53152361d84cf4fb2cdcec01c9d2ff32bc84e75e12e1322c1a8c69515b69df4f' ]
View warehouse1 is appended with txns [53152361d84cf4fb2cdcec01c9d2ff32bc84e75e12e1322c1a8c69515b69df4f]. 
	Associate view warehouse1 with txn IDs [ '53152361d84cf4fb2cdcec01c9d2ff32bc84e75e12e1322c1a8c69515b69df4f' ]
===============================================
A view owner prepares Txn 5(tid) to invoke Contract secretcontract with confidential part SECRET_PAYLOAD
	Create a random salt c70t22cci
	Hash the confidential part into 34e9d973e708fb1859c6bb199cf491d106d4e29b6da36fe62201b7cb2485f449 
	Send a txn 632fe77cf39bde5f6d0e6f26481b832a074022b34c7050786c64ce832ac8d180 to invoke secretcontract with 34e9d973e708fb1859c6bb199cf491d106d4e29b6da36fe62201b7cb2485f449 as the secret part. 
View manufacturer1 is appended with txns [632fe77cf39bde5f6d0e6f26481b832a074022b34c7050786c64ce832ac8d180]. 
	Associate view manufacturer1 with txn IDs [ '632fe77cf39bde5f6d0e6f26481b832a074022b34c7050786c64ce832ac8d180' ]
View warehouse1 is appended with txns [632fe77cf39bde5f6d0e6f26481b832a074022b34c7050786c64ce832ac8d180]. 
	Associate view warehouse1 with txn IDs [ '632fe77cf39bde5f6d0e6f26481b832a074022b34c7050786c64ce832ac8d180' ]
View delivery1 is appended with txns [632fe77cf39bde5f6d0e6f26481b832a074022b34c7050786c64ce832ac8d180]. 
	Associate view delivery1 with txn IDs [ '632fe77cf39bde5f6d0e6f26481b832a074022b34c7050786c64ce832ac8d180' ]
View warehouse2 is appended with txns [632fe77cf39bde5f6d0e6f26481b832a074022b34c7050786c64ce832ac8d180]. 
	Associate view warehouse2 with txn IDs [ '632fe77cf39bde5f6d0e6f26481b832a074022b34c7050786c64ce832ac8d180' ]
View shop1 is appended with txns [e046e2f944bdba73b79b3982dd147bb7f6e0a44fd156eaf74c86b89f2a480188,b32513892008c6c0ac290de7cbd95bd9f7c9214561a29e2de7e6d1391d733a23,34f02023aec9c3d2add5a4a32908a86aea153b859e9dfd60629d29c52bcee80c,632fe77cf39bde5f6d0e6f26481b832a074022b34c7050786c64ce832ac8d180]. 
	Associate view shop1 with txn IDs [
  'e046e2f944bdba73b79b3982dd147bb7f6e0a44fd156eaf74c86b89f2a480188',
  'b32513892008c6c0ac290de7cbd95bd9f7c9214561a29e2de7e6d1391d733a23',
  '34f02023aec9c3d2add5a4a32908a86aea153b859e9dfd60629d29c52bcee80c',
  '632fe77cf39bde5f6d0e6f26481b832a074022b34c7050786c64ce832ac8d180'
]
===============================================
A view owner prepares Txn 6(tid) to invoke Contract secretcontract with confidential part SECRET_PAYLOAD
	Create a random salt hetp2vos9
	Hash the confidential part into dc7372853826b76917ef0bfad81ea00c304aae649d3fbd6f2c407f0dfdc44814 
	Send a txn 7d91f7a99943cdb0488144344a5b1f02ade91dc9dca86b997f80ac5553374149 to invoke secretcontract with dc7372853826b76917ef0bfad81ea00c304aae649d3fbd6f2c407f0dfdc44814 as the secret part. 
View manufacturer1 is appended with txns [7d91f7a99943cdb0488144344a5b1f02ade91dc9dca86b997f80ac5553374149]. 
	Associate view manufacturer1 with txn IDs [ '7d91f7a99943cdb0488144344a5b1f02ade91dc9dca86b997f80ac5553374149' ]
View warehouse1 is appended with txns [7d91f7a99943cdb0488144344a5b1f02ade91dc9dca86b997f80ac5553374149]. 
	Associate view warehouse1 with txn IDs [ '7d91f7a99943cdb0488144344a5b1f02ade91dc9dca86b997f80ac5553374149' ]
===============================================
A view owner prepares Txn 7(tid) to invoke Contract secretcontract with confidential part SECRET_PAYLOAD
	Create a random salt 5j3iushok
	Hash the confidential part into 25cff8aaa38c33bfd33fabf90b86375121c0443f1f8e3a3153ba4357dfb19820 
	Send a txn 63a36c34a4bc6a0dc83312a376c44b108b25d6c763d3d2058a22a654f3d585a6 to invoke secretcontract with 25cff8aaa38c33bfd33fabf90b86375121c0443f1f8e3a3153ba4357dfb19820 as the secret part. 
View manufacturer2 is appended with txns [63a36c34a4bc6a0dc83312a376c44b108b25d6c763d3d2058a22a654f3d585a6]. 
	Associate view manufacturer2 with txn IDs [ '63a36c34a4bc6a0dc83312a376c44b108b25d6c763d3d2058a22a654f3d585a6' ]
View warehouse1 is appended with txns [63a36c34a4bc6a0dc83312a376c44b108b25d6c763d3d2058a22a654f3d585a6]. 
	Associate view warehouse1 with txn IDs [ '63a36c34a4bc6a0dc83312a376c44b108b25d6c763d3d2058a22a654f3d585a6' ]
===============================================
A view owner prepares Txn 8(tid) to invoke Contract secretcontract with confidential part SECRET_PAYLOAD
	Create a random salt tku2z852m
	Hash the confidential part into db5862ac4145d5ac2ca243618036123d230fef2d3f24f9d752c0ed5a4d405432 
	Send a txn d45fff58205c15b6e6ef3fada42fbcd7185049ed7f00745371859e1767db8cc6 to invoke secretcontract with db5862ac4145d5ac2ca243618036123d230fef2d3f24f9d752c0ed5a4d405432 as the secret part. 
View manufacturer1 is appended with txns [d45fff58205c15b6e6ef3fada42fbcd7185049ed7f00745371859e1767db8cc6]. 
	Associate view manufacturer1 with txn IDs [ 'd45fff58205c15b6e6ef3fada42fbcd7185049ed7f00745371859e1767db8cc6' ]
View warehouse1 is appended with txns [d45fff58205c15b6e6ef3fada42fbcd7185049ed7f00745371859e1767db8cc6]. 
	Associate view warehouse1 with txn IDs [ 'd45fff58205c15b6e6ef3fada42fbcd7185049ed7f00745371859e1767db8cc6' ]
View delivery1 is appended with txns [53152361d84cf4fb2cdcec01c9d2ff32bc84e75e12e1322c1a8c69515b69df4f,d45fff58205c15b6e6ef3fada42fbcd7185049ed7f00745371859e1767db8cc6]. 
	Associate view delivery1 with txn IDs [
  '53152361d84cf4fb2cdcec01c9d2ff32bc84e75e12e1322c1a8c69515b69df4f',
  'd45fff58205c15b6e6ef3fada42fbcd7185049ed7f00745371859e1767db8cc6'
]
===============================================
A view owner prepares Txn 9(tid) to invoke Contract secretcontract with confidential part SECRET_PAYLOAD
	Create a random salt clzab3bx
	Hash the confidential part into ff93ada5a40b37eb6cc672699bba57f950804bfd7637bccb0e7662c24b42bc5f 
	Send a txn 67b4314b2859db5e7b569d5df213c21892dedc406e6a5a38e9238a56497367fa to invoke secretcontract with ff93ada5a40b37eb6cc672699bba57f950804bfd7637bccb0e7662c24b42bc5f as the secret part. 
View manufacturer1 is appended with txns [67b4314b2859db5e7b569d5df213c21892dedc406e6a5a38e9238a56497367fa]. 
	Associate view manufacturer1 with txn IDs [ '67b4314b2859db5e7b569d5df213c21892dedc406e6a5a38e9238a56497367fa' ]
View warehouse1 is appended with txns [67b4314b2859db5e7b569d5df213c21892dedc406e6a5a38e9238a56497367fa]. 
	Associate view warehouse1 with txn IDs [ '67b4314b2859db5e7b569d5df213c21892dedc406e6a5a38e9238a56497367fa' ]
View delivery1 is appended with txns [7d91f7a99943cdb0488144344a5b1f02ade91dc9dca86b997f80ac5553374149,67b4314b2859db5e7b569d5df213c21892dedc406e6a5a38e9238a56497367fa]. 
	Associate view delivery1 with txn IDs [
  '7d91f7a99943cdb0488144344a5b1f02ade91dc9dca86b997f80ac5553374149',
  '67b4314b2859db5e7b569d5df213c21892dedc406e6a5a38e9238a56497367fa'
]
===============================================
A view owner prepares Txn 10(tid) to invoke Contract secretcontract with confidential part SECRET_PAYLOAD
	Create a random salt b1hbbyvg9
	Hash the confidential part into 2bb1d498c592263a7687e09eabc90237652090db8e9b0cfd5f314089e642cbd8 
	Send a txn 63c9e37dbc772b180e639ebb81a08b7cf2d34d43b3d74c9e44739738ee003d34 to invoke secretcontract with 2bb1d498c592263a7687e09eabc90237652090db8e9b0cfd5f314089e642cbd8 as the secret part. 
View manufacturer1 is appended with txns [63c9e37dbc772b180e639ebb81a08b7cf2d34d43b3d74c9e44739738ee003d34]. 
	Associate view manufacturer1 with txn IDs [ '63c9e37dbc772b180e639ebb81a08b7cf2d34d43b3d74c9e44739738ee003d34' ]
View warehouse1 is appended with txns [63c9e37dbc772b180e639ebb81a08b7cf2d34d43b3d74c9e44739738ee003d34]. 
	Associate view warehouse1 with txn IDs [ '63c9e37dbc772b180e639ebb81a08b7cf2d34d43b3d74c9e44739738ee003d34' ]
===============================================
A view owner prepares Txn 11(tid) to invoke Contract secretcontract with confidential part SECRET_PAYLOAD
	Create a random salt hxw7w3vd
	Hash the confidential part into b663781a35c57a785fd88ec0888d6a347dfab6fe060c8c9171be2223787535ef 
	Send a txn b6f058470af78dfba1669205d4cdcb7d3b86b91c314d61de9768dbd1768d1798 to invoke secretcontract with b663781a35c57a785fd88ec0888d6a347dfab6fe060c8c9171be2223787535ef as the secret part. 
View manufacturer1 is appended with txns [b6f058470af78dfba1669205d4cdcb7d3b86b91c314d61de9768dbd1768d1798]. 
	Associate view manufacturer1 with txn IDs [ 'b6f058470af78dfba1669205d4cdcb7d3b86b91c314d61de9768dbd1768d1798' ]
View warehouse1 is appended with txns [b6f058470af78dfba1669205d4cdcb7d3b86b91c314d61de9768dbd1768d1798]. 
	Associate view warehouse1 with txn IDs [ 'b6f058470af78dfba1669205d4cdcb7d3b86b91c314d61de9768dbd1768d1798' ]
View delivery1 is appended with txns [b6f058470af78dfba1669205d4cdcb7d3b86b91c314d61de9768dbd1768d1798]. 
	Associate view delivery1 with txn IDs [ 'b6f058470af78dfba1669205d4cdcb7d3b86b91c314d61de9768dbd1768d1798' ]
View warehouse2 is appended with txns [53152361d84cf4fb2cdcec01c9d2ff32bc84e75e12e1322c1a8c69515b69df4f,d45fff58205c15b6e6ef3fada42fbcd7185049ed7f00745371859e1767db8cc6,b6f058470af78dfba1669205d4cdcb7d3b86b91c314d61de9768dbd1768d1798]. 
	Associate view warehouse2 with txn IDs [
  '53152361d84cf4fb2cdcec01c9d2ff32bc84e75e12e1322c1a8c69515b69df4f',
  'd45fff58205c15b6e6ef3fada42fbcd7185049ed7f00745371859e1767db8cc6',
  'b6f058470af78dfba1669205d4cdcb7d3b86b91c314d61de9768dbd1768d1798'
]
===============================================
A view owner prepares Txn 12(tid) to invoke Contract secretcontract with confidential part SECRET_PAYLOAD
	Create a random salt twuu8iq59
	Hash the confidential part into e32a250e481d98c66956d54715eca9a974f6fe08a5164c7402a37553619f6aab 
	Send a txn 0a8f02f1336a15fbc03ca8193e5cbd1415569c536edcf6a7476bede0ae5e1890 to invoke secretcontract with e32a250e481d98c66956d54715eca9a974f6fe08a5164c7402a37553619f6aab as the secret part. 
View manufacturer1 is appended with txns [0a8f02f1336a15fbc03ca8193e5cbd1415569c536edcf6a7476bede0ae5e1890]. 
	Associate view manufacturer1 with txn IDs [ '0a8f02f1336a15fbc03ca8193e5cbd1415569c536edcf6a7476bede0ae5e1890' ]
View warehouse1 is appended with txns [0a8f02f1336a15fbc03ca8193e5cbd1415569c536edcf6a7476bede0ae5e1890]. 
	Associate view warehouse1 with txn IDs [ '0a8f02f1336a15fbc03ca8193e5cbd1415569c536edcf6a7476bede0ae5e1890' ]
===============================================
A view owner prepares Txn 13(tid) to invoke Contract secretcontract with confidential part SECRET_PAYLOAD
	Create a random salt 9495r8y6
	Hash the confidential part into 906bf74e9f7d2eae10f20ad6fe023e663ddee3832ac7cc967ece2184d841bda8 
	Send a txn 5951defa64e7ecd5d4f33f65eab800e2b10f5d32fe70a20cdf1bdffb31bc3852 to invoke secretcontract with 906bf74e9f7d2eae10f20ad6fe023e663ddee3832ac7cc967ece2184d841bda8 as the secret part. 
View manufacturer1 is appended with txns [5951defa64e7ecd5d4f33f65eab800e2b10f5d32fe70a20cdf1bdffb31bc3852]. 
	Associate view manufacturer1 with txn IDs [ '5951defa64e7ecd5d4f33f65eab800e2b10f5d32fe70a20cdf1bdffb31bc3852' ]
View warehouse1 is appended with txns [5951defa64e7ecd5d4f33f65eab800e2b10f5d32fe70a20cdf1bdffb31bc3852]. 
	Associate view warehouse1 with txn IDs [ '5951defa64e7ecd5d4f33f65eab800e2b10f5d32fe70a20cdf1bdffb31bc3852' ]
View delivery1 is appended with txns [5951defa64e7ecd5d4f33f65eab800e2b10f5d32fe70a20cdf1bdffb31bc3852]. 
	Associate view delivery1 with txn IDs [ '5951defa64e7ecd5d4f33f65eab800e2b10f5d32fe70a20cdf1bdffb31bc3852' ]
View warehouse2 is appended with txns [7d91f7a99943cdb0488144344a5b1f02ade91dc9dca86b997f80ac5553374149,67b4314b2859db5e7b569d5df213c21892dedc406e6a5a38e9238a56497367fa,5951defa64e7ecd5d4f33f65eab800e2b10f5d32fe70a20cdf1bdffb31bc3852]. 
	Associate view warehouse2 with txn IDs [
  '7d91f7a99943cdb0488144344a5b1f02ade91dc9dca86b997f80ac5553374149',
  '67b4314b2859db5e7b569d5df213c21892dedc406e6a5a38e9238a56497367fa',
  '5951defa64e7ecd5d4f33f65eab800e2b10f5d32fe70a20cdf1bdffb31bc3852'
]
===============================================
A view owner prepares Txn 14(tid) to invoke Contract secretcontract with confidential part SECRET_PAYLOAD
	Create a random salt jelbehf9o
	Hash the confidential part into 1de17c918a7ff3ea570fbe9f01dde57f8f2240437bdd3a312e5db2b64d40ac95 
	Send a txn 8522234b7b5ff3a1138366f6532ee8ccfe604c9da4c5f4f4ec384089b7dd58d1 to invoke secretcontract with 1de17c918a7ff3ea570fbe9f01dde57f8f2240437bdd3a312e5db2b64d40ac95 as the secret part. 
View manufacturer1 is appended with txns [8522234b7b5ff3a1138366f6532ee8ccfe604c9da4c5f4f4ec384089b7dd58d1]. 
	Associate view manufacturer1 with txn IDs [ '8522234b7b5ff3a1138366f6532ee8ccfe604c9da4c5f4f4ec384089b7dd58d1' ]
View warehouse1 is appended with txns [8522234b7b5ff3a1138366f6532ee8ccfe604c9da4c5f4f4ec384089b7dd58d1]. 
	Associate view warehouse1 with txn IDs [ '8522234b7b5ff3a1138366f6532ee8ccfe604c9da4c5f4f4ec384089b7dd58d1' ]
View delivery2 is appended with txns [0a8f02f1336a15fbc03ca8193e5cbd1415569c536edcf6a7476bede0ae5e1890,8522234b7b5ff3a1138366f6532ee8ccfe604c9da4c5f4f4ec384089b7dd58d1]. 
	Associate view delivery2 with txn IDs [
  '0a8f02f1336a15fbc03ca8193e5cbd1415569c536edcf6a7476bede0ae5e1890',
  '8522234b7b5ff3a1138366f6532ee8ccfe604c9da4c5f4f4ec384089b7dd58d1'
]
===============================================
A view owner prepares Txn 15(tid) to invoke Contract secretcontract with confidential part SECRET_PAYLOAD
	Create a random salt 4zee5nyp
	Hash the confidential part into 2bfe3294d6fe5b81135bcb776414ff0ad6ea3611c878338f400488d94e6141f6 
	Send a txn 86d21bd1304d6e27abe4516090e82fd6330af531e8b76119bd950becebed4baa to invoke secretcontract with 2bfe3294d6fe5b81135bcb776414ff0ad6ea3611c878338f400488d94e6141f6 as the secret part. 
View manufacturer1 is appended with txns [86d21bd1304d6e27abe4516090e82fd6330af531e8b76119bd950becebed4baa]. 
	Associate view manufacturer1 with txn IDs [ '86d21bd1304d6e27abe4516090e82fd6330af531e8b76119bd950becebed4baa' ]
View warehouse1 is appended with txns [86d21bd1304d6e27abe4516090e82fd6330af531e8b76119bd950becebed4baa]. 
	Associate view warehouse1 with txn IDs [ '86d21bd1304d6e27abe4516090e82fd6330af531e8b76119bd950becebed4baa' ]
View delivery1 is appended with txns [86d21bd1304d6e27abe4516090e82fd6330af531e8b76119bd950becebed4baa]. 
	Associate view delivery1 with txn IDs [ '86d21bd1304d6e27abe4516090e82fd6330af531e8b76119bd950becebed4baa' ]
View warehouse2 is appended with txns [86d21bd1304d6e27abe4516090e82fd6330af531e8b76119bd950becebed4baa]. 
	Associate view warehouse2 with txn IDs [ '86d21bd1304d6e27abe4516090e82fd6330af531e8b76119bd950becebed4baa' ]
View shop5 is appended with txns [7d91f7a99943cdb0488144344a5b1f02ade91dc9dca86b997f80ac5553374149,67b4314b2859db5e7b569d5df213c21892dedc406e6a5a38e9238a56497367fa,5951defa64e7ecd5d4f33f65eab800e2b10f5d32fe70a20cdf1bdffb31bc3852,86d21bd1304d6e27abe4516090e82fd6330af531e8b76119bd950becebed4baa]. 
	Associate view shop5 with txn IDs [
  '7d91f7a99943cdb0488144344a5b1f02ade91dc9dca86b997f80ac5553374149',
  '67b4314b2859db5e7b569d5df213c21892dedc406e6a5a38e9238a56497367fa',
  '5951defa64e7ecd5d4f33f65eab800e2b10f5d32fe70a20cdf1bdffb31bc3852',
  '86d21bd1304d6e27abe4516090e82fd6330af531e8b76119bd950becebed4baa'
]
===============================================
A view owner prepares Txn 16(tid) to invoke Contract secretcontract with confidential part SECRET_PAYLOAD
	Create a random salt oyvmn6k0x
	Hash the confidential part into 55dbb7e68d6ab0b8639588b69d59e1e6979f77117c68563b224f69cea109f20e 
	Send a txn f9758eae63a1950f248638adf996418ba2abf8bc30cd6f968ca0bf1811b94359 to invoke secretcontract with 55dbb7e68d6ab0b8639588b69d59e1e6979f77117c68563b224f69cea109f20e as the secret part. 
View manufacturer1 is appended with txns [f9758eae63a1950f248638adf996418ba2abf8bc30cd6f968ca0bf1811b94359]. 
	Associate view manufacturer1 with txn IDs [ 'f9758eae63a1950f248638adf996418ba2abf8bc30cd6f968ca0bf1811b94359' ]
View warehouse1 is appended with txns [f9758eae63a1950f248638adf996418ba2abf8bc30cd6f968ca0bf1811b94359]. 
	Associate view warehouse1 with txn IDs [ 'f9758eae63a1950f248638adf996418ba2abf8bc30cd6f968ca0bf1811b94359' ]
===============================================
A view owner prepares Txn 17(tid) to invoke Contract secretcontract with confidential part SECRET_PAYLOAD
	Create a random salt 7mq7t7ne
	Hash the confidential part into c0082c42a8d62d7e58a689d60d1a3b920ed3005f20fd611cc73e1335927587ff 
	Send a txn f48d2d91b888a195da6621f6f1844b1b22a401ba552de4f86863879156681547 to invoke secretcontract with c0082c42a8d62d7e58a689d60d1a3b920ed3005f20fd611cc73e1335927587ff as the secret part. 
View manufacturer1 is appended with txns [f48d2d91b888a195da6621f6f1844b1b22a401ba552de4f86863879156681547]. 
	Associate view manufacturer1 with txn IDs [ 'f48d2d91b888a195da6621f6f1844b1b22a401ba552de4f86863879156681547' ]
View warehouse1 is appended with txns [f48d2d91b888a195da6621f6f1844b1b22a401ba552de4f86863879156681547]. 
	Associate view warehouse1 with txn IDs [ 'f48d2d91b888a195da6621f6f1844b1b22a401ba552de4f86863879156681547' ]
View delivery1 is appended with txns [f48d2d91b888a195da6621f6f1844b1b22a401ba552de4f86863879156681547]. 
	Associate view delivery1 with txn IDs [ 'f48d2d91b888a195da6621f6f1844b1b22a401ba552de4f86863879156681547' ]
View warehouse2 is appended with txns [f48d2d91b888a195da6621f6f1844b1b22a401ba552de4f86863879156681547]. 
	Associate view warehouse2 with txn IDs [ 'f48d2d91b888a195da6621f6f1844b1b22a401ba552de4f86863879156681547' ]
View shop2 is appended with txns [53152361d84cf4fb2cdcec01c9d2ff32bc84e75e12e1322c1a8c69515b69df4f,d45fff58205c15b6e6ef3fada42fbcd7185049ed7f00745371859e1767db8cc6,b6f058470af78dfba1669205d4cdcb7d3b86b91c314d61de9768dbd1768d1798,f48d2d91b888a195da6621f6f1844b1b22a401ba552de4f86863879156681547]. 
	Associate view shop2 with txn IDs [
  '53152361d84cf4fb2cdcec01c9d2ff32bc84e75e12e1322c1a8c69515b69df4f',
  'd45fff58205c15b6e6ef3fada42fbcd7185049ed7f00745371859e1767db8cc6',
  'b6f058470af78dfba1669205d4cdcb7d3b86b91c314d61de9768dbd1768d1798',
  'f48d2d91b888a195da6621f6f1844b1b22a401ba552de4f86863879156681547'
]
===============================================
A view owner prepares Txn 18(tid) to invoke Contract secretcontract with confidential part SECRET_PAYLOAD
	Create a random salt fuwcgfbym
	Hash the confidential part into 0f7906f3153d97f7aeca2e580c48ae499339b53e313d2fc5522bfbf9ea273fc2 
	Send a txn 99fb773e73c19c53986c3841c2b127093118a3b52ccef368aa20fd6dbd380f6f to invoke secretcontract with 0f7906f3153d97f7aeca2e580c48ae499339b53e313d2fc5522bfbf9ea273fc2 as the secret part. 
View manufacturer1 is appended with txns [99fb773e73c19c53986c3841c2b127093118a3b52ccef368aa20fd6dbd380f6f]. 
	Associate view manufacturer1 with txn IDs [ '99fb773e73c19c53986c3841c2b127093118a3b52ccef368aa20fd6dbd380f6f' ]
View warehouse1 is appended with txns [99fb773e73c19c53986c3841c2b127093118a3b52ccef368aa20fd6dbd380f6f]. 
	Associate view warehouse1 with txn IDs [ '99fb773e73c19c53986c3841c2b127093118a3b52ccef368aa20fd6dbd380f6f' ]
View delivery2 is appended with txns [99fb773e73c19c53986c3841c2b127093118a3b52ccef368aa20fd6dbd380f6f]. 
	Associate view delivery2 with txn IDs [ '99fb773e73c19c53986c3841c2b127093118a3b52ccef368aa20fd6dbd380f6f' ]
View warehouse3 is appended with txns [0a8f02f1336a15fbc03ca8193e5cbd1415569c536edcf6a7476bede0ae5e1890,8522234b7b5ff3a1138366f6532ee8ccfe604c9da4c5f4f4ec384089b7dd58d1,99fb773e73c19c53986c3841c2b127093118a3b52ccef368aa20fd6dbd380f6f]. 
	Associate view warehouse3 with txn IDs [
  '0a8f02f1336a15fbc03ca8193e5cbd1415569c536edcf6a7476bede0ae5e1890',
  '8522234b7b5ff3a1138366f6532ee8ccfe604c9da4c5f4f4ec384089b7dd58d1',
  '99fb773e73c19c53986c3841c2b127093118a3b52ccef368aa20fd6dbd380f6f'
]
===============================================
A view owner prepares Txn 19(tid) to invoke Contract secretcontract with confidential part SECRET_PAYLOAD
	Create a random salt 66nmq30s
	Hash the confidential part into 90833a9cc9c62d9a8b9c5fd7b91e4ba58ce502d2643ee7f03a1d15501504442d 
	Send a txn 6a2bbe796b3e8f33913b36d641c1c991874898e91c98c27ce9baa37528bc90e7 to invoke secretcontract with 90833a9cc9c62d9a8b9c5fd7b91e4ba58ce502d2643ee7f03a1d15501504442d as the secret part. 
View manufacturer2 is appended with txns [6a2bbe796b3e8f33913b36d641c1c991874898e91c98c27ce9baa37528bc90e7]. 
	Associate view manufacturer2 with txn IDs [ '6a2bbe796b3e8f33913b36d641c1c991874898e91c98c27ce9baa37528bc90e7' ]
View warehouse1 is appended with txns [6a2bbe796b3e8f33913b36d641c1c991874898e91c98c27ce9baa37528bc90e7]. 
	Associate view warehouse1 with txn IDs [ '6a2bbe796b3e8f33913b36d641c1c991874898e91c98c27ce9baa37528bc90e7' ]
View delivery1 is appended with txns [63a36c34a4bc6a0dc83312a376c44b108b25d6c763d3d2058a22a654f3d585a6,6a2bbe796b3e8f33913b36d641c1c991874898e91c98c27ce9baa37528bc90e7]. 
	Associate view delivery1 with txn IDs [
  '63a36c34a4bc6a0dc83312a376c44b108b25d6c763d3d2058a22a654f3d585a6',
  '6a2bbe796b3e8f33913b36d641c1c991874898e91c98c27ce9baa37528bc90e7'
]
===============================================
A view owner prepares Txn 20(tid) to invoke Contract secretcontract with confidential part SECRET_PAYLOAD
	Create a random salt hh5m4jhor
	Hash the confidential part into 7aa278d5cfd3b6a2af8b4e88e1b0c37f703f1a0a7b87a3746b9985b487acf938 
	Send a txn ae290fcc7256888c59461d3952031ccc9c63e85c7008cf169a2b70cbe1a8c4f8 to invoke secretcontract with 7aa278d5cfd3b6a2af8b4e88e1b0c37f703f1a0a7b87a3746b9985b487acf938 as the secret part. 
View manufacturer1 is appended with txns [ae290fcc7256888c59461d3952031ccc9c63e85c7008cf169a2b70cbe1a8c4f8]. 
	Associate view manufacturer1 with txn IDs [ 'ae290fcc7256888c59461d3952031ccc9c63e85c7008cf169a2b70cbe1a8c4f8' ]
View warehouse1 is appended with txns [ae290fcc7256888c59461d3952031ccc9c63e85c7008cf169a2b70cbe1a8c4f8]. 
	Associate view warehouse1 with txn IDs [ 'ae290fcc7256888c59461d3952031ccc9c63e85c7008cf169a2b70cbe1a8c4f8' ]
View delivery2 is appended with txns [ae290fcc7256888c59461d3952031ccc9c63e85c7008cf169a2b70cbe1a8c4f8]. 
	Associate view delivery2 with txn IDs [ 'ae290fcc7256888c59461d3952031ccc9c63e85c7008cf169a2b70cbe1a8c4f8' ]
View warehouse3 is appended with txns [ae290fcc7256888c59461d3952031ccc9c63e85c7008cf169a2b70cbe1a8c4f8]. 
	Associate view warehouse3 with txn IDs [ 'ae290fcc7256888c59461d3952031ccc9c63e85c7008cf169a2b70cbe1a8c4f8' ]
View shop5 is appended with txns [0a8f02f1336a15fbc03ca8193e5cbd1415569c536edcf6a7476bede0ae5e1890,8522234b7b5ff3a1138366f6532ee8ccfe604c9da4c5f4f4ec384089b7dd58d1,99fb773e73c19c53986c3841c2b127093118a3b52ccef368aa20fd6dbd380f6f,ae290fcc7256888c59461d3952031ccc9c63e85c7008cf169a2b70cbe1a8c4f8]. 
	Associate view shop5 with txn IDs [
  '0a8f02f1336a15fbc03ca8193e5cbd1415569c536edcf6a7476bede0ae5e1890',
  '8522234b7b5ff3a1138366f6532ee8ccfe604c9da4c5f4f4ec384089b7dd58d1',
  '99fb773e73c19c53986c3841c2b127093118a3b52ccef368aa20fd6dbd380f6f',
  'ae290fcc7256888c59461d3952031ccc9c63e85c7008cf169a2b70cbe1a8c4f8'
]
===============================================
A view owner prepares Txn 21(tid) to invoke Contract secretcontract with confidential part SECRET_PAYLOAD
	Create a random salt 36segi22p
	Hash the confidential part into 421f30a7df9a2e322ced1384d89f50b9f9c74ab0ecaa338eef2915ce5b37db56 
	Send a txn d2816a4dc3196b8b78c0724720492dc1cf8d4522da18efd74d320d159d38e91a to invoke secretcontract with 421f30a7df9a2e322ced1384d89f50b9f9c74ab0ecaa338eef2915ce5b37db56 as the secret part. 
View manufacturer1 is appended with txns [d2816a4dc3196b8b78c0724720492dc1cf8d4522da18efd74d320d159d38e91a]. 
	Associate view manufacturer1 with txn IDs [ 'd2816a4dc3196b8b78c0724720492dc1cf8d4522da18efd74d320d159d38e91a' ]
View warehouse1 is appended with txns [d2816a4dc3196b8b78c0724720492dc1cf8d4522da18efd74d320d159d38e91a]. 
	Associate view warehouse1 with txn IDs [ 'd2816a4dc3196b8b78c0724720492dc1cf8d4522da18efd74d320d159d38e91a' ]
===============================================
A view owner prepares Txn 22(tid) to invoke Contract secretcontract with confidential part SECRET_PAYLOAD
	Create a random salt x74nhm3z
	Hash the confidential part into 5b0d584f39e93843a0faf5896914ec7420f2c7021686dd29bbbbb874cfb58bf1 
	Send a txn 5b00f5f39d90837ba1930a9e037bd6a588576586f37a329a33d42d4bc85e273e to invoke secretcontract with 5b0d584f39e93843a0faf5896914ec7420f2c7021686dd29bbbbb874cfb58bf1 as the secret part. 
View manufacturer1 is appended with txns [5b00f5f39d90837ba1930a9e037bd6a588576586f37a329a33d42d4bc85e273e]. 
	Associate view manufacturer1 with txn IDs [ '5b00f5f39d90837ba1930a9e037bd6a588576586f37a329a33d42d4bc85e273e' ]
View warehouse1 is appended with txns [5b00f5f39d90837ba1930a9e037bd6a588576586f37a329a33d42d4bc85e273e]. 
	Associate view warehouse1 with txn IDs [ '5b00f5f39d90837ba1930a9e037bd6a588576586f37a329a33d42d4bc85e273e' ]
View delivery2 is appended with txns [63c9e37dbc772b180e639ebb81a08b7cf2d34d43b3d74c9e44739738ee003d34,5b00f5f39d90837ba1930a9e037bd6a588576586f37a329a33d42d4bc85e273e]. 
	Associate view delivery2 with txn IDs [
  '63c9e37dbc772b180e639ebb81a08b7cf2d34d43b3d74c9e44739738ee003d34',
  '5b00f5f39d90837ba1930a9e037bd6a588576586f37a329a33d42d4bc85e273e'
]
===============================================
A view owner prepares Txn 23(tid) to invoke Contract secretcontract with confidential part SECRET_PAYLOAD
	Create a random salt 83dsf79gc
	Hash the confidential part into 174f6bba27adcc0a70dd3f58c330f1adc5f0eb3d97f2410ad833fe71f62644db 
	Send a txn 60a14c81a5ef195c211f6fb65335cf5105624d7cc2d7b6a250e2bbbdebb01943 to invoke secretcontract with 174f6bba27adcc0a70dd3f58c330f1adc5f0eb3d97f2410ad833fe71f62644db as the secret part. 
View manufacturer2 is appended with txns [60a14c81a5ef195c211f6fb65335cf5105624d7cc2d7b6a250e2bbbdebb01943]. 
	Associate view manufacturer2 with txn IDs [ '60a14c81a5ef195c211f6fb65335cf5105624d7cc2d7b6a250e2bbbdebb01943' ]
View warehouse1 is appended with txns [60a14c81a5ef195c211f6fb65335cf5105624d7cc2d7b6a250e2bbbdebb01943]. 
	Associate view warehouse1 with txn IDs [ '60a14c81a5ef195c211f6fb65335cf5105624d7cc2d7b6a250e2bbbdebb01943' ]
View delivery1 is appended with txns [60a14c81a5ef195c211f6fb65335cf5105624d7cc2d7b6a250e2bbbdebb01943]. 
	Associate view delivery1 with txn IDs [ '60a14c81a5ef195c211f6fb65335cf5105624d7cc2d7b6a250e2bbbdebb01943' ]
View warehouse2 is appended with txns [63a36c34a4bc6a0dc83312a376c44b108b25d6c763d3d2058a22a654f3d585a6,6a2bbe796b3e8f33913b36d641c1c991874898e91c98c27ce9baa37528bc90e7,60a14c81a5ef195c211f6fb65335cf5105624d7cc2d7b6a250e2bbbdebb01943]. 
	Associate view warehouse2 with txn IDs [
  '63a36c34a4bc6a0dc83312a376c44b108b25d6c763d3d2058a22a654f3d585a6',
  '6a2bbe796b3e8f33913b36d641c1c991874898e91c98c27ce9baa37528bc90e7',
  '60a14c81a5ef195c211f6fb65335cf5105624d7cc2d7b6a250e2bbbdebb01943'
]
===============================================
A view owner prepares Txn 24(tid) to invoke Contract secretcontract with confidential part SECRET_PAYLOAD
	Create a random salt l39gmo28
	Hash the confidential part into ab5ed429cce1686c49af88d2cb95a58801fd2c7431997cdccbe008ad99eef452 
	Send a txn 348963588fa6a9c38330a05ebd5d1ba958ea319ea309af1972d9d3eb8bb79ffa to invoke secretcontract with ab5ed429cce1686c49af88d2cb95a58801fd2c7431997cdccbe008ad99eef452 as the secret part. 
View manufacturer1 is appended with txns [348963588fa6a9c38330a05ebd5d1ba958ea319ea309af1972d9d3eb8bb79ffa]. 
	Associate view manufacturer1 with txn IDs [ '348963588fa6a9c38330a05ebd5d1ba958ea319ea309af1972d9d3eb8bb79ffa' ]
View warehouse1 is appended with txns [348963588fa6a9c38330a05ebd5d1ba958ea319ea309af1972d9d3eb8bb79ffa]. 
	Associate view warehouse1 with txn IDs [ '348963588fa6a9c38330a05ebd5d1ba958ea319ea309af1972d9d3eb8bb79ffa' ]
View delivery2 is appended with txns [348963588fa6a9c38330a05ebd5d1ba958ea319ea309af1972d9d3eb8bb79ffa]. 
	Associate view delivery2 with txn IDs [ '348963588fa6a9c38330a05ebd5d1ba958ea319ea309af1972d9d3eb8bb79ffa' ]
View warehouse3 is appended with txns [63c9e37dbc772b180e639ebb81a08b7cf2d34d43b3d74c9e44739738ee003d34,5b00f5f39d90837ba1930a9e037bd6a588576586f37a329a33d42d4bc85e273e,348963588fa6a9c38330a05ebd5d1ba958ea319ea309af1972d9d3eb8bb79ffa]. 
	Associate view warehouse3 with txn IDs [
  '63c9e37dbc772b180e639ebb81a08b7cf2d34d43b3d74c9e44739738ee003d34',
  '5b00f5f39d90837ba1930a9e037bd6a588576586f37a329a33d42d4bc85e273e',
  '348963588fa6a9c38330a05ebd5d1ba958ea319ea309af1972d9d3eb8bb79ffa'
]
===============================================
A view owner prepares Txn 25(tid) to invoke Contract secretcontract with confidential part SECRET_PAYLOAD
	Create a random salt esn6bprzu
	Hash the confidential part into 4311ca231f5db6f92b9d41e4c20fe90f9299cbabd4a534aceb3da977c59ad705 
	Send a txn d0aff15c1ed3b6efb47edf461a0205250e0fd6618b6ec5b095f54e671bd3a6d7 to invoke secretcontract with 4311ca231f5db6f92b9d41e4c20fe90f9299cbabd4a534aceb3da977c59ad705 as the secret part. 
View manufacturer1 is appended with txns [d0aff15c1ed3b6efb47edf461a0205250e0fd6618b6ec5b095f54e671bd3a6d7]. 
	Associate view manufacturer1 with txn IDs [ 'd0aff15c1ed3b6efb47edf461a0205250e0fd6618b6ec5b095f54e671bd3a6d7' ]
View warehouse1 is appended with txns [d0aff15c1ed3b6efb47edf461a0205250e0fd6618b6ec5b095f54e671bd3a6d7]. 
	Associate view warehouse1 with txn IDs [ 'd0aff15c1ed3b6efb47edf461a0205250e0fd6618b6ec5b095f54e671bd3a6d7' ]
View delivery2 is appended with txns [d0aff15c1ed3b6efb47edf461a0205250e0fd6618b6ec5b095f54e671bd3a6d7]. 
	Associate view delivery2 with txn IDs [ 'd0aff15c1ed3b6efb47edf461a0205250e0fd6618b6ec5b095f54e671bd3a6d7' ]
View warehouse3 is appended with txns [d0aff15c1ed3b6efb47edf461a0205250e0fd6618b6ec5b095f54e671bd3a6d7]. 
	Associate view warehouse3 with txn IDs [ 'd0aff15c1ed3b6efb47edf461a0205250e0fd6618b6ec5b095f54e671bd3a6d7' ]
View shop7 is appended with txns [63c9e37dbc772b180e639ebb81a08b7cf2d34d43b3d74c9e44739738ee003d34,5b00f5f39d90837ba1930a9e037bd6a588576586f37a329a33d42d4bc85e273e,348963588fa6a9c38330a05ebd5d1ba958ea319ea309af1972d9d3eb8bb79ffa,d0aff15c1ed3b6efb47edf461a0205250e0fd6618b6ec5b095f54e671bd3a6d7]. 
	Associate view shop7 with txn IDs [
  '63c9e37dbc772b180e639ebb81a08b7cf2d34d43b3d74c9e44739738ee003d34',
  '5b00f5f39d90837ba1930a9e037bd6a588576586f37a329a33d42d4bc85e273e',
  '348963588fa6a9c38330a05ebd5d1ba958ea319ea309af1972d9d3eb8bb79ffa',
  'd0aff15c1ed3b6efb47edf461a0205250e0fd6618b6ec5b095f54e671bd3a6d7'
]
===============================================
A view owner prepares Txn 26(tid) to invoke Contract secretcontract with confidential part SECRET_PAYLOAD
	Create a random salt 5b90iqhpu
	Hash the confidential part into 79926d34b6f7335e72ffeb451f8e0bfed8070210d4d8be573d06dd95e680063b 
	Send a txn 5f2eb744f4f4106b7906d51612e505f231c35158b041df5d67b2f23d2bcc46f2 to invoke secretcontract with 79926d34b6f7335e72ffeb451f8e0bfed8070210d4d8be573d06dd95e680063b as the secret part. 
View manufacturer1 is appended with txns [5f2eb744f4f4106b7906d51612e505f231c35158b041df5d67b2f23d2bcc46f2]. 
	Associate view manufacturer1 with txn IDs [ '5f2eb744f4f4106b7906d51612e505f231c35158b041df5d67b2f23d2bcc46f2' ]
View warehouse1 is appended with txns [5f2eb744f4f4106b7906d51612e505f231c35158b041df5d67b2f23d2bcc46f2]. 
	Associate view warehouse1 with txn IDs [ '5f2eb744f4f4106b7906d51612e505f231c35158b041df5d67b2f23d2bcc46f2' ]
===============================================
A view owner prepares Txn 27(tid) to invoke Contract secretcontract with confidential part SECRET_PAYLOAD
	Create a random salt antu0eu1m
	Hash the confidential part into 81ccbc4921a6e3d4fb539f4e13f171347aff3b034dda3f04fe11bcf66f6ae393 
	Send a txn c37e5d7c7de46092639b89347e634b796abd0ef8947e6f022d5ef5dd389ac600 to invoke secretcontract with 81ccbc4921a6e3d4fb539f4e13f171347aff3b034dda3f04fe11bcf66f6ae393 as the secret part. 
View manufacturer1 is appended with txns [c37e5d7c7de46092639b89347e634b796abd0ef8947e6f022d5ef5dd389ac600]. 
	Associate view manufacturer1 with txn IDs [ 'c37e5d7c7de46092639b89347e634b796abd0ef8947e6f022d5ef5dd389ac600' ]
View warehouse1 is appended with txns [c37e5d7c7de46092639b89347e634b796abd0ef8947e6f022d5ef5dd389ac600]. 
	Associate view warehouse1 with txn IDs [ 'c37e5d7c7de46092639b89347e634b796abd0ef8947e6f022d5ef5dd389ac600' ]
View delivery1 is appended with txns [5f2eb744f4f4106b7906d51612e505f231c35158b041df5d67b2f23d2bcc46f2,c37e5d7c7de46092639b89347e634b796abd0ef8947e6f022d5ef5dd389ac600]. 
	Associate view delivery1 with txn IDs [
  '5f2eb744f4f4106b7906d51612e505f231c35158b041df5d67b2f23d2bcc46f2',
  'c37e5d7c7de46092639b89347e634b796abd0ef8947e6f022d5ef5dd389ac600'
]
===============================================
A view owner prepares Txn 28(tid) to invoke Contract secretcontract with confidential part SECRET_PAYLOAD
	Create a random salt 55k1675yc
	Hash the confidential part into 6df1bf09d43d6fec44cb5e07350cbae92aaa96e641ca36c155ff837090b28386 
	Send a txn ce06da8ddb224308732ab72b686629918ed2d9ee4bb7f7134b3323587b0d419d to invoke secretcontract with 6df1bf09d43d6fec44cb5e07350cbae92aaa96e641ca36c155ff837090b28386 as the secret part. 
View manufacturer2 is appended with txns [ce06da8ddb224308732ab72b686629918ed2d9ee4bb7f7134b3323587b0d419d]. 
	Associate view manufacturer2 with txn IDs [ 'ce06da8ddb224308732ab72b686629918ed2d9ee4bb7f7134b3323587b0d419d' ]
View warehouse1 is appended with txns [ce06da8ddb224308732ab72b686629918ed2d9ee4bb7f7134b3323587b0d419d]. 
	Associate view warehouse1 with txn IDs [ 'ce06da8ddb224308732ab72b686629918ed2d9ee4bb7f7134b3323587b0d419d' ]
View delivery1 is appended with txns [ce06da8ddb224308732ab72b686629918ed2d9ee4bb7f7134b3323587b0d419d]. 
	Associate view delivery1 with txn IDs [ 'ce06da8ddb224308732ab72b686629918ed2d9ee4bb7f7134b3323587b0d419d' ]
View warehouse2 is appended with txns [ce06da8ddb224308732ab72b686629918ed2d9ee4bb7f7134b3323587b0d419d]. 
	Associate view warehouse2 with txn IDs [ 'ce06da8ddb224308732ab72b686629918ed2d9ee4bb7f7134b3323587b0d419d' ]
View shop4 is appended with txns [63a36c34a4bc6a0dc83312a376c44b108b25d6c763d3d2058a22a654f3d585a6,6a2bbe796b3e8f33913b36d641c1c991874898e91c98c27ce9baa37528bc90e7,60a14c81a5ef195c211f6fb65335cf5105624d7cc2d7b6a250e2bbbdebb01943,ce06da8ddb224308732ab72b686629918ed2d9ee4bb7f7134b3323587b0d419d]. 
	Associate view shop4 with txn IDs [
  '63a36c34a4bc6a0dc83312a376c44b108b25d6c763d3d2058a22a654f3d585a6',
  '6a2bbe796b3e8f33913b36d641c1c991874898e91c98c27ce9baa37528bc90e7',
  '60a14c81a5ef195c211f6fb65335cf5105624d7cc2d7b6a250e2bbbdebb01943',
  'ce06da8ddb224308732ab72b686629918ed2d9ee4bb7f7134b3323587b0d419d'
]
===============================================
A view owner prepares Txn 29(tid) to invoke Contract secretcontract with confidential part SECRET_PAYLOAD
	Create a random salt nt8s9iwb7
	Hash the confidential part into 938ef15b6578dba0f2b1c2e3ad482c9698d91cb0b9bb1aeb6950498d4fdba9ca 
	Send a txn a8c45812df87347a08033a5c6ce6440ee3ed1f0c0674df3a9854e3ce9095a18c to invoke secretcontract with 938ef15b6578dba0f2b1c2e3ad482c9698d91cb0b9bb1aeb6950498d4fdba9ca as the secret part. 
View manufacturer1 is appended with txns [a8c45812df87347a08033a5c6ce6440ee3ed1f0c0674df3a9854e3ce9095a18c]. 
	Associate view manufacturer1 with txn IDs [ 'a8c45812df87347a08033a5c6ce6440ee3ed1f0c0674df3a9854e3ce9095a18c' ]
View warehouse1 is appended with txns [a8c45812df87347a08033a5c6ce6440ee3ed1f0c0674df3a9854e3ce9095a18c]. 
	Associate view warehouse1 with txn IDs [ 'a8c45812df87347a08033a5c6ce6440ee3ed1f0c0674df3a9854e3ce9095a18c' ]
View delivery2 is appended with txns [d2816a4dc3196b8b78c0724720492dc1cf8d4522da18efd74d320d159d38e91a,a8c45812df87347a08033a5c6ce6440ee3ed1f0c0674df3a9854e3ce9095a18c]. 
	Associate view delivery2 with txn IDs [
  'd2816a4dc3196b8b78c0724720492dc1cf8d4522da18efd74d320d159d38e91a',
  'a8c45812df87347a08033a5c6ce6440ee3ed1f0c0674df3a9854e3ce9095a18c'
]
===============================================
A view owner prepares Txn 30(tid) to invoke Contract secretcontract with confidential part SECRET_PAYLOAD
	Create a random salt prs8by8ne
	Hash the confidential part into 46cf4aa9a96a0f6077765c42281305cb1c28e6963582dd67794a995a3ca8319c 
	Send a txn 0043619cf9c5a7222ba3b060ab5c7f71161703ab23fe01242b547c99f329774a to invoke secretcontract with 46cf4aa9a96a0f6077765c42281305cb1c28e6963582dd67794a995a3ca8319c as the secret part. 
View manufacturer1 is appended with txns [0043619cf9c5a7222ba3b060ab5c7f71161703ab23fe01242b547c99f329774a]. 
	Associate view manufacturer1 with txn IDs [ '0043619cf9c5a7222ba3b060ab5c7f71161703ab23fe01242b547c99f329774a' ]
View warehouse1 is appended with txns [0043619cf9c5a7222ba3b060ab5c7f71161703ab23fe01242b547c99f329774a]. 
	Associate view warehouse1 with txn IDs [ '0043619cf9c5a7222ba3b060ab5c7f71161703ab23fe01242b547c99f329774a' ]
View delivery2 is appended with txns [0043619cf9c5a7222ba3b060ab5c7f71161703ab23fe01242b547c99f329774a]. 
	Associate view delivery2 with txn IDs [ '0043619cf9c5a7222ba3b060ab5c7f71161703ab23fe01242b547c99f329774a' ]
View warehouse3 is appended with txns [d2816a4dc3196b8b78c0724720492dc1cf8d4522da18efd74d320d159d38e91a,a8c45812df87347a08033a5c6ce6440ee3ed1f0c0674df3a9854e3ce9095a18c,0043619cf9c5a7222ba3b060ab5c7f71161703ab23fe01242b547c99f329774a]. 
	Associate view warehouse3 with txn IDs [
  'd2816a4dc3196b8b78c0724720492dc1cf8d4522da18efd74d320d159d38e91a',
  'a8c45812df87347a08033a5c6ce6440ee3ed1f0c0674df3a9854e3ce9095a18c',
  '0043619cf9c5a7222ba3b060ab5c7f71161703ab23fe01242b547c99f329774a'
]
===============================================
A view owner prepares Txn 31(tid) to invoke Contract secretcontract with confidential part SECRET_PAYLOAD
	Create a random salt jyen0kl3f
	Hash the confidential part into 80ae7b0956f6f7b90389527bfe5672a261f9876854e3ebeb35896683d047281f 
	Send a txn 5012a210576b4976a7c72028dc1b2eebfac7019991b1e1d5e7288dc29db34e81 to invoke secretcontract with 80ae7b0956f6f7b90389527bfe5672a261f9876854e3ebeb35896683d047281f as the secret part. 
View manufacturer1 is appended with txns [5012a210576b4976a7c72028dc1b2eebfac7019991b1e1d5e7288dc29db34e81]. 
	Associate view manufacturer1 with txn IDs [ '5012a210576b4976a7c72028dc1b2eebfac7019991b1e1d5e7288dc29db34e81' ]
View warehouse1 is appended with txns [5012a210576b4976a7c72028dc1b2eebfac7019991b1e1d5e7288dc29db34e81]. 
	Associate view warehouse1 with txn IDs [ '5012a210576b4976a7c72028dc1b2eebfac7019991b1e1d5e7288dc29db34e81' ]
View delivery2 is appended with txns [5012a210576b4976a7c72028dc1b2eebfac7019991b1e1d5e7288dc29db34e81]. 
	Associate view delivery2 with txn IDs [ '5012a210576b4976a7c72028dc1b2eebfac7019991b1e1d5e7288dc29db34e81' ]
View warehouse3 is appended with txns [5012a210576b4976a7c72028dc1b2eebfac7019991b1e1d5e7288dc29db34e81]. 
	Associate view warehouse3 with txn IDs [ '5012a210576b4976a7c72028dc1b2eebfac7019991b1e1d5e7288dc29db34e81' ]
View shop4 is appended with txns [d2816a4dc3196b8b78c0724720492dc1cf8d4522da18efd74d320d159d38e91a,a8c45812df87347a08033a5c6ce6440ee3ed1f0c0674df3a9854e3ce9095a18c,0043619cf9c5a7222ba3b060ab5c7f71161703ab23fe01242b547c99f329774a,5012a210576b4976a7c72028dc1b2eebfac7019991b1e1d5e7288dc29db34e81]. 
	Associate view shop4 with txn IDs [
  'd2816a4dc3196b8b78c0724720492dc1cf8d4522da18efd74d320d159d38e91a',
  'a8c45812df87347a08033a5c6ce6440ee3ed1f0c0674df3a9854e3ce9095a18c',
  '0043619cf9c5a7222ba3b060ab5c7f71161703ab23fe01242b547c99f329774a',
  '5012a210576b4976a7c72028dc1b2eebfac7019991b1e1d5e7288dc29db34e81'
]
===============================================
A view owner prepares Txn 32(tid) to invoke Contract secretcontract with confidential part SECRET_PAYLOAD
	Create a random salt azi6sxqi9
	Hash the confidential part into fb163bc9f30552fb53c8f662ab5d9f9010c35523cb8c527cf3697a56baed302d 
	Send a txn 66df0a277baf70b4605b4e85336201eb849ed0d5a367e9428029087077a628b9 to invoke secretcontract with fb163bc9f30552fb53c8f662ab5d9f9010c35523cb8c527cf3697a56baed302d as the secret part. 
View manufacturer2 is appended with txns [66df0a277baf70b4605b4e85336201eb849ed0d5a367e9428029087077a628b9]. 
	Associate view manufacturer2 with txn IDs [ '66df0a277baf70b4605b4e85336201eb849ed0d5a367e9428029087077a628b9' ]
View warehouse1 is appended with txns [66df0a277baf70b4605b4e85336201eb849ed0d5a367e9428029087077a628b9]. 
	Associate view warehouse1 with txn IDs [ '66df0a277baf70b4605b4e85336201eb849ed0d5a367e9428029087077a628b9' ]
===============================================
A view owner prepares Txn 33(tid) to invoke Contract secretcontract with confidential part SECRET_PAYLOAD
	Create a random salt 5cxttzzw
	Hash the confidential part into 740def1b370c9b08cde6b51d3dcbdbd2918f239359b9028a6d4e2abd9a0eb073 
	Send a txn 90e8d4935fe61dd8e1d62c3c58af472f591303bebbe34083e00c9ff60ca9b1d5 to invoke secretcontract with 740def1b370c9b08cde6b51d3dcbdbd2918f239359b9028a6d4e2abd9a0eb073 as the secret part. 
View manufacturer1 is appended with txns [90e8d4935fe61dd8e1d62c3c58af472f591303bebbe34083e00c9ff60ca9b1d5]. 
	Associate view manufacturer1 with txn IDs [ '90e8d4935fe61dd8e1d62c3c58af472f591303bebbe34083e00c9ff60ca9b1d5' ]
View warehouse1 is appended with txns [90e8d4935fe61dd8e1d62c3c58af472f591303bebbe34083e00c9ff60ca9b1d5]. 
	Associate view warehouse1 with txn IDs [ '90e8d4935fe61dd8e1d62c3c58af472f591303bebbe34083e00c9ff60ca9b1d5' ]
View delivery2 is appended with txns [f9758eae63a1950f248638adf996418ba2abf8bc30cd6f968ca0bf1811b94359,90e8d4935fe61dd8e1d62c3c58af472f591303bebbe34083e00c9ff60ca9b1d5]. 
	Associate view delivery2 with txn IDs [
  'f9758eae63a1950f248638adf996418ba2abf8bc30cd6f968ca0bf1811b94359',
  '90e8d4935fe61dd8e1d62c3c58af472f591303bebbe34083e00c9ff60ca9b1d5'
]
===============================================
A view owner prepares Txn 34(tid) to invoke Contract secretcontract with confidential part SECRET_PAYLOAD
	Create a random salt wn320sse
	Hash the confidential part into e2c5320660fc166b4faa983d75803247cb7820802798eec45c0c2f880f4580d5 
	Send a txn 73943a80a7055708d5ae8668764ad515fcb1b983092f61355c258ba8d37a4f45 to invoke secretcontract with e2c5320660fc166b4faa983d75803247cb7820802798eec45c0c2f880f4580d5 as the secret part. 
View manufacturer1 is appended with txns [73943a80a7055708d5ae8668764ad515fcb1b983092f61355c258ba8d37a4f45]. 
	Associate view manufacturer1 with txn IDs [ '73943a80a7055708d5ae8668764ad515fcb1b983092f61355c258ba8d37a4f45' ]
View warehouse1 is appended with txns [73943a80a7055708d5ae8668764ad515fcb1b983092f61355c258ba8d37a4f45]. 
	Associate view warehouse1 with txn IDs [ '73943a80a7055708d5ae8668764ad515fcb1b983092f61355c258ba8d37a4f45' ]
View delivery1 is appended with txns [73943a80a7055708d5ae8668764ad515fcb1b983092f61355c258ba8d37a4f45]. 
	Associate view delivery1 with txn IDs [ '73943a80a7055708d5ae8668764ad515fcb1b983092f61355c258ba8d37a4f45' ]
View warehouse2 is appended with txns [5f2eb744f4f4106b7906d51612e505f231c35158b041df5d67b2f23d2bcc46f2,c37e5d7c7de46092639b89347e634b796abd0ef8947e6f022d5ef5dd389ac600,73943a80a7055708d5ae8668764ad515fcb1b983092f61355c258ba8d37a4f45]. 
	Associate view warehouse2 with txn IDs [
  '5f2eb744f4f4106b7906d51612e505f231c35158b041df5d67b2f23d2bcc46f2',
  'c37e5d7c7de46092639b89347e634b796abd0ef8947e6f022d5ef5dd389ac600',
  '73943a80a7055708d5ae8668764ad515fcb1b983092f61355c258ba8d37a4f45'
]
===============================================
A view owner prepares Txn 35(tid) to invoke Contract secretcontract with confidential part SECRET_PAYLOAD
	Create a random salt nw8adu0jh
	Hash the confidential part into e4ba2e2c9eb894d3199b1f6db1a481b7876f8bcee1df7c4e5c54b31e366ec601 
	Send a txn 284a63af4c8f67dd221d554433f13beba94d112e032cef7cd9250c2071c2ca39 to invoke secretcontract with e4ba2e2c9eb894d3199b1f6db1a481b7876f8bcee1df7c4e5c54b31e366ec601 as the secret part. 
View manufacturer1 is appended with txns [284a63af4c8f67dd221d554433f13beba94d112e032cef7cd9250c2071c2ca39]. 
	Associate view manufacturer1 with txn IDs [ '284a63af4c8f67dd221d554433f13beba94d112e032cef7cd9250c2071c2ca39' ]
View warehouse1 is appended with txns [284a63af4c8f67dd221d554433f13beba94d112e032cef7cd9250c2071c2ca39]. 
	Associate view warehouse1 with txn IDs [ '284a63af4c8f67dd221d554433f13beba94d112e032cef7cd9250c2071c2ca39' ]
View delivery2 is appended with txns [284a63af4c8f67dd221d554433f13beba94d112e032cef7cd9250c2071c2ca39]. 
	Associate view delivery2 with txn IDs [ '284a63af4c8f67dd221d554433f13beba94d112e032cef7cd9250c2071c2ca39' ]
View warehouse3 is appended with txns [f9758eae63a1950f248638adf996418ba2abf8bc30cd6f968ca0bf1811b94359,90e8d4935fe61dd8e1d62c3c58af472f591303bebbe34083e00c9ff60ca9b1d5,284a63af4c8f67dd221d554433f13beba94d112e032cef7cd9250c2071c2ca39]. 
	Associate view warehouse3 with txn IDs [
  'f9758eae63a1950f248638adf996418ba2abf8bc30cd6f968ca0bf1811b94359',
  '90e8d4935fe61dd8e1d62c3c58af472f591303bebbe34083e00c9ff60ca9b1d5',
  '284a63af4c8f67dd221d554433f13beba94d112e032cef7cd9250c2071c2ca39'
]
===============================================
A view owner prepares Txn 36(tid) to invoke Contract secretcontract with confidential part SECRET_PAYLOAD
	Create a random salt iljcujnm
	Hash the confidential part into e4274517e2fa7bd0a2568a2edc5d0012e92d48114bcd9fb3ef9ebb3d2707cb2f 
	Send a txn 25bd35d1354072db9fbb729244cddff3e8ddf0378f1f75c9ac45078fa7968822 to invoke secretcontract with e4274517e2fa7bd0a2568a2edc5d0012e92d48114bcd9fb3ef9ebb3d2707cb2f as the secret part. 
View manufacturer1 is appended with txns [25bd35d1354072db9fbb729244cddff3e8ddf0378f1f75c9ac45078fa7968822]. 
	Associate view manufacturer1 with txn IDs [ '25bd35d1354072db9fbb729244cddff3e8ddf0378f1f75c9ac45078fa7968822' ]
View warehouse1 is appended with txns [25bd35d1354072db9fbb729244cddff3e8ddf0378f1f75c9ac45078fa7968822]. 
	Associate view warehouse1 with txn IDs [ '25bd35d1354072db9fbb729244cddff3e8ddf0378f1f75c9ac45078fa7968822' ]
View delivery1 is appended with txns [25bd35d1354072db9fbb729244cddff3e8ddf0378f1f75c9ac45078fa7968822]. 
	Associate view delivery1 with txn IDs [ '25bd35d1354072db9fbb729244cddff3e8ddf0378f1f75c9ac45078fa7968822' ]
View warehouse2 is appended with txns [25bd35d1354072db9fbb729244cddff3e8ddf0378f1f75c9ac45078fa7968822]. 
	Associate view warehouse2 with txn IDs [ '25bd35d1354072db9fbb729244cddff3e8ddf0378f1f75c9ac45078fa7968822' ]
View shop2 is appended with txns [5f2eb744f4f4106b7906d51612e505f231c35158b041df5d67b2f23d2bcc46f2,c37e5d7c7de46092639b89347e634b796abd0ef8947e6f022d5ef5dd389ac600,73943a80a7055708d5ae8668764ad515fcb1b983092f61355c258ba8d37a4f45,25bd35d1354072db9fbb729244cddff3e8ddf0378f1f75c9ac45078fa7968822]. 
	Associate view shop2 with txn IDs [
  '5f2eb744f4f4106b7906d51612e505f231c35158b041df5d67b2f23d2bcc46f2',
  'c37e5d7c7de46092639b89347e634b796abd0ef8947e6f022d5ef5dd389ac600',
  '73943a80a7055708d5ae8668764ad515fcb1b983092f61355c258ba8d37a4f45',
  '25bd35d1354072db9fbb729244cddff3e8ddf0378f1f75c9ac45078fa7968822'
]
===============================================
A view owner prepares Txn 37(tid) to invoke Contract secretcontract with confidential part SECRET_PAYLOAD
	Create a random salt ns08d1eyg
	Hash the confidential part into 03453da8385579389cf60156c7a8b8789882e5fb3073d19516aa962368b5ea49 
	Send a txn a3586ef400a737c93d628be03729ba3074d15cc8dd6f36c1b85b21fd6a713613 to invoke secretcontract with 03453da8385579389cf60156c7a8b8789882e5fb3073d19516aa962368b5ea49 as the secret part. 
View manufacturer1 is appended with txns [a3586ef400a737c93d628be03729ba3074d15cc8dd6f36c1b85b21fd6a713613]. 
	Associate view manufacturer1 with txn IDs [ 'a3586ef400a737c93d628be03729ba3074d15cc8dd6f36c1b85b21fd6a713613' ]
View warehouse1 is appended with txns [a3586ef400a737c93d628be03729ba3074d15cc8dd6f36c1b85b21fd6a713613]. 
	Associate view warehouse1 with txn IDs [ 'a3586ef400a737c93d628be03729ba3074d15cc8dd6f36c1b85b21fd6a713613' ]
View delivery2 is appended with txns [a3586ef400a737c93d628be03729ba3074d15cc8dd6f36c1b85b21fd6a713613]. 
	Associate view delivery2 with txn IDs [ 'a3586ef400a737c93d628be03729ba3074d15cc8dd6f36c1b85b21fd6a713613' ]
View warehouse3 is appended with txns [a3586ef400a737c93d628be03729ba3074d15cc8dd6f36c1b85b21fd6a713613]. 
	Associate view warehouse3 with txn IDs [ 'a3586ef400a737c93d628be03729ba3074d15cc8dd6f36c1b85b21fd6a713613' ]
View shop4 is appended with txns [f9758eae63a1950f248638adf996418ba2abf8bc30cd6f968ca0bf1811b94359,90e8d4935fe61dd8e1d62c3c58af472f591303bebbe34083e00c9ff60ca9b1d5,284a63af4c8f67dd221d554433f13beba94d112e032cef7cd9250c2071c2ca39,a3586ef400a737c93d628be03729ba3074d15cc8dd6f36c1b85b21fd6a713613]. 
	Associate view shop4 with txn IDs [
  'f9758eae63a1950f248638adf996418ba2abf8bc30cd6f968ca0bf1811b94359',
  '90e8d4935fe61dd8e1d62c3c58af472f591303bebbe34083e00c9ff60ca9b1d5',
  '284a63af4c8f67dd221d554433f13beba94d112e032cef7cd9250c2071c2ca39',
  'a3586ef400a737c93d628be03729ba3074d15cc8dd6f36c1b85b21fd6a713613'
]
===============================================
A view owner prepares Txn 38(tid) to invoke Contract secretcontract with confidential part SECRET_PAYLOAD
	Create a random salt osrrrs8m9
	Hash the confidential part into 61c0b6abe14b10f977d37905749c054a2f2a8e0651fff5733ef34b2204eccc00 
	Send a txn f78876028696dbd06434317823a13e2f2e711363647375ff053e0b4a59c22fbe to invoke secretcontract with 61c0b6abe14b10f977d37905749c054a2f2a8e0651fff5733ef34b2204eccc00 as the secret part. 
View manufacturer2 is appended with txns [f78876028696dbd06434317823a13e2f2e711363647375ff053e0b4a59c22fbe]. 
	Associate view manufacturer2 with txn IDs [ 'f78876028696dbd06434317823a13e2f2e711363647375ff053e0b4a59c22fbe' ]
View warehouse1 is appended with txns [f78876028696dbd06434317823a13e2f2e711363647375ff053e0b4a59c22fbe]. 
	Associate view warehouse1 with txn IDs [ 'f78876028696dbd06434317823a13e2f2e711363647375ff053e0b4a59c22fbe' ]
View delivery2 is appended with txns [66df0a277baf70b4605b4e85336201eb849ed0d5a367e9428029087077a628b9,f78876028696dbd06434317823a13e2f2e711363647375ff053e0b4a59c22fbe]. 
	Associate view delivery2 with txn IDs [
  '66df0a277baf70b4605b4e85336201eb849ed0d5a367e9428029087077a628b9',
  'f78876028696dbd06434317823a13e2f2e711363647375ff053e0b4a59c22fbe'
]
===============================================
A view owner prepares Txn 39(tid) to invoke Contract secretcontract with confidential part SECRET_PAYLOAD
	Create a random salt 39zwbpuer
	Hash the confidential part into 9215f1bc5345246d64611b76bb855212ebae7278756b5603e420cdcf3d0609f0 
	Send a txn 2860116f298200847f738939d48bee106334e528f8c10ff446a93f8a20b55e88 to invoke secretcontract with 9215f1bc5345246d64611b76bb855212ebae7278756b5603e420cdcf3d0609f0 as the secret part. 
View manufacturer2 is appended with txns [2860116f298200847f738939d48bee106334e528f8c10ff446a93f8a20b55e88]. 
	Associate view manufacturer2 with txn IDs [ '2860116f298200847f738939d48bee106334e528f8c10ff446a93f8a20b55e88' ]
View warehouse1 is appended with txns [2860116f298200847f738939d48bee106334e528f8c10ff446a93f8a20b55e88]. 
	Associate view warehouse1 with txn IDs [ '2860116f298200847f738939d48bee106334e528f8c10ff446a93f8a20b55e88' ]
View delivery2 is appended with txns [2860116f298200847f738939d48bee106334e528f8c10ff446a93f8a20b55e88]. 
	Associate view delivery2 with txn IDs [ '2860116f298200847f738939d48bee106334e528f8c10ff446a93f8a20b55e88' ]
View warehouse3 is appended with txns [66df0a277baf70b4605b4e85336201eb849ed0d5a367e9428029087077a628b9,f78876028696dbd06434317823a13e2f2e711363647375ff053e0b4a59c22fbe,2860116f298200847f738939d48bee106334e528f8c10ff446a93f8a20b55e88]. 
	Associate view warehouse3 with txn IDs [
  '66df0a277baf70b4605b4e85336201eb849ed0d5a367e9428029087077a628b9',
  'f78876028696dbd06434317823a13e2f2e711363647375ff053e0b4a59c22fbe',
  '2860116f298200847f738939d48bee106334e528f8c10ff446a93f8a20b55e88'
]
===============================================
A view owner prepares Txn 40(tid) to invoke Contract secretcontract with confidential part SECRET_PAYLOAD
	Create a random salt 5gbud5n4c
	Hash the confidential part into 7f18350f4def496d2e9d2a40c2efb289e969bb8c5421869b3e58b826a03f1459 
	Send a txn 80885390648460b0d8094d629c91e9912980a8c863bf6df6cbf9b2e572764bea to invoke secretcontract with 7f18350f4def496d2e9d2a40c2efb289e969bb8c5421869b3e58b826a03f1459 as the secret part. 
View manufacturer2 is appended with txns [80885390648460b0d8094d629c91e9912980a8c863bf6df6cbf9b2e572764bea]. 
	Associate view manufacturer2 with txn IDs [ '80885390648460b0d8094d629c91e9912980a8c863bf6df6cbf9b2e572764bea' ]
View warehouse1 is appended with txns [80885390648460b0d8094d629c91e9912980a8c863bf6df6cbf9b2e572764bea]. 
	Associate view warehouse1 with txn IDs [ '80885390648460b0d8094d629c91e9912980a8c863bf6df6cbf9b2e572764bea' ]
View delivery2 is appended with txns [80885390648460b0d8094d629c91e9912980a8c863bf6df6cbf9b2e572764bea]. 
	Associate view delivery2 with txn IDs [ '80885390648460b0d8094d629c91e9912980a8c863bf6df6cbf9b2e572764bea' ]
View warehouse3 is appended with txns [80885390648460b0d8094d629c91e9912980a8c863bf6df6cbf9b2e572764bea]. 
	Associate view warehouse3 with txn IDs [ '80885390648460b0d8094d629c91e9912980a8c863bf6df6cbf9b2e572764bea' ]
View shop5 is appended with txns [66df0a277baf70b4605b4e85336201eb849ed0d5a367e9428029087077a628b9,f78876028696dbd06434317823a13e2f2e711363647375ff053e0b4a59c22fbe,2860116f298200847f738939d48bee106334e528f8c10ff446a93f8a20b55e88,80885390648460b0d8094d629c91e9912980a8c863bf6df6cbf9b2e572764bea]. 
	Associate view shop5 with txn IDs [
  '66df0a277baf70b4605b4e85336201eb849ed0d5a367e9428029087077a628b9',
  'f78876028696dbd06434317823a13e2f2e711363647375ff053e0b4a59c22fbe',
  '2860116f298200847f738939d48bee106334e528f8c10ff446a93f8a20b55e88',
  '80885390648460b0d8094d629c91e9912980a8c863bf6df6cbf9b2e572764bea'
]
Total Duration (ms): 91515. # of invocations: 240
