Create a hash-based revocable view manager.
===============================================
Create 14 views. 
	Associate view manufacturer1 with txn IDs []
	Associate view manufacturer2 with txn IDs []
	Associate view warehouse1 with txn IDs []
	Associate view warehouse2 with txn IDs []
	Associate view warehouse3 with txn IDs []
	Associate view delivery1 with txn IDs []
	Associate view delivery2 with txn IDs []
	Associate view shop1 with txn IDs []
	Associate view shop2 with txn IDs []
	Associate view shop3 with txn IDs []
	Associate view shop4 with txn IDs []
	Associate view shop5 with txn IDs []
	Associate view shop6 with txn IDs []
	Associate view shop7 with txn IDs []
===============================================
A view owner prepares Txn 1(tid) to invoke Contract secretcontract with confidential part SECRET_PAYLOAD
	Create a random salt z5u9ie3cm
	Hash the confidential part into a670b5926d43d95ccac18e33efe679c32ed3e15234e1a0d2a24d64180c86555e 
	Send a txn 3503b9c197d8dfd07eb93f257e76c3a6707107343255ce6549b92aab7ae29969 to invoke secretcontract with a670b5926d43d95ccac18e33efe679c32ed3e15234e1a0d2a24d64180c86555e as the secret part. 
View manufacturer2 is appended with txns [3503b9c197d8dfd07eb93f257e76c3a6707107343255ce6549b92aab7ae29969]. 
	Associate view manufacturer2 with txn IDs [ '3503b9c197d8dfd07eb93f257e76c3a6707107343255ce6549b92aab7ae29969' ]
View warehouse1 is appended with txns [3503b9c197d8dfd07eb93f257e76c3a6707107343255ce6549b92aab7ae29969]. 
	Associate view warehouse1 with txn IDs [ '3503b9c197d8dfd07eb93f257e76c3a6707107343255ce6549b92aab7ae29969' ]
===============================================
A view owner prepares Txn 2(tid) to invoke Contract secretcontract with confidential part SECRET_PAYLOAD
	Create a random salt c9i4egub9
	Hash the confidential part into d8b8052d8dcfa6f7eabcb93d163b9b3eb0f2404a8fbceeb07ed2568939535727 
	Send a txn 4cf9e59f03dbc1fe71584b87e6e1ed04b9c2d9d7dc45192a5ce2801b08ef2c9a to invoke secretcontract with d8b8052d8dcfa6f7eabcb93d163b9b3eb0f2404a8fbceeb07ed2568939535727 as the secret part. 
View manufacturer2 is appended with txns [4cf9e59f03dbc1fe71584b87e6e1ed04b9c2d9d7dc45192a5ce2801b08ef2c9a]. 
	Associate view manufacturer2 with txn IDs [ '4cf9e59f03dbc1fe71584b87e6e1ed04b9c2d9d7dc45192a5ce2801b08ef2c9a' ]
View warehouse1 is appended with txns [4cf9e59f03dbc1fe71584b87e6e1ed04b9c2d9d7dc45192a5ce2801b08ef2c9a]. 
	Associate view warehouse1 with txn IDs [ '4cf9e59f03dbc1fe71584b87e6e1ed04b9c2d9d7dc45192a5ce2801b08ef2c9a' ]
View delivery2 is appended with txns [3503b9c197d8dfd07eb93f257e76c3a6707107343255ce6549b92aab7ae29969,4cf9e59f03dbc1fe71584b87e6e1ed04b9c2d9d7dc45192a5ce2801b08ef2c9a]. 
	Associate view delivery2 with txn IDs [
  '3503b9c197d8dfd07eb93f257e76c3a6707107343255ce6549b92aab7ae29969',
  '4cf9e59f03dbc1fe71584b87e6e1ed04b9c2d9d7dc45192a5ce2801b08ef2c9a'
]
===============================================
A view owner prepares Txn 3(tid) to invoke Contract secretcontract with confidential part SECRET_PAYLOAD
	Create a random salt 71mga9b4
	Hash the confidential part into 4a425e09f92353714e5d8c05b30f1491fbe8d2870b4c9626ba17adda81542e18 
	Send a txn 650bdf65fcc45e4f5b5d90aeb0f74ba941f0204efeb6bfb48991c2c61936148c to invoke secretcontract with 4a425e09f92353714e5d8c05b30f1491fbe8d2870b4c9626ba17adda81542e18 as the secret part. 
View manufacturer2 is appended with txns [650bdf65fcc45e4f5b5d90aeb0f74ba941f0204efeb6bfb48991c2c61936148c]. 
	Associate view manufacturer2 with txn IDs [ '650bdf65fcc45e4f5b5d90aeb0f74ba941f0204efeb6bfb48991c2c61936148c' ]
View warehouse1 is appended with txns [650bdf65fcc45e4f5b5d90aeb0f74ba941f0204efeb6bfb48991c2c61936148c]. 
	Associate view warehouse1 with txn IDs [ '650bdf65fcc45e4f5b5d90aeb0f74ba941f0204efeb6bfb48991c2c61936148c' ]
View delivery2 is appended with txns [650bdf65fcc45e4f5b5d90aeb0f74ba941f0204efeb6bfb48991c2c61936148c]. 
	Associate view delivery2 with txn IDs [ '650bdf65fcc45e4f5b5d90aeb0f74ba941f0204efeb6bfb48991c2c61936148c' ]
View warehouse3 is appended with txns [3503b9c197d8dfd07eb93f257e76c3a6707107343255ce6549b92aab7ae29969,4cf9e59f03dbc1fe71584b87e6e1ed04b9c2d9d7dc45192a5ce2801b08ef2c9a,650bdf65fcc45e4f5b5d90aeb0f74ba941f0204efeb6bfb48991c2c61936148c]. 
	Associate view warehouse3 with txn IDs [
  '3503b9c197d8dfd07eb93f257e76c3a6707107343255ce6549b92aab7ae29969',
  '4cf9e59f03dbc1fe71584b87e6e1ed04b9c2d9d7dc45192a5ce2801b08ef2c9a',
  '650bdf65fcc45e4f5b5d90aeb0f74ba941f0204efeb6bfb48991c2c61936148c'
]
===============================================
A view owner prepares Txn 4(tid) to invoke Contract secretcontract with confidential part SECRET_PAYLOAD
	Create a random salt w1rg18vu2r
	Hash the confidential part into 98103b44f9a4dee820c7b54622911eddeea6a5be563d3f6f1ceebce5eec1f656 
	Send a txn 6836b350827af6f251c2f598c062cde50fbb7d966cbd2bd4edc1be146fde41b6 to invoke secretcontract with 98103b44f9a4dee820c7b54622911eddeea6a5be563d3f6f1ceebce5eec1f656 as the secret part. 
View manufacturer2 is appended with txns [6836b350827af6f251c2f598c062cde50fbb7d966cbd2bd4edc1be146fde41b6]. 
	Associate view manufacturer2 with txn IDs [ '6836b350827af6f251c2f598c062cde50fbb7d966cbd2bd4edc1be146fde41b6' ]
View warehouse1 is appended with txns [6836b350827af6f251c2f598c062cde50fbb7d966cbd2bd4edc1be146fde41b6]. 
	Associate view warehouse1 with txn IDs [ '6836b350827af6f251c2f598c062cde50fbb7d966cbd2bd4edc1be146fde41b6' ]
View delivery2 is appended with txns [6836b350827af6f251c2f598c062cde50fbb7d966cbd2bd4edc1be146fde41b6]. 
	Associate view delivery2 with txn IDs [ '6836b350827af6f251c2f598c062cde50fbb7d966cbd2bd4edc1be146fde41b6' ]
View warehouse3 is appended with txns [6836b350827af6f251c2f598c062cde50fbb7d966cbd2bd4edc1be146fde41b6]. 
	Associate view warehouse3 with txn IDs [ '6836b350827af6f251c2f598c062cde50fbb7d966cbd2bd4edc1be146fde41b6' ]
View shop5 is appended with txns [3503b9c197d8dfd07eb93f257e76c3a6707107343255ce6549b92aab7ae29969,4cf9e59f03dbc1fe71584b87e6e1ed04b9c2d9d7dc45192a5ce2801b08ef2c9a,650bdf65fcc45e4f5b5d90aeb0f74ba941f0204efeb6bfb48991c2c61936148c,6836b350827af6f251c2f598c062cde50fbb7d966cbd2bd4edc1be146fde41b6]. 
	Associate view shop5 with txn IDs [
  '3503b9c197d8dfd07eb93f257e76c3a6707107343255ce6549b92aab7ae29969',
  '4cf9e59f03dbc1fe71584b87e6e1ed04b9c2d9d7dc45192a5ce2801b08ef2c9a',
  '650bdf65fcc45e4f5b5d90aeb0f74ba941f0204efeb6bfb48991c2c61936148c',
  '6836b350827af6f251c2f598c062cde50fbb7d966cbd2bd4edc1be146fde41b6'
]
Total Duration (ms): 9341. # of invocations: 24
