Create a hash-based revocable view manager.
===============================================
Create 14 views. 
	Associate view manufacturer1 with txn IDs []
	Associate view manufacturer2 with txn IDs []
	Associate view warehouse1 with txn IDs []
	Associate view warehouse2 with txn IDs []
	Associate view warehouse3 with txn IDs []
	Associate view delivery1 with txn IDs []
	Associate view delivery2 with txn IDs []
	Associate view shop1 with txn IDs []
	Associate view shop2 with txn IDs []
	Associate view shop3 with txn IDs []
	Associate view shop4 with txn IDs []
	Associate view shop5 with txn IDs []
	Associate view shop6 with txn IDs []
	Associate view shop7 with txn IDs []
===============================================
A view owner prepares Txn 1(tid) to invoke Contract secretcontract with confidential part SECRET_PAYLOAD
	Create a random salt 0106tgkuf
	Hash the confidential part into 8daa71ab02be17ba91eddb91cda441e7db365e0cfc811dbc62cc505b5549d77a 
	Send a txn 3daf85183e12058348e51be2587f412fee7b607b18af190317c9d3b14957fe86 to invoke secretcontract with 8daa71ab02be17ba91eddb91cda441e7db365e0cfc811dbc62cc505b5549d77a as the secret part. 
View manufacturer2 is appended with txns [3daf85183e12058348e51be2587f412fee7b607b18af190317c9d3b14957fe86]. 
	Associate view manufacturer2 with txn IDs [ '3daf85183e12058348e51be2587f412fee7b607b18af190317c9d3b14957fe86' ]
View warehouse1 is appended with txns [3daf85183e12058348e51be2587f412fee7b607b18af190317c9d3b14957fe86]. 
	Associate view warehouse1 with txn IDs [ '3daf85183e12058348e51be2587f412fee7b607b18af190317c9d3b14957fe86' ]
===============================================
A view owner prepares Txn 2(tid) to invoke Contract secretcontract with confidential part SECRET_PAYLOAD
	Create a random salt bxfbx0p6c
	Hash the confidential part into ed8fe10ef999861f76a5362e5c1bbee8ee4b9ddcdf36d4113678508d7b1e3c58 
	Send a txn 7621ce5d49b9686205989c5889a1acb2b5eee05e862c318859be759dec86403c to invoke secretcontract with ed8fe10ef999861f76a5362e5c1bbee8ee4b9ddcdf36d4113678508d7b1e3c58 as the secret part. 
View manufacturer2 is appended with txns [7621ce5d49b9686205989c5889a1acb2b5eee05e862c318859be759dec86403c]. 
	Associate view manufacturer2 with txn IDs [ '7621ce5d49b9686205989c5889a1acb2b5eee05e862c318859be759dec86403c' ]
View warehouse1 is appended with txns [7621ce5d49b9686205989c5889a1acb2b5eee05e862c318859be759dec86403c]. 
	Associate view warehouse1 with txn IDs [ '7621ce5d49b9686205989c5889a1acb2b5eee05e862c318859be759dec86403c' ]
View delivery1 is appended with txns [3daf85183e12058348e51be2587f412fee7b607b18af190317c9d3b14957fe86,7621ce5d49b9686205989c5889a1acb2b5eee05e862c318859be759dec86403c]. 
	Associate view delivery1 with txn IDs [
  '3daf85183e12058348e51be2587f412fee7b607b18af190317c9d3b14957fe86',
  '7621ce5d49b9686205989c5889a1acb2b5eee05e862c318859be759dec86403c'
]
===============================================
A view owner prepares Txn 3(tid) to invoke Contract secretcontract with confidential part SECRET_PAYLOAD
	Create a random salt vpqqax1kd
	Hash the confidential part into a73f4a3305617992bb393b0ddd018cad9949d6e823664d0217d25be6c9e29f08 
	Send a txn d11c05ea47a7051dc7f5fca7df168568630e48f7b1683314b8d21fd4f8336e50 to invoke secretcontract with a73f4a3305617992bb393b0ddd018cad9949d6e823664d0217d25be6c9e29f08 as the secret part. 
View manufacturer1 is appended with txns [d11c05ea47a7051dc7f5fca7df168568630e48f7b1683314b8d21fd4f8336e50]. 
	Associate view manufacturer1 with txn IDs [ 'd11c05ea47a7051dc7f5fca7df168568630e48f7b1683314b8d21fd4f8336e50' ]
View warehouse1 is appended with txns [d11c05ea47a7051dc7f5fca7df168568630e48f7b1683314b8d21fd4f8336e50]. 
	Associate view warehouse1 with txn IDs [ 'd11c05ea47a7051dc7f5fca7df168568630e48f7b1683314b8d21fd4f8336e50' ]
===============================================
A view owner prepares Txn 4(tid) to invoke Contract secretcontract with confidential part SECRET_PAYLOAD
	Create a random salt kj1kisl8k
	Hash the confidential part into cc4fd8e75190508b0e944947fab543659425ac740db3c21ec69e1db6cded6f5b 
	Send a txn 3207bb0b0fd8a8b7be3d9127198907385024f9a4bb0b44e250c8bd8e5d7353e7 to invoke secretcontract with cc4fd8e75190508b0e944947fab543659425ac740db3c21ec69e1db6cded6f5b as the secret part. 
View manufacturer2 is appended with txns [3207bb0b0fd8a8b7be3d9127198907385024f9a4bb0b44e250c8bd8e5d7353e7]. 
	Associate view manufacturer2 with txn IDs [ '3207bb0b0fd8a8b7be3d9127198907385024f9a4bb0b44e250c8bd8e5d7353e7' ]
View warehouse1 is appended with txns [3207bb0b0fd8a8b7be3d9127198907385024f9a4bb0b44e250c8bd8e5d7353e7]. 
	Associate view warehouse1 with txn IDs [ '3207bb0b0fd8a8b7be3d9127198907385024f9a4bb0b44e250c8bd8e5d7353e7' ]
===============================================
A view owner prepares Txn 5(tid) to invoke Contract secretcontract with confidential part SECRET_PAYLOAD
	Create a random salt fz45eq0xf
	Hash the confidential part into c956d369d679f33522b3290ff9253e8d51ca2849ad11843b112edb3d4823139b 
	Send a txn f03969968d542a9069e2f466fa5da29db854281110d1e42c59e33c7f4d3fc61d to invoke secretcontract with c956d369d679f33522b3290ff9253e8d51ca2849ad11843b112edb3d4823139b as the secret part. 
View manufacturer2 is appended with txns [f03969968d542a9069e2f466fa5da29db854281110d1e42c59e33c7f4d3fc61d]. 
	Associate view manufacturer2 with txn IDs [ 'f03969968d542a9069e2f466fa5da29db854281110d1e42c59e33c7f4d3fc61d' ]
View warehouse1 is appended with txns [f03969968d542a9069e2f466fa5da29db854281110d1e42c59e33c7f4d3fc61d]. 
	Associate view warehouse1 with txn IDs [ 'f03969968d542a9069e2f466fa5da29db854281110d1e42c59e33c7f4d3fc61d' ]
===============================================
A view owner prepares Txn 6(tid) to invoke Contract secretcontract with confidential part SECRET_PAYLOAD
	Create a random salt 2xn82d1vs
	Hash the confidential part into 259ed1584013261b74c5cf208e4ce96459bbba1fa5eed15fefa1e0c941baf08a 
	Send a txn 58d68579dbfa4897e0b695a035524e6365a47a5fcb4d8d2fbe74b30d638472bf to invoke secretcontract with 259ed1584013261b74c5cf208e4ce96459bbba1fa5eed15fefa1e0c941baf08a as the secret part. 
View manufacturer2 is appended with txns [58d68579dbfa4897e0b695a035524e6365a47a5fcb4d8d2fbe74b30d638472bf]. 
	Associate view manufacturer2 with txn IDs [ '58d68579dbfa4897e0b695a035524e6365a47a5fcb4d8d2fbe74b30d638472bf' ]
View warehouse1 is appended with txns [58d68579dbfa4897e0b695a035524e6365a47a5fcb4d8d2fbe74b30d638472bf]. 
	Associate view warehouse1 with txn IDs [ '58d68579dbfa4897e0b695a035524e6365a47a5fcb4d8d2fbe74b30d638472bf' ]
===============================================
A view owner prepares Txn 7(tid) to invoke Contract secretcontract with confidential part SECRET_PAYLOAD
	Create a random salt dmrjqv1t8
	Hash the confidential part into b9072c55bb979f1ee7c29bd7a86247232a83a1cb760ff3ce8c58b0456f39d057 
	Send a txn 80345a870548a934ebbae176220024d6f2e2eca81a3bfca7b2705f78be83b7bf to invoke secretcontract with b9072c55bb979f1ee7c29bd7a86247232a83a1cb760ff3ce8c58b0456f39d057 as the secret part. 
View manufacturer1 is appended with txns [80345a870548a934ebbae176220024d6f2e2eca81a3bfca7b2705f78be83b7bf]. 
	Associate view manufacturer1 with txn IDs [ '80345a870548a934ebbae176220024d6f2e2eca81a3bfca7b2705f78be83b7bf' ]
View warehouse1 is appended with txns [80345a870548a934ebbae176220024d6f2e2eca81a3bfca7b2705f78be83b7bf]. 
	Associate view warehouse1 with txn IDs [ '80345a870548a934ebbae176220024d6f2e2eca81a3bfca7b2705f78be83b7bf' ]
View delivery2 is appended with txns [d11c05ea47a7051dc7f5fca7df168568630e48f7b1683314b8d21fd4f8336e50,80345a870548a934ebbae176220024d6f2e2eca81a3bfca7b2705f78be83b7bf]. 
	Associate view delivery2 with txn IDs [
  'd11c05ea47a7051dc7f5fca7df168568630e48f7b1683314b8d21fd4f8336e50',
  '80345a870548a934ebbae176220024d6f2e2eca81a3bfca7b2705f78be83b7bf'
]
===============================================
A view owner prepares Txn 8(tid) to invoke Contract secretcontract with confidential part SECRET_PAYLOAD
	Create a random salt jh7wyux9a
	Hash the confidential part into 224e15ff425f3124da5ff72e68b707d67abfa2899f81d0390317d704bac04210 
	Send a txn a071fb6478074c26039a0ca3c7ad852c97b4803572294da286bfabf184cc769b to invoke secretcontract with 224e15ff425f3124da5ff72e68b707d67abfa2899f81d0390317d704bac04210 as the secret part. 
View manufacturer2 is appended with txns [a071fb6478074c26039a0ca3c7ad852c97b4803572294da286bfabf184cc769b]. 
	Associate view manufacturer2 with txn IDs [ 'a071fb6478074c26039a0ca3c7ad852c97b4803572294da286bfabf184cc769b' ]
View warehouse1 is appended with txns [a071fb6478074c26039a0ca3c7ad852c97b4803572294da286bfabf184cc769b]. 
	Associate view warehouse1 with txn IDs [ 'a071fb6478074c26039a0ca3c7ad852c97b4803572294da286bfabf184cc769b' ]
===============================================
A view owner prepares Txn 9(tid) to invoke Contract secretcontract with confidential part SECRET_PAYLOAD
	Create a random salt 2jxnbg8fu
	Hash the confidential part into b49d4137cd1705f85aea759f331436d463e28e947856043ef5737bb26501739d 
	Send a txn 0dc9c33d2f8e3151befdfcff818099619dce257e91bae2d368abe84c7dbd4363 to invoke secretcontract with b49d4137cd1705f85aea759f331436d463e28e947856043ef5737bb26501739d as the secret part. 
View manufacturer1 is appended with txns [0dc9c33d2f8e3151befdfcff818099619dce257e91bae2d368abe84c7dbd4363]. 
	Associate view manufacturer1 with txn IDs [ '0dc9c33d2f8e3151befdfcff818099619dce257e91bae2d368abe84c7dbd4363' ]
View warehouse1 is appended with txns [0dc9c33d2f8e3151befdfcff818099619dce257e91bae2d368abe84c7dbd4363]. 
	Associate view warehouse1 with txn IDs [ '0dc9c33d2f8e3151befdfcff818099619dce257e91bae2d368abe84c7dbd4363' ]
===============================================
A view owner prepares Txn 10(tid) to invoke Contract secretcontract with confidential part SECRET_PAYLOAD
	Create a random salt qfcsu2pii
	Hash the confidential part into 91defa869130d5e5e9d45ac013f22c86422d9bbc59c540258e63129af56258cb 
	Send a txn bfbee21c2055b14a371369f2912e5b05290c8de57c57532171be1774e38515da to invoke secretcontract with 91defa869130d5e5e9d45ac013f22c86422d9bbc59c540258e63129af56258cb as the secret part. 
View manufacturer1 is appended with txns [bfbee21c2055b14a371369f2912e5b05290c8de57c57532171be1774e38515da]. 
	Associate view manufacturer1 with txn IDs [ 'bfbee21c2055b14a371369f2912e5b05290c8de57c57532171be1774e38515da' ]
View warehouse1 is appended with txns [bfbee21c2055b14a371369f2912e5b05290c8de57c57532171be1774e38515da]. 
	Associate view warehouse1 with txn IDs [ 'bfbee21c2055b14a371369f2912e5b05290c8de57c57532171be1774e38515da' ]
View delivery1 is appended with txns [0dc9c33d2f8e3151befdfcff818099619dce257e91bae2d368abe84c7dbd4363,bfbee21c2055b14a371369f2912e5b05290c8de57c57532171be1774e38515da]. 
	Associate view delivery1 with txn IDs [
  '0dc9c33d2f8e3151befdfcff818099619dce257e91bae2d368abe84c7dbd4363',
  'bfbee21c2055b14a371369f2912e5b05290c8de57c57532171be1774e38515da'
]
===============================================
A view owner prepares Txn 11(tid) to invoke Contract secretcontract with confidential part SECRET_PAYLOAD
	Create a random salt glykp70v
	Hash the confidential part into e1a3e81ed3446c91f2c3a2025efa60d516ade3995235a954c427cfd71e800933 
	Send a txn 948d19babe287631ab9c76304ae3dc201be7e1b78f35ff9a956e451a4dd627d0 to invoke secretcontract with e1a3e81ed3446c91f2c3a2025efa60d516ade3995235a954c427cfd71e800933 as the secret part. 
View manufacturer2 is appended with txns [948d19babe287631ab9c76304ae3dc201be7e1b78f35ff9a956e451a4dd627d0]. 
	Associate view manufacturer2 with txn IDs [ '948d19babe287631ab9c76304ae3dc201be7e1b78f35ff9a956e451a4dd627d0' ]
View warehouse1 is appended with txns [948d19babe287631ab9c76304ae3dc201be7e1b78f35ff9a956e451a4dd627d0]. 
	Associate view warehouse1 with txn IDs [ '948d19babe287631ab9c76304ae3dc201be7e1b78f35ff9a956e451a4dd627d0' ]
View delivery1 is appended with txns [58d68579dbfa4897e0b695a035524e6365a47a5fcb4d8d2fbe74b30d638472bf,948d19babe287631ab9c76304ae3dc201be7e1b78f35ff9a956e451a4dd627d0]. 
	Associate view delivery1 with txn IDs [
  '58d68579dbfa4897e0b695a035524e6365a47a5fcb4d8d2fbe74b30d638472bf',
  '948d19babe287631ab9c76304ae3dc201be7e1b78f35ff9a956e451a4dd627d0'
]
===============================================
A view owner prepares Txn 12(tid) to invoke Contract secretcontract with confidential part SECRET_PAYLOAD
	Create a random salt fhah8wc3v
	Hash the confidential part into 74a0263fbece62962513c6d7a7a33dcbf1431152a1721d72d6541cdc1b65d148 
	Send a txn 54c72503294fb6dfaf81339782033deef31003c2cd957e008f556913b8f090d9 to invoke secretcontract with 74a0263fbece62962513c6d7a7a33dcbf1431152a1721d72d6541cdc1b65d148 as the secret part. 
View manufacturer2 is appended with txns [54c72503294fb6dfaf81339782033deef31003c2cd957e008f556913b8f090d9]. 
	Associate view manufacturer2 with txn IDs [ '54c72503294fb6dfaf81339782033deef31003c2cd957e008f556913b8f090d9' ]
View warehouse1 is appended with txns [54c72503294fb6dfaf81339782033deef31003c2cd957e008f556913b8f090d9]. 
	Associate view warehouse1 with txn IDs [ '54c72503294fb6dfaf81339782033deef31003c2cd957e008f556913b8f090d9' ]
View delivery1 is appended with txns [54c72503294fb6dfaf81339782033deef31003c2cd957e008f556913b8f090d9]. 
	Associate view delivery1 with txn IDs [ '54c72503294fb6dfaf81339782033deef31003c2cd957e008f556913b8f090d9' ]
View warehouse2 is appended with txns [3daf85183e12058348e51be2587f412fee7b607b18af190317c9d3b14957fe86,7621ce5d49b9686205989c5889a1acb2b5eee05e862c318859be759dec86403c,54c72503294fb6dfaf81339782033deef31003c2cd957e008f556913b8f090d9]. 
	Associate view warehouse2 with txn IDs [
  '3daf85183e12058348e51be2587f412fee7b607b18af190317c9d3b14957fe86',
  '7621ce5d49b9686205989c5889a1acb2b5eee05e862c318859be759dec86403c',
  '54c72503294fb6dfaf81339782033deef31003c2cd957e008f556913b8f090d9'
]
===============================================
A view owner prepares Txn 13(tid) to invoke Contract secretcontract with confidential part SECRET_PAYLOAD
	Create a random salt pjuuwkl3m
	Hash the confidential part into 5d84c250240300a23a66d9ea87a3d84a7eab5cc1f66b477e2fbebb7d6fa7ed62 
	Send a txn d07e4c389537d14de5fcdd4b11c22962587fa5dd2ac91fde5213bc84efb40621 to invoke secretcontract with 5d84c250240300a23a66d9ea87a3d84a7eab5cc1f66b477e2fbebb7d6fa7ed62 as the secret part. 
View manufacturer1 is appended with txns [d07e4c389537d14de5fcdd4b11c22962587fa5dd2ac91fde5213bc84efb40621]. 
	Associate view manufacturer1 with txn IDs [ 'd07e4c389537d14de5fcdd4b11c22962587fa5dd2ac91fde5213bc84efb40621' ]
View warehouse1 is appended with txns [d07e4c389537d14de5fcdd4b11c22962587fa5dd2ac91fde5213bc84efb40621]. 
	Associate view warehouse1 with txn IDs [ 'd07e4c389537d14de5fcdd4b11c22962587fa5dd2ac91fde5213bc84efb40621' ]
View delivery1 is appended with txns [d07e4c389537d14de5fcdd4b11c22962587fa5dd2ac91fde5213bc84efb40621]. 
	Associate view delivery1 with txn IDs [ 'd07e4c389537d14de5fcdd4b11c22962587fa5dd2ac91fde5213bc84efb40621' ]
View warehouse2 is appended with txns [0dc9c33d2f8e3151befdfcff818099619dce257e91bae2d368abe84c7dbd4363,bfbee21c2055b14a371369f2912e5b05290c8de57c57532171be1774e38515da,d07e4c389537d14de5fcdd4b11c22962587fa5dd2ac91fde5213bc84efb40621]. 
	Associate view warehouse2 with txn IDs [
  '0dc9c33d2f8e3151befdfcff818099619dce257e91bae2d368abe84c7dbd4363',
  'bfbee21c2055b14a371369f2912e5b05290c8de57c57532171be1774e38515da',
  'd07e4c389537d14de5fcdd4b11c22962587fa5dd2ac91fde5213bc84efb40621'
]
===============================================
A view owner prepares Txn 14(tid) to invoke Contract secretcontract with confidential part SECRET_PAYLOAD
	Create a random salt yrn7vmkq
	Hash the confidential part into ad3b28255d4bafb43de10fa0c2afa20ec02a70e020946d50bd4831ef163da8b4 
	Send a txn 9d1c5b751e56cbeb1c3a17c82bd8765ebfd67402d5f8333e91688b13028cecbc to invoke secretcontract with ad3b28255d4bafb43de10fa0c2afa20ec02a70e020946d50bd4831ef163da8b4 as the secret part. 
View manufacturer2 is appended with txns [9d1c5b751e56cbeb1c3a17c82bd8765ebfd67402d5f8333e91688b13028cecbc]. 
	Associate view manufacturer2 with txn IDs [ '9d1c5b751e56cbeb1c3a17c82bd8765ebfd67402d5f8333e91688b13028cecbc' ]
View warehouse1 is appended with txns [9d1c5b751e56cbeb1c3a17c82bd8765ebfd67402d5f8333e91688b13028cecbc]. 
	Associate view warehouse1 with txn IDs [ '9d1c5b751e56cbeb1c3a17c82bd8765ebfd67402d5f8333e91688b13028cecbc' ]
View delivery2 is appended with txns [3207bb0b0fd8a8b7be3d9127198907385024f9a4bb0b44e250c8bd8e5d7353e7,9d1c5b751e56cbeb1c3a17c82bd8765ebfd67402d5f8333e91688b13028cecbc]. 
	Associate view delivery2 with txn IDs [
  '3207bb0b0fd8a8b7be3d9127198907385024f9a4bb0b44e250c8bd8e5d7353e7',
  '9d1c5b751e56cbeb1c3a17c82bd8765ebfd67402d5f8333e91688b13028cecbc'
]
===============================================
A view owner prepares Txn 15(tid) to invoke Contract secretcontract with confidential part SECRET_PAYLOAD
	Create a random salt sa2yziwrn
	Hash the confidential part into 064e33cdae6e6363d236a174882024187a880c452ad354ede74e45549e8ac0be 
	Send a txn efabc05302e16e68f2afbc76bc2346833a5fdae80db966f8038aac2a863bd84d to invoke secretcontract with 064e33cdae6e6363d236a174882024187a880c452ad354ede74e45549e8ac0be as the secret part. 
View manufacturer1 is appended with txns [efabc05302e16e68f2afbc76bc2346833a5fdae80db966f8038aac2a863bd84d]. 
	Associate view manufacturer1 with txn IDs [ 'efabc05302e16e68f2afbc76bc2346833a5fdae80db966f8038aac2a863bd84d' ]
View warehouse1 is appended with txns [efabc05302e16e68f2afbc76bc2346833a5fdae80db966f8038aac2a863bd84d]. 
	Associate view warehouse1 with txn IDs [ 'efabc05302e16e68f2afbc76bc2346833a5fdae80db966f8038aac2a863bd84d' ]
View delivery1 is appended with txns [efabc05302e16e68f2afbc76bc2346833a5fdae80db966f8038aac2a863bd84d]. 
	Associate view delivery1 with txn IDs [ 'efabc05302e16e68f2afbc76bc2346833a5fdae80db966f8038aac2a863bd84d' ]
View warehouse2 is appended with txns [efabc05302e16e68f2afbc76bc2346833a5fdae80db966f8038aac2a863bd84d]. 
	Associate view warehouse2 with txn IDs [ 'efabc05302e16e68f2afbc76bc2346833a5fdae80db966f8038aac2a863bd84d' ]
View shop5 is appended with txns [0dc9c33d2f8e3151befdfcff818099619dce257e91bae2d368abe84c7dbd4363,bfbee21c2055b14a371369f2912e5b05290c8de57c57532171be1774e38515da,d07e4c389537d14de5fcdd4b11c22962587fa5dd2ac91fde5213bc84efb40621,efabc05302e16e68f2afbc76bc2346833a5fdae80db966f8038aac2a863bd84d]. 
	Associate view shop5 with txn IDs [
  '0dc9c33d2f8e3151befdfcff818099619dce257e91bae2d368abe84c7dbd4363',
  'bfbee21c2055b14a371369f2912e5b05290c8de57c57532171be1774e38515da',
  'd07e4c389537d14de5fcdd4b11c22962587fa5dd2ac91fde5213bc84efb40621',
  'efabc05302e16e68f2afbc76bc2346833a5fdae80db966f8038aac2a863bd84d'
]
===============================================
A view owner prepares Txn 16(tid) to invoke Contract secretcontract with confidential part SECRET_PAYLOAD
	Create a random salt g53n5ioz
	Hash the confidential part into 448ac1117df06716777f5dc2c1d8120cee42884ed19bde5d0b17e88e136388f1 
	Send a txn c04fdea2edf46a602ef4cd8c0deb1baebd585d6dfe4a2048dc1783c58e243ed8 to invoke secretcontract with 448ac1117df06716777f5dc2c1d8120cee42884ed19bde5d0b17e88e136388f1 as the secret part. 
View manufacturer1 is appended with txns [c04fdea2edf46a602ef4cd8c0deb1baebd585d6dfe4a2048dc1783c58e243ed8]. 
	Associate view manufacturer1 with txn IDs [ 'c04fdea2edf46a602ef4cd8c0deb1baebd585d6dfe4a2048dc1783c58e243ed8' ]
View warehouse1 is appended with txns [c04fdea2edf46a602ef4cd8c0deb1baebd585d6dfe4a2048dc1783c58e243ed8]. 
	Associate view warehouse1 with txn IDs [ 'c04fdea2edf46a602ef4cd8c0deb1baebd585d6dfe4a2048dc1783c58e243ed8' ]
View delivery2 is appended with txns [c04fdea2edf46a602ef4cd8c0deb1baebd585d6dfe4a2048dc1783c58e243ed8]. 
	Associate view delivery2 with txn IDs [ 'c04fdea2edf46a602ef4cd8c0deb1baebd585d6dfe4a2048dc1783c58e243ed8' ]
View warehouse3 is appended with txns [d11c05ea47a7051dc7f5fca7df168568630e48f7b1683314b8d21fd4f8336e50,80345a870548a934ebbae176220024d6f2e2eca81a3bfca7b2705f78be83b7bf,c04fdea2edf46a602ef4cd8c0deb1baebd585d6dfe4a2048dc1783c58e243ed8]. 
	Associate view warehouse3 with txn IDs [
  'd11c05ea47a7051dc7f5fca7df168568630e48f7b1683314b8d21fd4f8336e50',
  '80345a870548a934ebbae176220024d6f2e2eca81a3bfca7b2705f78be83b7bf',
  'c04fdea2edf46a602ef4cd8c0deb1baebd585d6dfe4a2048dc1783c58e243ed8'
]
===============================================
A view owner prepares Txn 17(tid) to invoke Contract secretcontract with confidential part SECRET_PAYLOAD
	Create a random salt u091kiay
	Hash the confidential part into dcd013c79bfaed06d946e74801e889620e5b26ba82aad5db471c86417c86cdb1 
	Send a txn 0fcbfdb3da34c2383a6994240218f9c8aead27e5ac8fbbed397c2f6c0d7ba1fd to invoke secretcontract with dcd013c79bfaed06d946e74801e889620e5b26ba82aad5db471c86417c86cdb1 as the secret part. 
View manufacturer2 is appended with txns [0fcbfdb3da34c2383a6994240218f9c8aead27e5ac8fbbed397c2f6c0d7ba1fd]. 
	Associate view manufacturer2 with txn IDs [ '0fcbfdb3da34c2383a6994240218f9c8aead27e5ac8fbbed397c2f6c0d7ba1fd' ]
View warehouse1 is appended with txns [0fcbfdb3da34c2383a6994240218f9c8aead27e5ac8fbbed397c2f6c0d7ba1fd]. 
	Associate view warehouse1 with txn IDs [ '0fcbfdb3da34c2383a6994240218f9c8aead27e5ac8fbbed397c2f6c0d7ba1fd' ]
View delivery1 is appended with txns [a071fb6478074c26039a0ca3c7ad852c97b4803572294da286bfabf184cc769b,0fcbfdb3da34c2383a6994240218f9c8aead27e5ac8fbbed397c2f6c0d7ba1fd]. 
	Associate view delivery1 with txn IDs [
  'a071fb6478074c26039a0ca3c7ad852c97b4803572294da286bfabf184cc769b',
  '0fcbfdb3da34c2383a6994240218f9c8aead27e5ac8fbbed397c2f6c0d7ba1fd'
]
===============================================
A view owner prepares Txn 18(tid) to invoke Contract secretcontract with confidential part SECRET_PAYLOAD
	Create a random salt 83enu7db8
	Hash the confidential part into 1026decfba6b14276f11ad145df458f4e6e219f398fc70c45bbf25b0d0a6ea0d 
	Send a txn 503f2eb8ffdcb444fe9551c4fac53f5596fa1160c56f84602a80d8c85a479f52 to invoke secretcontract with 1026decfba6b14276f11ad145df458f4e6e219f398fc70c45bbf25b0d0a6ea0d as the secret part. 
View manufacturer2 is appended with txns [503f2eb8ffdcb444fe9551c4fac53f5596fa1160c56f84602a80d8c85a479f52]. 
	Associate view manufacturer2 with txn IDs [ '503f2eb8ffdcb444fe9551c4fac53f5596fa1160c56f84602a80d8c85a479f52' ]
View warehouse1 is appended with txns [503f2eb8ffdcb444fe9551c4fac53f5596fa1160c56f84602a80d8c85a479f52]. 
	Associate view warehouse1 with txn IDs [ '503f2eb8ffdcb444fe9551c4fac53f5596fa1160c56f84602a80d8c85a479f52' ]
View delivery1 is appended with txns [503f2eb8ffdcb444fe9551c4fac53f5596fa1160c56f84602a80d8c85a479f52]. 
	Associate view delivery1 with txn IDs [ '503f2eb8ffdcb444fe9551c4fac53f5596fa1160c56f84602a80d8c85a479f52' ]
View warehouse2 is appended with txns [a071fb6478074c26039a0ca3c7ad852c97b4803572294da286bfabf184cc769b,0fcbfdb3da34c2383a6994240218f9c8aead27e5ac8fbbed397c2f6c0d7ba1fd,503f2eb8ffdcb444fe9551c4fac53f5596fa1160c56f84602a80d8c85a479f52]. 
	Associate view warehouse2 with txn IDs [
  'a071fb6478074c26039a0ca3c7ad852c97b4803572294da286bfabf184cc769b',
  '0fcbfdb3da34c2383a6994240218f9c8aead27e5ac8fbbed397c2f6c0d7ba1fd',
  '503f2eb8ffdcb444fe9551c4fac53f5596fa1160c56f84602a80d8c85a479f52'
]
===============================================
A view owner prepares Txn 19(tid) to invoke Contract secretcontract with confidential part SECRET_PAYLOAD
	Create a random salt i1qh3105
	Hash the confidential part into ddc73b4b560b86c830c510156b34b4ffc6df2e78881b55881d48487676db30cd 
	Send a txn 8f4a965c3a82230ecbc0f3b4630407366f9734de769a82a9c7c374dfa2cd4754 to invoke secretcontract with ddc73b4b560b86c830c510156b34b4ffc6df2e78881b55881d48487676db30cd as the secret part. 
View manufacturer2 is appended with txns [8f4a965c3a82230ecbc0f3b4630407366f9734de769a82a9c7c374dfa2cd4754]. 
	Associate view manufacturer2 with txn IDs [ '8f4a965c3a82230ecbc0f3b4630407366f9734de769a82a9c7c374dfa2cd4754' ]
View warehouse1 is appended with txns [8f4a965c3a82230ecbc0f3b4630407366f9734de769a82a9c7c374dfa2cd4754]. 
	Associate view warehouse1 with txn IDs [ '8f4a965c3a82230ecbc0f3b4630407366f9734de769a82a9c7c374dfa2cd4754' ]
View delivery1 is appended with txns [f03969968d542a9069e2f466fa5da29db854281110d1e42c59e33c7f4d3fc61d,8f4a965c3a82230ecbc0f3b4630407366f9734de769a82a9c7c374dfa2cd4754]. 
	Associate view delivery1 with txn IDs [
  'f03969968d542a9069e2f466fa5da29db854281110d1e42c59e33c7f4d3fc61d',
  '8f4a965c3a82230ecbc0f3b4630407366f9734de769a82a9c7c374dfa2cd4754'
]
===============================================
A view owner prepares Txn 20(tid) to invoke Contract secretcontract with confidential part SECRET_PAYLOAD
	Create a random salt 47jjazive
	Hash the confidential part into f86e27811fc97aa6db19c430a5e1c125a36e7c1834f41ea7fa52751a341d766b 
	Send a txn f92ae4bcc0e8f8dd6737f376b40632592ec88177df4e623008c1adda5161e5fb to invoke secretcontract with f86e27811fc97aa6db19c430a5e1c125a36e7c1834f41ea7fa52751a341d766b as the secret part. 
View manufacturer1 is appended with txns [f92ae4bcc0e8f8dd6737f376b40632592ec88177df4e623008c1adda5161e5fb]. 
	Associate view manufacturer1 with txn IDs [ 'f92ae4bcc0e8f8dd6737f376b40632592ec88177df4e623008c1adda5161e5fb' ]
View warehouse1 is appended with txns [f92ae4bcc0e8f8dd6737f376b40632592ec88177df4e623008c1adda5161e5fb]. 
	Associate view warehouse1 with txn IDs [ 'f92ae4bcc0e8f8dd6737f376b40632592ec88177df4e623008c1adda5161e5fb' ]
View delivery2 is appended with txns [f92ae4bcc0e8f8dd6737f376b40632592ec88177df4e623008c1adda5161e5fb]. 
	Associate view delivery2 with txn IDs [ 'f92ae4bcc0e8f8dd6737f376b40632592ec88177df4e623008c1adda5161e5fb' ]
View warehouse3 is appended with txns [f92ae4bcc0e8f8dd6737f376b40632592ec88177df4e623008c1adda5161e5fb]. 
	Associate view warehouse3 with txn IDs [ 'f92ae4bcc0e8f8dd6737f376b40632592ec88177df4e623008c1adda5161e5fb' ]
View shop7 is appended with txns [d11c05ea47a7051dc7f5fca7df168568630e48f7b1683314b8d21fd4f8336e50,80345a870548a934ebbae176220024d6f2e2eca81a3bfca7b2705f78be83b7bf,c04fdea2edf46a602ef4cd8c0deb1baebd585d6dfe4a2048dc1783c58e243ed8,f92ae4bcc0e8f8dd6737f376b40632592ec88177df4e623008c1adda5161e5fb]. 
	Associate view shop7 with txn IDs [
  'd11c05ea47a7051dc7f5fca7df168568630e48f7b1683314b8d21fd4f8336e50',
  '80345a870548a934ebbae176220024d6f2e2eca81a3bfca7b2705f78be83b7bf',
  'c04fdea2edf46a602ef4cd8c0deb1baebd585d6dfe4a2048dc1783c58e243ed8',
  'f92ae4bcc0e8f8dd6737f376b40632592ec88177df4e623008c1adda5161e5fb'
]
===============================================
A view owner prepares Txn 21(tid) to invoke Contract secretcontract with confidential part SECRET_PAYLOAD
	Create a random salt a0a0p1z88
	Hash the confidential part into 647149d3ff8903456365dff037905b8a2c7b770a1598ef8c6b2c0bf2df4b6530 
	Send a txn f414bce34e1a258cc8af1ef166418fe966d192cd6bf526b69d186831b0f32eb6 to invoke secretcontract with 647149d3ff8903456365dff037905b8a2c7b770a1598ef8c6b2c0bf2df4b6530 as the secret part. 
View manufacturer2 is appended with txns [f414bce34e1a258cc8af1ef166418fe966d192cd6bf526b69d186831b0f32eb6]. 
	Associate view manufacturer2 with txn IDs [ 'f414bce34e1a258cc8af1ef166418fe966d192cd6bf526b69d186831b0f32eb6' ]
View warehouse1 is appended with txns [f414bce34e1a258cc8af1ef166418fe966d192cd6bf526b69d186831b0f32eb6]. 
	Associate view warehouse1 with txn IDs [ 'f414bce34e1a258cc8af1ef166418fe966d192cd6bf526b69d186831b0f32eb6' ]
View delivery1 is appended with txns [f414bce34e1a258cc8af1ef166418fe966d192cd6bf526b69d186831b0f32eb6]. 
	Associate view delivery1 with txn IDs [ 'f414bce34e1a258cc8af1ef166418fe966d192cd6bf526b69d186831b0f32eb6' ]
View warehouse2 is appended with txns [f03969968d542a9069e2f466fa5da29db854281110d1e42c59e33c7f4d3fc61d,8f4a965c3a82230ecbc0f3b4630407366f9734de769a82a9c7c374dfa2cd4754,f414bce34e1a258cc8af1ef166418fe966d192cd6bf526b69d186831b0f32eb6]. 
	Associate view warehouse2 with txn IDs [
  'f03969968d542a9069e2f466fa5da29db854281110d1e42c59e33c7f4d3fc61d',
  '8f4a965c3a82230ecbc0f3b4630407366f9734de769a82a9c7c374dfa2cd4754',
  'f414bce34e1a258cc8af1ef166418fe966d192cd6bf526b69d186831b0f32eb6'
]
===============================================
A view owner prepares Txn 22(tid) to invoke Contract secretcontract with confidential part SECRET_PAYLOAD
	Create a random salt 61f5g3le
	Hash the confidential part into f0cb5082e0ecf1b8cb3a1ced484fedc0c6830e713df686bd5a081876b4cff5ea 
	Send a txn b002351b7e8a04119982334ab5e1897542164e467c1a24661b1b679e060562f7 to invoke secretcontract with f0cb5082e0ecf1b8cb3a1ced484fedc0c6830e713df686bd5a081876b4cff5ea as the secret part. 
View manufacturer2 is appended with txns [b002351b7e8a04119982334ab5e1897542164e467c1a24661b1b679e060562f7]. 
	Associate view manufacturer2 with txn IDs [ 'b002351b7e8a04119982334ab5e1897542164e467c1a24661b1b679e060562f7' ]
View warehouse1 is appended with txns [b002351b7e8a04119982334ab5e1897542164e467c1a24661b1b679e060562f7]. 
	Associate view warehouse1 with txn IDs [ 'b002351b7e8a04119982334ab5e1897542164e467c1a24661b1b679e060562f7' ]
View delivery1 is appended with txns [b002351b7e8a04119982334ab5e1897542164e467c1a24661b1b679e060562f7]. 
	Associate view delivery1 with txn IDs [ 'b002351b7e8a04119982334ab5e1897542164e467c1a24661b1b679e060562f7' ]
View warehouse2 is appended with txns [b002351b7e8a04119982334ab5e1897542164e467c1a24661b1b679e060562f7]. 
	Associate view warehouse2 with txn IDs [ 'b002351b7e8a04119982334ab5e1897542164e467c1a24661b1b679e060562f7' ]
View shop5 is appended with txns [f03969968d542a9069e2f466fa5da29db854281110d1e42c59e33c7f4d3fc61d,8f4a965c3a82230ecbc0f3b4630407366f9734de769a82a9c7c374dfa2cd4754,f414bce34e1a258cc8af1ef166418fe966d192cd6bf526b69d186831b0f32eb6,b002351b7e8a04119982334ab5e1897542164e467c1a24661b1b679e060562f7]. 
	Associate view shop5 with txn IDs [
  'f03969968d542a9069e2f466fa5da29db854281110d1e42c59e33c7f4d3fc61d',
  '8f4a965c3a82230ecbc0f3b4630407366f9734de769a82a9c7c374dfa2cd4754',
  'f414bce34e1a258cc8af1ef166418fe966d192cd6bf526b69d186831b0f32eb6',
  'b002351b7e8a04119982334ab5e1897542164e467c1a24661b1b679e060562f7'
]
===============================================
A view owner prepares Txn 23(tid) to invoke Contract secretcontract with confidential part SECRET_PAYLOAD
	Create a random salt lk7cx871j
	Hash the confidential part into f95a89ce6f86a94a8e8fa3e6e33e15f8a092bf1d5c9332008f39d902e6e25eb5 
	Send a txn 625e211e736a60beffaa70e9d54bcd9b38997befc52efadedba2a16028a947e6 to invoke secretcontract with f95a89ce6f86a94a8e8fa3e6e33e15f8a092bf1d5c9332008f39d902e6e25eb5 as the secret part. 
View manufacturer2 is appended with txns [625e211e736a60beffaa70e9d54bcd9b38997befc52efadedba2a16028a947e6]. 
	Associate view manufacturer2 with txn IDs [ '625e211e736a60beffaa70e9d54bcd9b38997befc52efadedba2a16028a947e6' ]
View warehouse1 is appended with txns [625e211e736a60beffaa70e9d54bcd9b38997befc52efadedba2a16028a947e6]. 
	Associate view warehouse1 with txn IDs [ '625e211e736a60beffaa70e9d54bcd9b38997befc52efadedba2a16028a947e6' ]
View delivery1 is appended with txns [625e211e736a60beffaa70e9d54bcd9b38997befc52efadedba2a16028a947e6]. 
	Associate view delivery1 with txn IDs [ '625e211e736a60beffaa70e9d54bcd9b38997befc52efadedba2a16028a947e6' ]
View warehouse2 is appended with txns [58d68579dbfa4897e0b695a035524e6365a47a5fcb4d8d2fbe74b30d638472bf,948d19babe287631ab9c76304ae3dc201be7e1b78f35ff9a956e451a4dd627d0,625e211e736a60beffaa70e9d54bcd9b38997befc52efadedba2a16028a947e6]. 
	Associate view warehouse2 with txn IDs [
  '58d68579dbfa4897e0b695a035524e6365a47a5fcb4d8d2fbe74b30d638472bf',
  '948d19babe287631ab9c76304ae3dc201be7e1b78f35ff9a956e451a4dd627d0',
  '625e211e736a60beffaa70e9d54bcd9b38997befc52efadedba2a16028a947e6'
]
===============================================
A view owner prepares Txn 24(tid) to invoke Contract secretcontract with confidential part SECRET_PAYLOAD
	Create a random salt wzj97vlra
	Hash the confidential part into 285e87b199bd85f451d11c5ac67cc0210ba941f741d1b3e22a92ec21c6678114 
	Send a txn 9801f63325f62416c411f6f6df230c750b3a12dfda777be77d29397be1bf34ba to invoke secretcontract with 285e87b199bd85f451d11c5ac67cc0210ba941f741d1b3e22a92ec21c6678114 as the secret part. 
View manufacturer2 is appended with txns [9801f63325f62416c411f6f6df230c750b3a12dfda777be77d29397be1bf34ba]. 
	Associate view manufacturer2 with txn IDs [ '9801f63325f62416c411f6f6df230c750b3a12dfda777be77d29397be1bf34ba' ]
View warehouse1 is appended with txns [9801f63325f62416c411f6f6df230c750b3a12dfda777be77d29397be1bf34ba]. 
	Associate view warehouse1 with txn IDs [ '9801f63325f62416c411f6f6df230c750b3a12dfda777be77d29397be1bf34ba' ]
View delivery1 is appended with txns [9801f63325f62416c411f6f6df230c750b3a12dfda777be77d29397be1bf34ba]. 
	Associate view delivery1 with txn IDs [ '9801f63325f62416c411f6f6df230c750b3a12dfda777be77d29397be1bf34ba' ]
View warehouse2 is appended with txns [9801f63325f62416c411f6f6df230c750b3a12dfda777be77d29397be1bf34ba]. 
	Associate view warehouse2 with txn IDs [ '9801f63325f62416c411f6f6df230c750b3a12dfda777be77d29397be1bf34ba' ]
View shop5 is appended with txns [58d68579dbfa4897e0b695a035524e6365a47a5fcb4d8d2fbe74b30d638472bf,948d19babe287631ab9c76304ae3dc201be7e1b78f35ff9a956e451a4dd627d0,625e211e736a60beffaa70e9d54bcd9b38997befc52efadedba2a16028a947e6,9801f63325f62416c411f6f6df230c750b3a12dfda777be77d29397be1bf34ba]. 
	Associate view shop5 with txn IDs [
  '58d68579dbfa4897e0b695a035524e6365a47a5fcb4d8d2fbe74b30d638472bf',
  '948d19babe287631ab9c76304ae3dc201be7e1b78f35ff9a956e451a4dd627d0',
  '625e211e736a60beffaa70e9d54bcd9b38997befc52efadedba2a16028a947e6',
  '9801f63325f62416c411f6f6df230c750b3a12dfda777be77d29397be1bf34ba'
]
===============================================
A view owner prepares Txn 25(tid) to invoke Contract secretcontract with confidential part SECRET_PAYLOAD
	Create a random salt jx8d0w1ap
	Hash the confidential part into e1a7e9eaf4ceba14e9c51e42da60985d1c8c90c8a080419fd4d19371e7d00e07 
	Send a txn 79dc0bd6ad38ec0677f35a09619b646b3d83ba27bc2f85aa135b57b9b1bc298f to invoke secretcontract with e1a7e9eaf4ceba14e9c51e42da60985d1c8c90c8a080419fd4d19371e7d00e07 as the secret part. 
View manufacturer2 is appended with txns [79dc0bd6ad38ec0677f35a09619b646b3d83ba27bc2f85aa135b57b9b1bc298f]. 
	Associate view manufacturer2 with txn IDs [ '79dc0bd6ad38ec0677f35a09619b646b3d83ba27bc2f85aa135b57b9b1bc298f' ]
View warehouse1 is appended with txns [79dc0bd6ad38ec0677f35a09619b646b3d83ba27bc2f85aa135b57b9b1bc298f]. 
	Associate view warehouse1 with txn IDs [ '79dc0bd6ad38ec0677f35a09619b646b3d83ba27bc2f85aa135b57b9b1bc298f' ]
===============================================
A view owner prepares Txn 26(tid) to invoke Contract secretcontract with confidential part SECRET_PAYLOAD
	Create a random salt 6huo4miew
	Hash the confidential part into d867f38c719dd49f11c90d2a2e59c5494c375dc41a4eac753ad66a267cde1715 
	Send a txn c73b8820b49f2c7af37ad98dfc23235a0e67dabb04dd376097920b0299413eae to invoke secretcontract with d867f38c719dd49f11c90d2a2e59c5494c375dc41a4eac753ad66a267cde1715 as the secret part. 
View manufacturer2 is appended with txns [c73b8820b49f2c7af37ad98dfc23235a0e67dabb04dd376097920b0299413eae]. 
	Associate view manufacturer2 with txn IDs [ 'c73b8820b49f2c7af37ad98dfc23235a0e67dabb04dd376097920b0299413eae' ]
View warehouse1 is appended with txns [c73b8820b49f2c7af37ad98dfc23235a0e67dabb04dd376097920b0299413eae]. 
	Associate view warehouse1 with txn IDs [ 'c73b8820b49f2c7af37ad98dfc23235a0e67dabb04dd376097920b0299413eae' ]
View delivery2 is appended with txns [c73b8820b49f2c7af37ad98dfc23235a0e67dabb04dd376097920b0299413eae]. 
	Associate view delivery2 with txn IDs [ 'c73b8820b49f2c7af37ad98dfc23235a0e67dabb04dd376097920b0299413eae' ]
View warehouse3 is appended with txns [3207bb0b0fd8a8b7be3d9127198907385024f9a4bb0b44e250c8bd8e5d7353e7,9d1c5b751e56cbeb1c3a17c82bd8765ebfd67402d5f8333e91688b13028cecbc,c73b8820b49f2c7af37ad98dfc23235a0e67dabb04dd376097920b0299413eae]. 
	Associate view warehouse3 with txn IDs [
  '3207bb0b0fd8a8b7be3d9127198907385024f9a4bb0b44e250c8bd8e5d7353e7',
  '9d1c5b751e56cbeb1c3a17c82bd8765ebfd67402d5f8333e91688b13028cecbc',
  'c73b8820b49f2c7af37ad98dfc23235a0e67dabb04dd376097920b0299413eae'
]
===============================================
A view owner prepares Txn 27(tid) to invoke Contract secretcontract with confidential part SECRET_PAYLOAD
	Create a random salt rzlubtsun
	Hash the confidential part into 42f4f5a148a08e4ea745e0fa3d090af2be26bfd856a8e573478f2b1817fa58fe 
	Send a txn 6185627a5e1465340188754cbfea418a7f02c31b24c3957bf941a231a11bfc72 to invoke secretcontract with 42f4f5a148a08e4ea745e0fa3d090af2be26bfd856a8e573478f2b1817fa58fe as the secret part. 
View manufacturer2 is appended with txns [6185627a5e1465340188754cbfea418a7f02c31b24c3957bf941a231a11bfc72]. 
	Associate view manufacturer2 with txn IDs [ '6185627a5e1465340188754cbfea418a7f02c31b24c3957bf941a231a11bfc72' ]
View warehouse1 is appended with txns [6185627a5e1465340188754cbfea418a7f02c31b24c3957bf941a231a11bfc72]. 
	Associate view warehouse1 with txn IDs [ '6185627a5e1465340188754cbfea418a7f02c31b24c3957bf941a231a11bfc72' ]
View delivery1 is appended with txns [6185627a5e1465340188754cbfea418a7f02c31b24c3957bf941a231a11bfc72]. 
	Associate view delivery1 with txn IDs [ '6185627a5e1465340188754cbfea418a7f02c31b24c3957bf941a231a11bfc72' ]
View warehouse2 is appended with txns [6185627a5e1465340188754cbfea418a7f02c31b24c3957bf941a231a11bfc72]. 
	Associate view warehouse2 with txn IDs [ '6185627a5e1465340188754cbfea418a7f02c31b24c3957bf941a231a11bfc72' ]
View shop3 is appended with txns [3daf85183e12058348e51be2587f412fee7b607b18af190317c9d3b14957fe86,7621ce5d49b9686205989c5889a1acb2b5eee05e862c318859be759dec86403c,54c72503294fb6dfaf81339782033deef31003c2cd957e008f556913b8f090d9,6185627a5e1465340188754cbfea418a7f02c31b24c3957bf941a231a11bfc72]. 
	Associate view shop3 with txn IDs [
  '3daf85183e12058348e51be2587f412fee7b607b18af190317c9d3b14957fe86',
  '7621ce5d49b9686205989c5889a1acb2b5eee05e862c318859be759dec86403c',
  '54c72503294fb6dfaf81339782033deef31003c2cd957e008f556913b8f090d9',
  '6185627a5e1465340188754cbfea418a7f02c31b24c3957bf941a231a11bfc72'
]
===============================================
A view owner prepares Txn 28(tid) to invoke Contract secretcontract with confidential part SECRET_PAYLOAD
	Create a random salt v7uggb0fp
	Hash the confidential part into 8f94691bbedb2638c0c0fa287288c95a933d173a81c57d87b2543e63cd2249f8 
	Send a txn f600b81703fb6f987fb6132aaf2ecbacd06b6c29021e2ded20a9db5517825c78 to invoke secretcontract with 8f94691bbedb2638c0c0fa287288c95a933d173a81c57d87b2543e63cd2249f8 as the secret part. 
View manufacturer2 is appended with txns [f600b81703fb6f987fb6132aaf2ecbacd06b6c29021e2ded20a9db5517825c78]. 
	Associate view manufacturer2 with txn IDs [ 'f600b81703fb6f987fb6132aaf2ecbacd06b6c29021e2ded20a9db5517825c78' ]
View warehouse1 is appended with txns [f600b81703fb6f987fb6132aaf2ecbacd06b6c29021e2ded20a9db5517825c78]. 
	Associate view warehouse1 with txn IDs [ 'f600b81703fb6f987fb6132aaf2ecbacd06b6c29021e2ded20a9db5517825c78' ]
View delivery2 is appended with txns [f600b81703fb6f987fb6132aaf2ecbacd06b6c29021e2ded20a9db5517825c78]. 
	Associate view delivery2 with txn IDs [ 'f600b81703fb6f987fb6132aaf2ecbacd06b6c29021e2ded20a9db5517825c78' ]
View warehouse3 is appended with txns [f600b81703fb6f987fb6132aaf2ecbacd06b6c29021e2ded20a9db5517825c78]. 
	Associate view warehouse3 with txn IDs [ 'f600b81703fb6f987fb6132aaf2ecbacd06b6c29021e2ded20a9db5517825c78' ]
View shop4 is appended with txns [3207bb0b0fd8a8b7be3d9127198907385024f9a4bb0b44e250c8bd8e5d7353e7,9d1c5b751e56cbeb1c3a17c82bd8765ebfd67402d5f8333e91688b13028cecbc,c73b8820b49f2c7af37ad98dfc23235a0e67dabb04dd376097920b0299413eae,f600b81703fb6f987fb6132aaf2ecbacd06b6c29021e2ded20a9db5517825c78]. 
	Associate view shop4 with txn IDs [
  '3207bb0b0fd8a8b7be3d9127198907385024f9a4bb0b44e250c8bd8e5d7353e7',
  '9d1c5b751e56cbeb1c3a17c82bd8765ebfd67402d5f8333e91688b13028cecbc',
  'c73b8820b49f2c7af37ad98dfc23235a0e67dabb04dd376097920b0299413eae',
  'f600b81703fb6f987fb6132aaf2ecbacd06b6c29021e2ded20a9db5517825c78'
]
===============================================
A view owner prepares Txn 29(tid) to invoke Contract secretcontract with confidential part SECRET_PAYLOAD
	Create a random salt 2d4dyp3mi
	Hash the confidential part into 2fb20f691b23eb3de02c2cd66662c47beae63f15a82620771cbcf1b1c2a44149 
	Send a txn 75b686db0f7ec08808b0b9b3fc675fd3dafc49862db9fdf98a6d5104993a0b59 to invoke secretcontract with 2fb20f691b23eb3de02c2cd66662c47beae63f15a82620771cbcf1b1c2a44149 as the secret part. 
View manufacturer2 is appended with txns [75b686db0f7ec08808b0b9b3fc675fd3dafc49862db9fdf98a6d5104993a0b59]. 
	Associate view manufacturer2 with txn IDs [ '75b686db0f7ec08808b0b9b3fc675fd3dafc49862db9fdf98a6d5104993a0b59' ]
View warehouse1 is appended with txns [75b686db0f7ec08808b0b9b3fc675fd3dafc49862db9fdf98a6d5104993a0b59]. 
	Associate view warehouse1 with txn IDs [ '75b686db0f7ec08808b0b9b3fc675fd3dafc49862db9fdf98a6d5104993a0b59' ]
View delivery1 is appended with txns [75b686db0f7ec08808b0b9b3fc675fd3dafc49862db9fdf98a6d5104993a0b59]. 
	Associate view delivery1 with txn IDs [ '75b686db0f7ec08808b0b9b3fc675fd3dafc49862db9fdf98a6d5104993a0b59' ]
View warehouse2 is appended with txns [75b686db0f7ec08808b0b9b3fc675fd3dafc49862db9fdf98a6d5104993a0b59]. 
	Associate view warehouse2 with txn IDs [ '75b686db0f7ec08808b0b9b3fc675fd3dafc49862db9fdf98a6d5104993a0b59' ]
View shop4 is appended with txns [a071fb6478074c26039a0ca3c7ad852c97b4803572294da286bfabf184cc769b,0fcbfdb3da34c2383a6994240218f9c8aead27e5ac8fbbed397c2f6c0d7ba1fd,503f2eb8ffdcb444fe9551c4fac53f5596fa1160c56f84602a80d8c85a479f52,75b686db0f7ec08808b0b9b3fc675fd3dafc49862db9fdf98a6d5104993a0b59]. 
	Associate view shop4 with txn IDs [
  'a071fb6478074c26039a0ca3c7ad852c97b4803572294da286bfabf184cc769b',
  '0fcbfdb3da34c2383a6994240218f9c8aead27e5ac8fbbed397c2f6c0d7ba1fd',
  '503f2eb8ffdcb444fe9551c4fac53f5596fa1160c56f84602a80d8c85a479f52',
  '75b686db0f7ec08808b0b9b3fc675fd3dafc49862db9fdf98a6d5104993a0b59'
]
===============================================
A view owner prepares Txn 30(tid) to invoke Contract secretcontract with confidential part SECRET_PAYLOAD
	Create a random salt ujxaq6hhc
	Hash the confidential part into 3d91d8cbada5cadacc49ae7a3c42ea05f61c101bb2b7107ce28be86cf0657f71 
	Send a txn 22c58ea4a2d17d8069e66321757ceea8864e94365b30457d944bff1c42cd8ab6 to invoke secretcontract with 3d91d8cbada5cadacc49ae7a3c42ea05f61c101bb2b7107ce28be86cf0657f71 as the secret part. 
View manufacturer2 is appended with txns [22c58ea4a2d17d8069e66321757ceea8864e94365b30457d944bff1c42cd8ab6]. 
	Associate view manufacturer2 with txn IDs [ '22c58ea4a2d17d8069e66321757ceea8864e94365b30457d944bff1c42cd8ab6' ]
View warehouse1 is appended with txns [22c58ea4a2d17d8069e66321757ceea8864e94365b30457d944bff1c42cd8ab6]. 
	Associate view warehouse1 with txn IDs [ '22c58ea4a2d17d8069e66321757ceea8864e94365b30457d944bff1c42cd8ab6' ]
View delivery2 is appended with txns [79dc0bd6ad38ec0677f35a09619b646b3d83ba27bc2f85aa135b57b9b1bc298f,22c58ea4a2d17d8069e66321757ceea8864e94365b30457d944bff1c42cd8ab6]. 
	Associate view delivery2 with txn IDs [
  '79dc0bd6ad38ec0677f35a09619b646b3d83ba27bc2f85aa135b57b9b1bc298f',
  '22c58ea4a2d17d8069e66321757ceea8864e94365b30457d944bff1c42cd8ab6'
]
===============================================
A view owner prepares Txn 31(tid) to invoke Contract secretcontract with confidential part SECRET_PAYLOAD
	Create a random salt 6olsokeok
	Hash the confidential part into 102b536fa2dade034bd8eccf9ca29740bad32ff0795e30601559a54a47aa95c7 
	Send a txn 3772efa4ec5f19d9cd74f76e556ce17fa885eede3660635244797a12746c4851 to invoke secretcontract with 102b536fa2dade034bd8eccf9ca29740bad32ff0795e30601559a54a47aa95c7 as the secret part. 
View manufacturer2 is appended with txns [3772efa4ec5f19d9cd74f76e556ce17fa885eede3660635244797a12746c4851]. 
	Associate view manufacturer2 with txn IDs [ '3772efa4ec5f19d9cd74f76e556ce17fa885eede3660635244797a12746c4851' ]
View warehouse1 is appended with txns [3772efa4ec5f19d9cd74f76e556ce17fa885eede3660635244797a12746c4851]. 
	Associate view warehouse1 with txn IDs [ '3772efa4ec5f19d9cd74f76e556ce17fa885eede3660635244797a12746c4851' ]
View delivery2 is appended with txns [3772efa4ec5f19d9cd74f76e556ce17fa885eede3660635244797a12746c4851]. 
	Associate view delivery2 with txn IDs [ '3772efa4ec5f19d9cd74f76e556ce17fa885eede3660635244797a12746c4851' ]
View warehouse3 is appended with txns [79dc0bd6ad38ec0677f35a09619b646b3d83ba27bc2f85aa135b57b9b1bc298f,22c58ea4a2d17d8069e66321757ceea8864e94365b30457d944bff1c42cd8ab6,3772efa4ec5f19d9cd74f76e556ce17fa885eede3660635244797a12746c4851]. 
	Associate view warehouse3 with txn IDs [
  '79dc0bd6ad38ec0677f35a09619b646b3d83ba27bc2f85aa135b57b9b1bc298f',
  '22c58ea4a2d17d8069e66321757ceea8864e94365b30457d944bff1c42cd8ab6',
  '3772efa4ec5f19d9cd74f76e556ce17fa885eede3660635244797a12746c4851'
]
===============================================
A view owner prepares Txn 32(tid) to invoke Contract secretcontract with confidential part SECRET_PAYLOAD
	Create a random salt dycaf7jz7
	Hash the confidential part into dd7fb874b2f5b70674269d3808f2e55d659a28f7bf3bcc8d2dd1be9684c82cfc 
	Send a txn 5dea91bf39b95f0641af83f6e5b9f8547b789ddb7494670884cdcf567e901934 to invoke secretcontract with dd7fb874b2f5b70674269d3808f2e55d659a28f7bf3bcc8d2dd1be9684c82cfc as the secret part. 
View manufacturer2 is appended with txns [5dea91bf39b95f0641af83f6e5b9f8547b789ddb7494670884cdcf567e901934]. 
	Associate view manufacturer2 with txn IDs [ '5dea91bf39b95f0641af83f6e5b9f8547b789ddb7494670884cdcf567e901934' ]
View warehouse1 is appended with txns [5dea91bf39b95f0641af83f6e5b9f8547b789ddb7494670884cdcf567e901934]. 
	Associate view warehouse1 with txn IDs [ '5dea91bf39b95f0641af83f6e5b9f8547b789ddb7494670884cdcf567e901934' ]
View delivery2 is appended with txns [5dea91bf39b95f0641af83f6e5b9f8547b789ddb7494670884cdcf567e901934]. 
	Associate view delivery2 with txn IDs [ '5dea91bf39b95f0641af83f6e5b9f8547b789ddb7494670884cdcf567e901934' ]
View warehouse3 is appended with txns [5dea91bf39b95f0641af83f6e5b9f8547b789ddb7494670884cdcf567e901934]. 
	Associate view warehouse3 with txn IDs [ '5dea91bf39b95f0641af83f6e5b9f8547b789ddb7494670884cdcf567e901934' ]
View shop5 is appended with txns [79dc0bd6ad38ec0677f35a09619b646b3d83ba27bc2f85aa135b57b9b1bc298f,22c58ea4a2d17d8069e66321757ceea8864e94365b30457d944bff1c42cd8ab6,3772efa4ec5f19d9cd74f76e556ce17fa885eede3660635244797a12746c4851,5dea91bf39b95f0641af83f6e5b9f8547b789ddb7494670884cdcf567e901934]. 
	Associate view shop5 with txn IDs [
  '79dc0bd6ad38ec0677f35a09619b646b3d83ba27bc2f85aa135b57b9b1bc298f',
  '22c58ea4a2d17d8069e66321757ceea8864e94365b30457d944bff1c42cd8ab6',
  '3772efa4ec5f19d9cd74f76e556ce17fa885eede3660635244797a12746c4851',
  '5dea91bf39b95f0641af83f6e5b9f8547b789ddb7494670884cdcf567e901934'
]
Total Duration (ms): 73366. # of invocations: 192
