Create a encryption-based revocable view manager.
===============================================
Create 14 views. 
	Associate view manufacturer1 with txn IDs []
	Associate view manufacturer2 with txn IDs []
	Associate view warehouse1 with txn IDs []
	Associate view warehouse2 with txn IDs []
	Associate view warehouse3 with txn IDs []
	Associate view delivery1 with txn IDs []
	Associate view delivery2 with txn IDs []
	Associate view shop1 with txn IDs []
	Associate view shop2 with txn IDs []
	Associate view shop3 with txn IDs []
	Associate view shop4 with txn IDs []
	Associate view shop5 with txn IDs []
	Associate view shop6 with txn IDs []
	Associate view shop7 with txn IDs []
===============================================
A view owner prepares Txn 1(tid) to invoke Contract secretcontract with confidential part SECRET_PAYLOAD
	Generate a random key 6w32cio for this txn
	Use the key to encode the confidential part SECRET_PAYLOAD into o4TsiPzn4gBHjYLur2hJpg==
	Send a txn 33b5e000e8798b1141a3536c3b5125149cf42920e6b7577158978671c70f82c2 to invoke secretcontract with the encoded as the secret part o4TsiPzn4gBHjYLur2hJpg==. 
View manufacturer2 is appended with txns [33b5e000e8798b1141a3536c3b5125149cf42920e6b7577158978671c70f82c2]. 
	Append view manufacturer2 with txn IDs [ '33b5e000e8798b1141a3536c3b5125149cf42920e6b7577158978671c70f82c2' ]
View warehouse1 is appended with txns [33b5e000e8798b1141a3536c3b5125149cf42920e6b7577158978671c70f82c2]. 
	Append view warehouse1 with txn IDs [ '33b5e000e8798b1141a3536c3b5125149cf42920e6b7577158978671c70f82c2' ]
===============================================
A view owner prepares Txn 2(tid) to invoke Contract secretcontract with confidential part SECRET_PAYLOAD
	Generate a random key vsewdbh for this txn
	Use the key to encode the confidential part SECRET_PAYLOAD into aUyWFKu1au+Zio+A9T45Rw==
	Send a txn 57c12e50af25c25a13c773e5d77087f362632e8d78a9b9e7b6a0ff1336d6eb53 to invoke secretcontract with the encoded as the secret part aUyWFKu1au+Zio+A9T45Rw==. 
View manufacturer2 is appended with txns [57c12e50af25c25a13c773e5d77087f362632e8d78a9b9e7b6a0ff1336d6eb53]. 
	Append view manufacturer2 with txn IDs [ '57c12e50af25c25a13c773e5d77087f362632e8d78a9b9e7b6a0ff1336d6eb53' ]
View warehouse1 is appended with txns [57c12e50af25c25a13c773e5d77087f362632e8d78a9b9e7b6a0ff1336d6eb53]. 
	Append view warehouse1 with txn IDs [ '57c12e50af25c25a13c773e5d77087f362632e8d78a9b9e7b6a0ff1336d6eb53' ]
View delivery1 is appended with txns [33b5e000e8798b1141a3536c3b5125149cf42920e6b7577158978671c70f82c2,57c12e50af25c25a13c773e5d77087f362632e8d78a9b9e7b6a0ff1336d6eb53]. 
	Append view delivery1 with txn IDs [
  '33b5e000e8798b1141a3536c3b5125149cf42920e6b7577158978671c70f82c2',
  '57c12e50af25c25a13c773e5d77087f362632e8d78a9b9e7b6a0ff1336d6eb53'
]
===============================================
A view owner prepares Txn 3(tid) to invoke Contract secretcontract with confidential part SECRET_PAYLOAD
	Generate a random key ej4zfa for this txn
	Use the key to encode the confidential part SECRET_PAYLOAD into 7mZlb9YN0L3w8w1oLOLjvg==
	Send a txn 5068f520ec360575cc66322b9f785d93f05a510e9540a0178ce28df5cc72a61e to invoke secretcontract with the encoded as the secret part 7mZlb9YN0L3w8w1oLOLjvg==. 
View manufacturer1 is appended with txns [5068f520ec360575cc66322b9f785d93f05a510e9540a0178ce28df5cc72a61e]. 
	Append view manufacturer1 with txn IDs [ '5068f520ec360575cc66322b9f785d93f05a510e9540a0178ce28df5cc72a61e' ]
View warehouse1 is appended with txns [5068f520ec360575cc66322b9f785d93f05a510e9540a0178ce28df5cc72a61e]. 
	Append view warehouse1 with txn IDs [ '5068f520ec360575cc66322b9f785d93f05a510e9540a0178ce28df5cc72a61e' ]
===============================================
A view owner prepares Txn 4(tid) to invoke Contract secretcontract with confidential part SECRET_PAYLOAD
	Generate a random key lr3xod for this txn
	Use the key to encode the confidential part SECRET_PAYLOAD into 9j2SyOGnLNwyDGivavqkPg==
	Send a txn 034f91881f559f10e4b5778a9dc9a0ce3e9777142a823db646102608985e1fdf to invoke secretcontract with the encoded as the secret part 9j2SyOGnLNwyDGivavqkPg==. 
View manufacturer2 is appended with txns [034f91881f559f10e4b5778a9dc9a0ce3e9777142a823db646102608985e1fdf]. 
	Append view manufacturer2 with txn IDs [ '034f91881f559f10e4b5778a9dc9a0ce3e9777142a823db646102608985e1fdf' ]
View warehouse1 is appended with txns [034f91881f559f10e4b5778a9dc9a0ce3e9777142a823db646102608985e1fdf]. 
	Append view warehouse1 with txn IDs [ '034f91881f559f10e4b5778a9dc9a0ce3e9777142a823db646102608985e1fdf' ]
===============================================
A view owner prepares Txn 5(tid) to invoke Contract secretcontract with confidential part SECRET_PAYLOAD
	Generate a random key gtz7hzd for this txn
	Use the key to encode the confidential part SECRET_PAYLOAD into 2cj4/wwQYfdM5mkA3rPokQ==
	Send a txn d374fb5be2b34931fa7bad23cf06b7af6118d5322c2e0cff613a4a8dd10ad9c4 to invoke secretcontract with the encoded as the secret part 2cj4/wwQYfdM5mkA3rPokQ==. 
View manufacturer2 is appended with txns [d374fb5be2b34931fa7bad23cf06b7af6118d5322c2e0cff613a4a8dd10ad9c4]. 
	Append view manufacturer2 with txn IDs [ 'd374fb5be2b34931fa7bad23cf06b7af6118d5322c2e0cff613a4a8dd10ad9c4' ]
View warehouse1 is appended with txns [d374fb5be2b34931fa7bad23cf06b7af6118d5322c2e0cff613a4a8dd10ad9c4]. 
	Append view warehouse1 with txn IDs [ 'd374fb5be2b34931fa7bad23cf06b7af6118d5322c2e0cff613a4a8dd10ad9c4' ]
===============================================
A view owner prepares Txn 6(tid) to invoke Contract secretcontract with confidential part SECRET_PAYLOAD
	Generate a random key thvp7n3 for this txn
	Use the key to encode the confidential part SECRET_PAYLOAD into xNv9vuLauTKhOA71r6xtXA==
	Send a txn 5944ce2011e077cdeed6bec37c57a8d43150cc9144353bb07248b71c63714f93 to invoke secretcontract with the encoded as the secret part xNv9vuLauTKhOA71r6xtXA==. 
View manufacturer2 is appended with txns [5944ce2011e077cdeed6bec37c57a8d43150cc9144353bb07248b71c63714f93]. 
	Append view manufacturer2 with txn IDs [ '5944ce2011e077cdeed6bec37c57a8d43150cc9144353bb07248b71c63714f93' ]
View warehouse1 is appended with txns [5944ce2011e077cdeed6bec37c57a8d43150cc9144353bb07248b71c63714f93]. 
	Append view warehouse1 with txn IDs [ '5944ce2011e077cdeed6bec37c57a8d43150cc9144353bb07248b71c63714f93' ]
===============================================
A view owner prepares Txn 7(tid) to invoke Contract secretcontract with confidential part SECRET_PAYLOAD
	Generate a random key d0k5nhj for this txn
	Use the key to encode the confidential part SECRET_PAYLOAD into BKhsg2Okw1Fndigp+R3u5A==
	Send a txn 93539d3819cc82499b4156b85327c3a5bb3afae90147c499f1e15b8180ad573a to invoke secretcontract with the encoded as the secret part BKhsg2Okw1Fndigp+R3u5A==. 
View manufacturer1 is appended with txns [93539d3819cc82499b4156b85327c3a5bb3afae90147c499f1e15b8180ad573a]. 
	Append view manufacturer1 with txn IDs [ '93539d3819cc82499b4156b85327c3a5bb3afae90147c499f1e15b8180ad573a' ]
View warehouse1 is appended with txns [93539d3819cc82499b4156b85327c3a5bb3afae90147c499f1e15b8180ad573a]. 
	Append view warehouse1 with txn IDs [ '93539d3819cc82499b4156b85327c3a5bb3afae90147c499f1e15b8180ad573a' ]
View delivery2 is appended with txns [5068f520ec360575cc66322b9f785d93f05a510e9540a0178ce28df5cc72a61e,93539d3819cc82499b4156b85327c3a5bb3afae90147c499f1e15b8180ad573a]. 
	Append view delivery2 with txn IDs [
  '5068f520ec360575cc66322b9f785d93f05a510e9540a0178ce28df5cc72a61e',
  '93539d3819cc82499b4156b85327c3a5bb3afae90147c499f1e15b8180ad573a'
]
===============================================
A view owner prepares Txn 8(tid) to invoke Contract secretcontract with confidential part SECRET_PAYLOAD
	Generate a random key vzzxi1j for this txn
	Use the key to encode the confidential part SECRET_PAYLOAD into /wUod+LnFJKrLcGumz4ZGg==
	Send a txn 599ca136b58989d3f6b4ee03db131b3342f63d65704261142526e16b3617c5b9 to invoke secretcontract with the encoded as the secret part /wUod+LnFJKrLcGumz4ZGg==. 
View manufacturer2 is appended with txns [599ca136b58989d3f6b4ee03db131b3342f63d65704261142526e16b3617c5b9]. 
	Append view manufacturer2 with txn IDs [ '599ca136b58989d3f6b4ee03db131b3342f63d65704261142526e16b3617c5b9' ]
View warehouse1 is appended with txns [599ca136b58989d3f6b4ee03db131b3342f63d65704261142526e16b3617c5b9]. 
	Append view warehouse1 with txn IDs [ '599ca136b58989d3f6b4ee03db131b3342f63d65704261142526e16b3617c5b9' ]
===============================================
A view owner prepares Txn 9(tid) to invoke Contract secretcontract with confidential part SECRET_PAYLOAD
	Generate a random key 18puz5r for this txn
	Use the key to encode the confidential part SECRET_PAYLOAD into eBEsrmMJ/YJIWzyXAAIFbw==
	Send a txn 339c484479d40a08c92b3c19fd045c76f952f62db07eb31c65edce3995e1528e to invoke secretcontract with the encoded as the secret part eBEsrmMJ/YJIWzyXAAIFbw==. 
View manufacturer1 is appended with txns [339c484479d40a08c92b3c19fd045c76f952f62db07eb31c65edce3995e1528e]. 
	Append view manufacturer1 with txn IDs [ '339c484479d40a08c92b3c19fd045c76f952f62db07eb31c65edce3995e1528e' ]
View warehouse1 is appended with txns [339c484479d40a08c92b3c19fd045c76f952f62db07eb31c65edce3995e1528e]. 
	Append view warehouse1 with txn IDs [ '339c484479d40a08c92b3c19fd045c76f952f62db07eb31c65edce3995e1528e' ]
===============================================
A view owner prepares Txn 10(tid) to invoke Contract secretcontract with confidential part SECRET_PAYLOAD
	Generate a random key 82d88bp for this txn
	Use the key to encode the confidential part SECRET_PAYLOAD into 0LXFX/Dfo9dOvWCJ8Me1HA==
	Send a txn 8995ed9654743e18257ab99106d8823f3c24b6804225daa86ef4e536bd9dfbe6 to invoke secretcontract with the encoded as the secret part 0LXFX/Dfo9dOvWCJ8Me1HA==. 
View manufacturer1 is appended with txns [8995ed9654743e18257ab99106d8823f3c24b6804225daa86ef4e536bd9dfbe6]. 
	Append view manufacturer1 with txn IDs [ '8995ed9654743e18257ab99106d8823f3c24b6804225daa86ef4e536bd9dfbe6' ]
View warehouse1 is appended with txns [8995ed9654743e18257ab99106d8823f3c24b6804225daa86ef4e536bd9dfbe6]. 
	Append view warehouse1 with txn IDs [ '8995ed9654743e18257ab99106d8823f3c24b6804225daa86ef4e536bd9dfbe6' ]
View delivery1 is appended with txns [339c484479d40a08c92b3c19fd045c76f952f62db07eb31c65edce3995e1528e,8995ed9654743e18257ab99106d8823f3c24b6804225daa86ef4e536bd9dfbe6]. 
	Append view delivery1 with txn IDs [
  '339c484479d40a08c92b3c19fd045c76f952f62db07eb31c65edce3995e1528e',
  '8995ed9654743e18257ab99106d8823f3c24b6804225daa86ef4e536bd9dfbe6'
]
===============================================
A view owner prepares Txn 11(tid) to invoke Contract secretcontract with confidential part SECRET_PAYLOAD
	Generate a random key ymnvvsh for this txn
	Use the key to encode the confidential part SECRET_PAYLOAD into UAYbd5rI5NvA7CMnrtGTeA==
	Send a txn 8c842e66c72549129cda49320f2c7eeb7d7756c2721dbd7ebbe07fd045f9086f to invoke secretcontract with the encoded as the secret part UAYbd5rI5NvA7CMnrtGTeA==. 
View manufacturer2 is appended with txns [8c842e66c72549129cda49320f2c7eeb7d7756c2721dbd7ebbe07fd045f9086f]. 
	Append view manufacturer2 with txn IDs [ '8c842e66c72549129cda49320f2c7eeb7d7756c2721dbd7ebbe07fd045f9086f' ]
View warehouse1 is appended with txns [8c842e66c72549129cda49320f2c7eeb7d7756c2721dbd7ebbe07fd045f9086f]. 
	Append view warehouse1 with txn IDs [ '8c842e66c72549129cda49320f2c7eeb7d7756c2721dbd7ebbe07fd045f9086f' ]
View delivery1 is appended with txns [5944ce2011e077cdeed6bec37c57a8d43150cc9144353bb07248b71c63714f93,8c842e66c72549129cda49320f2c7eeb7d7756c2721dbd7ebbe07fd045f9086f]. 
	Append view delivery1 with txn IDs [
  '5944ce2011e077cdeed6bec37c57a8d43150cc9144353bb07248b71c63714f93',
  '8c842e66c72549129cda49320f2c7eeb7d7756c2721dbd7ebbe07fd045f9086f'
]
===============================================
A view owner prepares Txn 12(tid) to invoke Contract secretcontract with confidential part SECRET_PAYLOAD
	Generate a random key dkrt039 for this txn
	Use the key to encode the confidential part SECRET_PAYLOAD into dR7wgGkZgRBpPm/xyZOdMA==
	Send a txn ba2633e96a469da86156a8707c78076725ad73af19c1819d6ba3624a61267cde to invoke secretcontract with the encoded as the secret part dR7wgGkZgRBpPm/xyZOdMA==. 
View manufacturer2 is appended with txns [ba2633e96a469da86156a8707c78076725ad73af19c1819d6ba3624a61267cde]. 
	Append view manufacturer2 with txn IDs [ 'ba2633e96a469da86156a8707c78076725ad73af19c1819d6ba3624a61267cde' ]
View warehouse1 is appended with txns [ba2633e96a469da86156a8707c78076725ad73af19c1819d6ba3624a61267cde]. 
	Append view warehouse1 with txn IDs [ 'ba2633e96a469da86156a8707c78076725ad73af19c1819d6ba3624a61267cde' ]
View delivery1 is appended with txns [ba2633e96a469da86156a8707c78076725ad73af19c1819d6ba3624a61267cde]. 
	Append view delivery1 with txn IDs [ 'ba2633e96a469da86156a8707c78076725ad73af19c1819d6ba3624a61267cde' ]
View warehouse2 is appended with txns [33b5e000e8798b1141a3536c3b5125149cf42920e6b7577158978671c70f82c2,57c12e50af25c25a13c773e5d77087f362632e8d78a9b9e7b6a0ff1336d6eb53,ba2633e96a469da86156a8707c78076725ad73af19c1819d6ba3624a61267cde]. 
	Append view warehouse2 with txn IDs [
  '33b5e000e8798b1141a3536c3b5125149cf42920e6b7577158978671c70f82c2',
  '57c12e50af25c25a13c773e5d77087f362632e8d78a9b9e7b6a0ff1336d6eb53',
  'ba2633e96a469da86156a8707c78076725ad73af19c1819d6ba3624a61267cde'
]
===============================================
A view owner prepares Txn 13(tid) to invoke Contract secretcontract with confidential part SECRET_PAYLOAD
	Generate a random key od110m for this txn
	Use the key to encode the confidential part SECRET_PAYLOAD into mxbNSgTGFKpUPKkQ7A/gFQ==
	Send a txn 2f5862cd024ab2970e445a92d6ecf189b34a80ce9815f19436a7f50440fee43e to invoke secretcontract with the encoded as the secret part mxbNSgTGFKpUPKkQ7A/gFQ==. 
View manufacturer1 is appended with txns [2f5862cd024ab2970e445a92d6ecf189b34a80ce9815f19436a7f50440fee43e]. 
	Append view manufacturer1 with txn IDs [ '2f5862cd024ab2970e445a92d6ecf189b34a80ce9815f19436a7f50440fee43e' ]
View warehouse1 is appended with txns [2f5862cd024ab2970e445a92d6ecf189b34a80ce9815f19436a7f50440fee43e]. 
	Append view warehouse1 with txn IDs [ '2f5862cd024ab2970e445a92d6ecf189b34a80ce9815f19436a7f50440fee43e' ]
View delivery1 is appended with txns [2f5862cd024ab2970e445a92d6ecf189b34a80ce9815f19436a7f50440fee43e]. 
	Append view delivery1 with txn IDs [ '2f5862cd024ab2970e445a92d6ecf189b34a80ce9815f19436a7f50440fee43e' ]
View warehouse2 is appended with txns [339c484479d40a08c92b3c19fd045c76f952f62db07eb31c65edce3995e1528e,8995ed9654743e18257ab99106d8823f3c24b6804225daa86ef4e536bd9dfbe6,2f5862cd024ab2970e445a92d6ecf189b34a80ce9815f19436a7f50440fee43e]. 
	Append view warehouse2 with txn IDs [
  '339c484479d40a08c92b3c19fd045c76f952f62db07eb31c65edce3995e1528e',
  '8995ed9654743e18257ab99106d8823f3c24b6804225daa86ef4e536bd9dfbe6',
  '2f5862cd024ab2970e445a92d6ecf189b34a80ce9815f19436a7f50440fee43e'
]
===============================================
A view owner prepares Txn 14(tid) to invoke Contract secretcontract with confidential part SECRET_PAYLOAD
	Generate a random key zwjgazq for this txn
	Use the key to encode the confidential part SECRET_PAYLOAD into NHNGXrfprVWn4Jc+X1lKpA==
	Send a txn 9afef9355d20ea84b98d6982ca7c0d71371d3d31bc442a665d5cba8492e1b670 to invoke secretcontract with the encoded as the secret part NHNGXrfprVWn4Jc+X1lKpA==. 
View manufacturer2 is appended with txns [9afef9355d20ea84b98d6982ca7c0d71371d3d31bc442a665d5cba8492e1b670]. 
	Append view manufacturer2 with txn IDs [ '9afef9355d20ea84b98d6982ca7c0d71371d3d31bc442a665d5cba8492e1b670' ]
View warehouse1 is appended with txns [9afef9355d20ea84b98d6982ca7c0d71371d3d31bc442a665d5cba8492e1b670]. 
	Append view warehouse1 with txn IDs [ '9afef9355d20ea84b98d6982ca7c0d71371d3d31bc442a665d5cba8492e1b670' ]
View delivery2 is appended with txns [034f91881f559f10e4b5778a9dc9a0ce3e9777142a823db646102608985e1fdf,9afef9355d20ea84b98d6982ca7c0d71371d3d31bc442a665d5cba8492e1b670]. 
	Append view delivery2 with txn IDs [
  '034f91881f559f10e4b5778a9dc9a0ce3e9777142a823db646102608985e1fdf',
  '9afef9355d20ea84b98d6982ca7c0d71371d3d31bc442a665d5cba8492e1b670'
]
===============================================
A view owner prepares Txn 15(tid) to invoke Contract secretcontract with confidential part SECRET_PAYLOAD
	Generate a random key 6j7imm6 for this txn
	Use the key to encode the confidential part SECRET_PAYLOAD into ONwGWietCWi6ISNsOcmEmA==
	Send a txn 488f0d7d3ac6e21cb205a79dcffa12e35077e8149d3e49d5898774ae57044b8d to invoke secretcontract with the encoded as the secret part ONwGWietCWi6ISNsOcmEmA==. 
View manufacturer1 is appended with txns [488f0d7d3ac6e21cb205a79dcffa12e35077e8149d3e49d5898774ae57044b8d]. 
	Append view manufacturer1 with txn IDs [ '488f0d7d3ac6e21cb205a79dcffa12e35077e8149d3e49d5898774ae57044b8d' ]
View warehouse1 is appended with txns [488f0d7d3ac6e21cb205a79dcffa12e35077e8149d3e49d5898774ae57044b8d]. 
	Append view warehouse1 with txn IDs [ '488f0d7d3ac6e21cb205a79dcffa12e35077e8149d3e49d5898774ae57044b8d' ]
View delivery1 is appended with txns [488f0d7d3ac6e21cb205a79dcffa12e35077e8149d3e49d5898774ae57044b8d]. 
	Append view delivery1 with txn IDs [ '488f0d7d3ac6e21cb205a79dcffa12e35077e8149d3e49d5898774ae57044b8d' ]
View warehouse2 is appended with txns [488f0d7d3ac6e21cb205a79dcffa12e35077e8149d3e49d5898774ae57044b8d]. 
	Append view warehouse2 with txn IDs [ '488f0d7d3ac6e21cb205a79dcffa12e35077e8149d3e49d5898774ae57044b8d' ]
View shop5 is appended with txns [339c484479d40a08c92b3c19fd045c76f952f62db07eb31c65edce3995e1528e,8995ed9654743e18257ab99106d8823f3c24b6804225daa86ef4e536bd9dfbe6,2f5862cd024ab2970e445a92d6ecf189b34a80ce9815f19436a7f50440fee43e,488f0d7d3ac6e21cb205a79dcffa12e35077e8149d3e49d5898774ae57044b8d]. 
	Append view shop5 with txn IDs [
  '339c484479d40a08c92b3c19fd045c76f952f62db07eb31c65edce3995e1528e',
  '8995ed9654743e18257ab99106d8823f3c24b6804225daa86ef4e536bd9dfbe6',
  '2f5862cd024ab2970e445a92d6ecf189b34a80ce9815f19436a7f50440fee43e',
  '488f0d7d3ac6e21cb205a79dcffa12e35077e8149d3e49d5898774ae57044b8d'
]
===============================================
A view owner prepares Txn 16(tid) to invoke Contract secretcontract with confidential part SECRET_PAYLOAD
	Generate a random key rtov3lm for this txn
	Use the key to encode the confidential part SECRET_PAYLOAD into GkISk/57+0ePeXzNPQFGeA==
	Send a txn 001b82fbf2e7d02ff3208fa319776a9a6bf959ba22a62cd2679faa8184e0b4e9 to invoke secretcontract with the encoded as the secret part GkISk/57+0ePeXzNPQFGeA==. 
View manufacturer1 is appended with txns [001b82fbf2e7d02ff3208fa319776a9a6bf959ba22a62cd2679faa8184e0b4e9]. 
	Append view manufacturer1 with txn IDs [ '001b82fbf2e7d02ff3208fa319776a9a6bf959ba22a62cd2679faa8184e0b4e9' ]
View warehouse1 is appended with txns [001b82fbf2e7d02ff3208fa319776a9a6bf959ba22a62cd2679faa8184e0b4e9]. 
	Append view warehouse1 with txn IDs [ '001b82fbf2e7d02ff3208fa319776a9a6bf959ba22a62cd2679faa8184e0b4e9' ]
View delivery2 is appended with txns [001b82fbf2e7d02ff3208fa319776a9a6bf959ba22a62cd2679faa8184e0b4e9]. 
	Append view delivery2 with txn IDs [ '001b82fbf2e7d02ff3208fa319776a9a6bf959ba22a62cd2679faa8184e0b4e9' ]
View warehouse3 is appended with txns [5068f520ec360575cc66322b9f785d93f05a510e9540a0178ce28df5cc72a61e,93539d3819cc82499b4156b85327c3a5bb3afae90147c499f1e15b8180ad573a,001b82fbf2e7d02ff3208fa319776a9a6bf959ba22a62cd2679faa8184e0b4e9]. 
	Append view warehouse3 with txn IDs [
  '5068f520ec360575cc66322b9f785d93f05a510e9540a0178ce28df5cc72a61e',
  '93539d3819cc82499b4156b85327c3a5bb3afae90147c499f1e15b8180ad573a',
  '001b82fbf2e7d02ff3208fa319776a9a6bf959ba22a62cd2679faa8184e0b4e9'
]
===============================================
A view owner prepares Txn 17(tid) to invoke Contract secretcontract with confidential part SECRET_PAYLOAD
	Generate a random key sq0buvq for this txn
	Use the key to encode the confidential part SECRET_PAYLOAD into nG5Y8u4y0elYXTNyWEBqrw==
	Send a txn 660966ff06b10858469219084111bc223e800b5de50ae7ef24256a289b416e8d to invoke secretcontract with the encoded as the secret part nG5Y8u4y0elYXTNyWEBqrw==. 
View manufacturer2 is appended with txns [660966ff06b10858469219084111bc223e800b5de50ae7ef24256a289b416e8d]. 
	Append view manufacturer2 with txn IDs [ '660966ff06b10858469219084111bc223e800b5de50ae7ef24256a289b416e8d' ]
View warehouse1 is appended with txns [660966ff06b10858469219084111bc223e800b5de50ae7ef24256a289b416e8d]. 
	Append view warehouse1 with txn IDs [ '660966ff06b10858469219084111bc223e800b5de50ae7ef24256a289b416e8d' ]
View delivery1 is appended with txns [599ca136b58989d3f6b4ee03db131b3342f63d65704261142526e16b3617c5b9,660966ff06b10858469219084111bc223e800b5de50ae7ef24256a289b416e8d]. 
	Append view delivery1 with txn IDs [
  '599ca136b58989d3f6b4ee03db131b3342f63d65704261142526e16b3617c5b9',
  '660966ff06b10858469219084111bc223e800b5de50ae7ef24256a289b416e8d'
]
===============================================
A view owner prepares Txn 18(tid) to invoke Contract secretcontract with confidential part SECRET_PAYLOAD
	Generate a random key euqo8un for this txn
	Use the key to encode the confidential part SECRET_PAYLOAD into dj6BCnw0wdNnFCDubdZsnA==
	Send a txn 2a1a528e806a6c2a2c6a1cad71311e2b43df2f99109e36917276143aeb6c87f7 to invoke secretcontract with the encoded as the secret part dj6BCnw0wdNnFCDubdZsnA==. 
View manufacturer2 is appended with txns [2a1a528e806a6c2a2c6a1cad71311e2b43df2f99109e36917276143aeb6c87f7]. 
	Append view manufacturer2 with txn IDs [ '2a1a528e806a6c2a2c6a1cad71311e2b43df2f99109e36917276143aeb6c87f7' ]
View warehouse1 is appended with txns [2a1a528e806a6c2a2c6a1cad71311e2b43df2f99109e36917276143aeb6c87f7]. 
	Append view warehouse1 with txn IDs [ '2a1a528e806a6c2a2c6a1cad71311e2b43df2f99109e36917276143aeb6c87f7' ]
View delivery1 is appended with txns [2a1a528e806a6c2a2c6a1cad71311e2b43df2f99109e36917276143aeb6c87f7]. 
	Append view delivery1 with txn IDs [ '2a1a528e806a6c2a2c6a1cad71311e2b43df2f99109e36917276143aeb6c87f7' ]
View warehouse2 is appended with txns [599ca136b58989d3f6b4ee03db131b3342f63d65704261142526e16b3617c5b9,660966ff06b10858469219084111bc223e800b5de50ae7ef24256a289b416e8d,2a1a528e806a6c2a2c6a1cad71311e2b43df2f99109e36917276143aeb6c87f7]. 
	Append view warehouse2 with txn IDs [
  '599ca136b58989d3f6b4ee03db131b3342f63d65704261142526e16b3617c5b9',
  '660966ff06b10858469219084111bc223e800b5de50ae7ef24256a289b416e8d',
  '2a1a528e806a6c2a2c6a1cad71311e2b43df2f99109e36917276143aeb6c87f7'
]
===============================================
A view owner prepares Txn 19(tid) to invoke Contract secretcontract with confidential part SECRET_PAYLOAD
	Generate a random key ro8gate for this txn
	Use the key to encode the confidential part SECRET_PAYLOAD into mnt85rEY0rO5N9fHCUTjAw==
	Send a txn b6597e2c2f0b228a2ec5b0b7ba5ef6f40bc3a0b248092af9afca9f6237cae602 to invoke secretcontract with the encoded as the secret part mnt85rEY0rO5N9fHCUTjAw==. 
View manufacturer2 is appended with txns [b6597e2c2f0b228a2ec5b0b7ba5ef6f40bc3a0b248092af9afca9f6237cae602]. 
	Append view manufacturer2 with txn IDs [ 'b6597e2c2f0b228a2ec5b0b7ba5ef6f40bc3a0b248092af9afca9f6237cae602' ]
View warehouse1 is appended with txns [b6597e2c2f0b228a2ec5b0b7ba5ef6f40bc3a0b248092af9afca9f6237cae602]. 
	Append view warehouse1 with txn IDs [ 'b6597e2c2f0b228a2ec5b0b7ba5ef6f40bc3a0b248092af9afca9f6237cae602' ]
View delivery1 is appended with txns [d374fb5be2b34931fa7bad23cf06b7af6118d5322c2e0cff613a4a8dd10ad9c4,b6597e2c2f0b228a2ec5b0b7ba5ef6f40bc3a0b248092af9afca9f6237cae602]. 
	Append view delivery1 with txn IDs [
  'd374fb5be2b34931fa7bad23cf06b7af6118d5322c2e0cff613a4a8dd10ad9c4',
  'b6597e2c2f0b228a2ec5b0b7ba5ef6f40bc3a0b248092af9afca9f6237cae602'
]
===============================================
A view owner prepares Txn 20(tid) to invoke Contract secretcontract with confidential part SECRET_PAYLOAD
	Generate a random key juidzq for this txn
	Use the key to encode the confidential part SECRET_PAYLOAD into 1SiXE8dnDNgU+TXU2zj6Aw==
	Send a txn e49e7474798bd4be09ca205bfb7437acd97862b8bfad3888c1b48a1ba1d866c1 to invoke secretcontract with the encoded as the secret part 1SiXE8dnDNgU+TXU2zj6Aw==. 
View manufacturer1 is appended with txns [e49e7474798bd4be09ca205bfb7437acd97862b8bfad3888c1b48a1ba1d866c1]. 
	Append view manufacturer1 with txn IDs [ 'e49e7474798bd4be09ca205bfb7437acd97862b8bfad3888c1b48a1ba1d866c1' ]
View warehouse1 is appended with txns [e49e7474798bd4be09ca205bfb7437acd97862b8bfad3888c1b48a1ba1d866c1]. 
	Append view warehouse1 with txn IDs [ 'e49e7474798bd4be09ca205bfb7437acd97862b8bfad3888c1b48a1ba1d866c1' ]
View delivery2 is appended with txns [e49e7474798bd4be09ca205bfb7437acd97862b8bfad3888c1b48a1ba1d866c1]. 
	Append view delivery2 with txn IDs [ 'e49e7474798bd4be09ca205bfb7437acd97862b8bfad3888c1b48a1ba1d866c1' ]
View warehouse3 is appended with txns [e49e7474798bd4be09ca205bfb7437acd97862b8bfad3888c1b48a1ba1d866c1]. 
	Append view warehouse3 with txn IDs [ 'e49e7474798bd4be09ca205bfb7437acd97862b8bfad3888c1b48a1ba1d866c1' ]
View shop7 is appended with txns [5068f520ec360575cc66322b9f785d93f05a510e9540a0178ce28df5cc72a61e,93539d3819cc82499b4156b85327c3a5bb3afae90147c499f1e15b8180ad573a,001b82fbf2e7d02ff3208fa319776a9a6bf959ba22a62cd2679faa8184e0b4e9,e49e7474798bd4be09ca205bfb7437acd97862b8bfad3888c1b48a1ba1d866c1]. 
	Append view shop7 with txn IDs [
  '5068f520ec360575cc66322b9f785d93f05a510e9540a0178ce28df5cc72a61e',
  '93539d3819cc82499b4156b85327c3a5bb3afae90147c499f1e15b8180ad573a',
  '001b82fbf2e7d02ff3208fa319776a9a6bf959ba22a62cd2679faa8184e0b4e9',
  'e49e7474798bd4be09ca205bfb7437acd97862b8bfad3888c1b48a1ba1d866c1'
]
===============================================
A view owner prepares Txn 21(tid) to invoke Contract secretcontract with confidential part SECRET_PAYLOAD
	Generate a random key qgiwyir for this txn
	Use the key to encode the confidential part SECRET_PAYLOAD into qLwciOAvmm/Vy4RoUO4cgw==
	Send a txn 42944179b8a26060c23ecb93480ea5a4aa57d7b136c8081950fc2bc96a81cbf7 to invoke secretcontract with the encoded as the secret part qLwciOAvmm/Vy4RoUO4cgw==. 
View manufacturer2 is appended with txns [42944179b8a26060c23ecb93480ea5a4aa57d7b136c8081950fc2bc96a81cbf7]. 
	Append view manufacturer2 with txn IDs [ '42944179b8a26060c23ecb93480ea5a4aa57d7b136c8081950fc2bc96a81cbf7' ]
View warehouse1 is appended with txns [42944179b8a26060c23ecb93480ea5a4aa57d7b136c8081950fc2bc96a81cbf7]. 
	Append view warehouse1 with txn IDs [ '42944179b8a26060c23ecb93480ea5a4aa57d7b136c8081950fc2bc96a81cbf7' ]
View delivery1 is appended with txns [42944179b8a26060c23ecb93480ea5a4aa57d7b136c8081950fc2bc96a81cbf7]. 
	Append view delivery1 with txn IDs [ '42944179b8a26060c23ecb93480ea5a4aa57d7b136c8081950fc2bc96a81cbf7' ]
View warehouse2 is appended with txns [d374fb5be2b34931fa7bad23cf06b7af6118d5322c2e0cff613a4a8dd10ad9c4,b6597e2c2f0b228a2ec5b0b7ba5ef6f40bc3a0b248092af9afca9f6237cae602,42944179b8a26060c23ecb93480ea5a4aa57d7b136c8081950fc2bc96a81cbf7]. 
	Append view warehouse2 with txn IDs [
  'd374fb5be2b34931fa7bad23cf06b7af6118d5322c2e0cff613a4a8dd10ad9c4',
  'b6597e2c2f0b228a2ec5b0b7ba5ef6f40bc3a0b248092af9afca9f6237cae602',
  '42944179b8a26060c23ecb93480ea5a4aa57d7b136c8081950fc2bc96a81cbf7'
]
===============================================
A view owner prepares Txn 22(tid) to invoke Contract secretcontract with confidential part SECRET_PAYLOAD
	Generate a random key iey24pa for this txn
	Use the key to encode the confidential part SECRET_PAYLOAD into 5hhYcx2nfdZE0YtVmmkxsA==
	Send a txn 2355fa9001f6f8a59597bed67d5be794812bf39692390a59551429d861f426ca to invoke secretcontract with the encoded as the secret part 5hhYcx2nfdZE0YtVmmkxsA==. 
View manufacturer2 is appended with txns [2355fa9001f6f8a59597bed67d5be794812bf39692390a59551429d861f426ca]. 
	Append view manufacturer2 with txn IDs [ '2355fa9001f6f8a59597bed67d5be794812bf39692390a59551429d861f426ca' ]
View warehouse1 is appended with txns [2355fa9001f6f8a59597bed67d5be794812bf39692390a59551429d861f426ca]. 
	Append view warehouse1 with txn IDs [ '2355fa9001f6f8a59597bed67d5be794812bf39692390a59551429d861f426ca' ]
View delivery1 is appended with txns [2355fa9001f6f8a59597bed67d5be794812bf39692390a59551429d861f426ca]. 
	Append view delivery1 with txn IDs [ '2355fa9001f6f8a59597bed67d5be794812bf39692390a59551429d861f426ca' ]
View warehouse2 is appended with txns [2355fa9001f6f8a59597bed67d5be794812bf39692390a59551429d861f426ca]. 
	Append view warehouse2 with txn IDs [ '2355fa9001f6f8a59597bed67d5be794812bf39692390a59551429d861f426ca' ]
View shop5 is appended with txns [d374fb5be2b34931fa7bad23cf06b7af6118d5322c2e0cff613a4a8dd10ad9c4,b6597e2c2f0b228a2ec5b0b7ba5ef6f40bc3a0b248092af9afca9f6237cae602,42944179b8a26060c23ecb93480ea5a4aa57d7b136c8081950fc2bc96a81cbf7,2355fa9001f6f8a59597bed67d5be794812bf39692390a59551429d861f426ca]. 
	Append view shop5 with txn IDs [
  'd374fb5be2b34931fa7bad23cf06b7af6118d5322c2e0cff613a4a8dd10ad9c4',
  'b6597e2c2f0b228a2ec5b0b7ba5ef6f40bc3a0b248092af9afca9f6237cae602',
  '42944179b8a26060c23ecb93480ea5a4aa57d7b136c8081950fc2bc96a81cbf7',
  '2355fa9001f6f8a59597bed67d5be794812bf39692390a59551429d861f426ca'
]
===============================================
A view owner prepares Txn 23(tid) to invoke Contract secretcontract with confidential part SECRET_PAYLOAD
	Generate a random key dmk70ty for this txn
	Use the key to encode the confidential part SECRET_PAYLOAD into Jccm2Be+t3y065+YuYOQ/Q==
	Send a txn 6efe4a38eef2904ea29ef3cc782dd7454d56c971901bcb0c83bc4bb50717a745 to invoke secretcontract with the encoded as the secret part Jccm2Be+t3y065+YuYOQ/Q==. 
View manufacturer2 is appended with txns [6efe4a38eef2904ea29ef3cc782dd7454d56c971901bcb0c83bc4bb50717a745]. 
	Append view manufacturer2 with txn IDs [ '6efe4a38eef2904ea29ef3cc782dd7454d56c971901bcb0c83bc4bb50717a745' ]
View warehouse1 is appended with txns [6efe4a38eef2904ea29ef3cc782dd7454d56c971901bcb0c83bc4bb50717a745]. 
	Append view warehouse1 with txn IDs [ '6efe4a38eef2904ea29ef3cc782dd7454d56c971901bcb0c83bc4bb50717a745' ]
View delivery1 is appended with txns [6efe4a38eef2904ea29ef3cc782dd7454d56c971901bcb0c83bc4bb50717a745]. 
	Append view delivery1 with txn IDs [ '6efe4a38eef2904ea29ef3cc782dd7454d56c971901bcb0c83bc4bb50717a745' ]
View warehouse2 is appended with txns [5944ce2011e077cdeed6bec37c57a8d43150cc9144353bb07248b71c63714f93,8c842e66c72549129cda49320f2c7eeb7d7756c2721dbd7ebbe07fd045f9086f,6efe4a38eef2904ea29ef3cc782dd7454d56c971901bcb0c83bc4bb50717a745]. 
	Append view warehouse2 with txn IDs [
  '5944ce2011e077cdeed6bec37c57a8d43150cc9144353bb07248b71c63714f93',
  '8c842e66c72549129cda49320f2c7eeb7d7756c2721dbd7ebbe07fd045f9086f',
  '6efe4a38eef2904ea29ef3cc782dd7454d56c971901bcb0c83bc4bb50717a745'
]
===============================================
A view owner prepares Txn 24(tid) to invoke Contract secretcontract with confidential part SECRET_PAYLOAD
	Generate a random key f6fjfag for this txn
	Use the key to encode the confidential part SECRET_PAYLOAD into 0nVSDJca/cDxdHhaqzcN7g==
	Send a txn 0b63ca07681992ba2e1e127a38bc8b38764920f1d4e33712675c060610b2e6f3 to invoke secretcontract with the encoded as the secret part 0nVSDJca/cDxdHhaqzcN7g==. 
View manufacturer2 is appended with txns [0b63ca07681992ba2e1e127a38bc8b38764920f1d4e33712675c060610b2e6f3]. 
	Append view manufacturer2 with txn IDs [ '0b63ca07681992ba2e1e127a38bc8b38764920f1d4e33712675c060610b2e6f3' ]
View warehouse1 is appended with txns [0b63ca07681992ba2e1e127a38bc8b38764920f1d4e33712675c060610b2e6f3]. 
	Append view warehouse1 with txn IDs [ '0b63ca07681992ba2e1e127a38bc8b38764920f1d4e33712675c060610b2e6f3' ]
View delivery1 is appended with txns [0b63ca07681992ba2e1e127a38bc8b38764920f1d4e33712675c060610b2e6f3]. 
	Append view delivery1 with txn IDs [ '0b63ca07681992ba2e1e127a38bc8b38764920f1d4e33712675c060610b2e6f3' ]
View warehouse2 is appended with txns [0b63ca07681992ba2e1e127a38bc8b38764920f1d4e33712675c060610b2e6f3]. 
	Append view warehouse2 with txn IDs [ '0b63ca07681992ba2e1e127a38bc8b38764920f1d4e33712675c060610b2e6f3' ]
View shop5 is appended with txns [5944ce2011e077cdeed6bec37c57a8d43150cc9144353bb07248b71c63714f93,8c842e66c72549129cda49320f2c7eeb7d7756c2721dbd7ebbe07fd045f9086f,6efe4a38eef2904ea29ef3cc782dd7454d56c971901bcb0c83bc4bb50717a745,0b63ca07681992ba2e1e127a38bc8b38764920f1d4e33712675c060610b2e6f3]. 
	Append view shop5 with txn IDs [
  '5944ce2011e077cdeed6bec37c57a8d43150cc9144353bb07248b71c63714f93',
  '8c842e66c72549129cda49320f2c7eeb7d7756c2721dbd7ebbe07fd045f9086f',
  '6efe4a38eef2904ea29ef3cc782dd7454d56c971901bcb0c83bc4bb50717a745',
  '0b63ca07681992ba2e1e127a38bc8b38764920f1d4e33712675c060610b2e6f3'
]
===============================================
A view owner prepares Txn 25(tid) to invoke Contract secretcontract with confidential part SECRET_PAYLOAD
	Generate a random key e7xrm8n for this txn
	Use the key to encode the confidential part SECRET_PAYLOAD into pB7wggmwaHA/RDK1MQByHQ==
	Send a txn d7a2a77b3974e8add0892a2fb17e8169bc95d5f110f83d96f2fa0e821dd124d0 to invoke secretcontract with the encoded as the secret part pB7wggmwaHA/RDK1MQByHQ==. 
View manufacturer2 is appended with txns [d7a2a77b3974e8add0892a2fb17e8169bc95d5f110f83d96f2fa0e821dd124d0]. 
	Append view manufacturer2 with txn IDs [ 'd7a2a77b3974e8add0892a2fb17e8169bc95d5f110f83d96f2fa0e821dd124d0' ]
View warehouse1 is appended with txns [d7a2a77b3974e8add0892a2fb17e8169bc95d5f110f83d96f2fa0e821dd124d0]. 
	Append view warehouse1 with txn IDs [ 'd7a2a77b3974e8add0892a2fb17e8169bc95d5f110f83d96f2fa0e821dd124d0' ]
===============================================
A view owner prepares Txn 26(tid) to invoke Contract secretcontract with confidential part SECRET_PAYLOAD
	Generate a random key h7aj7c for this txn
	Use the key to encode the confidential part SECRET_PAYLOAD into vL6jAkp0pwyEpRnu3dzHoA==
	Send a txn 4353e99bbfc3de8ba8cfe20fed575c49f0f340117bbe31684b7060a2bad74e36 to invoke secretcontract with the encoded as the secret part vL6jAkp0pwyEpRnu3dzHoA==. 
View manufacturer2 is appended with txns [4353e99bbfc3de8ba8cfe20fed575c49f0f340117bbe31684b7060a2bad74e36]. 
	Append view manufacturer2 with txn IDs [ '4353e99bbfc3de8ba8cfe20fed575c49f0f340117bbe31684b7060a2bad74e36' ]
View warehouse1 is appended with txns [4353e99bbfc3de8ba8cfe20fed575c49f0f340117bbe31684b7060a2bad74e36]. 
	Append view warehouse1 with txn IDs [ '4353e99bbfc3de8ba8cfe20fed575c49f0f340117bbe31684b7060a2bad74e36' ]
View delivery2 is appended with txns [4353e99bbfc3de8ba8cfe20fed575c49f0f340117bbe31684b7060a2bad74e36]. 
	Append view delivery2 with txn IDs [ '4353e99bbfc3de8ba8cfe20fed575c49f0f340117bbe31684b7060a2bad74e36' ]
View warehouse3 is appended with txns [034f91881f559f10e4b5778a9dc9a0ce3e9777142a823db646102608985e1fdf,9afef9355d20ea84b98d6982ca7c0d71371d3d31bc442a665d5cba8492e1b670,4353e99bbfc3de8ba8cfe20fed575c49f0f340117bbe31684b7060a2bad74e36]. 
	Append view warehouse3 with txn IDs [
  '034f91881f559f10e4b5778a9dc9a0ce3e9777142a823db646102608985e1fdf',
  '9afef9355d20ea84b98d6982ca7c0d71371d3d31bc442a665d5cba8492e1b670',
  '4353e99bbfc3de8ba8cfe20fed575c49f0f340117bbe31684b7060a2bad74e36'
]
===============================================
A view owner prepares Txn 27(tid) to invoke Contract secretcontract with confidential part SECRET_PAYLOAD
	Generate a random key csfr5x for this txn
	Use the key to encode the confidential part SECRET_PAYLOAD into EorV4Wcfu9Jx6wggwOWo0A==
	Send a txn c80c1e849e7db5e71cbda7290f2c2e52cb2f569405a650c2b2ed38a97be3fccf to invoke secretcontract with the encoded as the secret part EorV4Wcfu9Jx6wggwOWo0A==. 
View manufacturer2 is appended with txns [c80c1e849e7db5e71cbda7290f2c2e52cb2f569405a650c2b2ed38a97be3fccf]. 
	Append view manufacturer2 with txn IDs [ 'c80c1e849e7db5e71cbda7290f2c2e52cb2f569405a650c2b2ed38a97be3fccf' ]
View warehouse1 is appended with txns [c80c1e849e7db5e71cbda7290f2c2e52cb2f569405a650c2b2ed38a97be3fccf]. 
	Append view warehouse1 with txn IDs [ 'c80c1e849e7db5e71cbda7290f2c2e52cb2f569405a650c2b2ed38a97be3fccf' ]
View delivery1 is appended with txns [c80c1e849e7db5e71cbda7290f2c2e52cb2f569405a650c2b2ed38a97be3fccf]. 
	Append view delivery1 with txn IDs [ 'c80c1e849e7db5e71cbda7290f2c2e52cb2f569405a650c2b2ed38a97be3fccf' ]
View warehouse2 is appended with txns [c80c1e849e7db5e71cbda7290f2c2e52cb2f569405a650c2b2ed38a97be3fccf]. 
	Append view warehouse2 with txn IDs [ 'c80c1e849e7db5e71cbda7290f2c2e52cb2f569405a650c2b2ed38a97be3fccf' ]
View shop3 is appended with txns [33b5e000e8798b1141a3536c3b5125149cf42920e6b7577158978671c70f82c2,57c12e50af25c25a13c773e5d77087f362632e8d78a9b9e7b6a0ff1336d6eb53,ba2633e96a469da86156a8707c78076725ad73af19c1819d6ba3624a61267cde,c80c1e849e7db5e71cbda7290f2c2e52cb2f569405a650c2b2ed38a97be3fccf]. 
	Append view shop3 with txn IDs [
  '33b5e000e8798b1141a3536c3b5125149cf42920e6b7577158978671c70f82c2',
  '57c12e50af25c25a13c773e5d77087f362632e8d78a9b9e7b6a0ff1336d6eb53',
  'ba2633e96a469da86156a8707c78076725ad73af19c1819d6ba3624a61267cde',
  'c80c1e849e7db5e71cbda7290f2c2e52cb2f569405a650c2b2ed38a97be3fccf'
]
===============================================
A view owner prepares Txn 28(tid) to invoke Contract secretcontract with confidential part SECRET_PAYLOAD
	Generate a random key ev47zdk for this txn
	Use the key to encode the confidential part SECRET_PAYLOAD into 3xvR9OSJOqg1TjpGw9PVYA==
	Send a txn 3b8fa6b2659826d568e439148fb74729d6c3a6282792d0c2ccbd214b4ea90846 to invoke secretcontract with the encoded as the secret part 3xvR9OSJOqg1TjpGw9PVYA==. 
View manufacturer2 is appended with txns [3b8fa6b2659826d568e439148fb74729d6c3a6282792d0c2ccbd214b4ea90846]. 
	Append view manufacturer2 with txn IDs [ '3b8fa6b2659826d568e439148fb74729d6c3a6282792d0c2ccbd214b4ea90846' ]
View warehouse1 is appended with txns [3b8fa6b2659826d568e439148fb74729d6c3a6282792d0c2ccbd214b4ea90846]. 
	Append view warehouse1 with txn IDs [ '3b8fa6b2659826d568e439148fb74729d6c3a6282792d0c2ccbd214b4ea90846' ]
View delivery2 is appended with txns [3b8fa6b2659826d568e439148fb74729d6c3a6282792d0c2ccbd214b4ea90846]. 
	Append view delivery2 with txn IDs [ '3b8fa6b2659826d568e439148fb74729d6c3a6282792d0c2ccbd214b4ea90846' ]
View warehouse3 is appended with txns [3b8fa6b2659826d568e439148fb74729d6c3a6282792d0c2ccbd214b4ea90846]. 
	Append view warehouse3 with txn IDs [ '3b8fa6b2659826d568e439148fb74729d6c3a6282792d0c2ccbd214b4ea90846' ]
View shop4 is appended with txns [034f91881f559f10e4b5778a9dc9a0ce3e9777142a823db646102608985e1fdf,9afef9355d20ea84b98d6982ca7c0d71371d3d31bc442a665d5cba8492e1b670,4353e99bbfc3de8ba8cfe20fed575c49f0f340117bbe31684b7060a2bad74e36,3b8fa6b2659826d568e439148fb74729d6c3a6282792d0c2ccbd214b4ea90846]. 
	Append view shop4 with txn IDs [
  '034f91881f559f10e4b5778a9dc9a0ce3e9777142a823db646102608985e1fdf',
  '9afef9355d20ea84b98d6982ca7c0d71371d3d31bc442a665d5cba8492e1b670',
  '4353e99bbfc3de8ba8cfe20fed575c49f0f340117bbe31684b7060a2bad74e36',
  '3b8fa6b2659826d568e439148fb74729d6c3a6282792d0c2ccbd214b4ea90846'
]
===============================================
A view owner prepares Txn 29(tid) to invoke Contract secretcontract with confidential part SECRET_PAYLOAD
	Generate a random key vnozua for this txn
	Use the key to encode the confidential part SECRET_PAYLOAD into 6ETRrmLikL3YJTBGJ+1Xdg==
	Send a txn c798f3a4c32ae03c150d4da39c29168e9b60139be6851ebd1a806db3fdd021ff to invoke secretcontract with the encoded as the secret part 6ETRrmLikL3YJTBGJ+1Xdg==. 
View manufacturer2 is appended with txns [c798f3a4c32ae03c150d4da39c29168e9b60139be6851ebd1a806db3fdd021ff]. 
	Append view manufacturer2 with txn IDs [ 'c798f3a4c32ae03c150d4da39c29168e9b60139be6851ebd1a806db3fdd021ff' ]
View warehouse1 is appended with txns [c798f3a4c32ae03c150d4da39c29168e9b60139be6851ebd1a806db3fdd021ff]. 
	Append view warehouse1 with txn IDs [ 'c798f3a4c32ae03c150d4da39c29168e9b60139be6851ebd1a806db3fdd021ff' ]
View delivery1 is appended with txns [c798f3a4c32ae03c150d4da39c29168e9b60139be6851ebd1a806db3fdd021ff]. 
	Append view delivery1 with txn IDs [ 'c798f3a4c32ae03c150d4da39c29168e9b60139be6851ebd1a806db3fdd021ff' ]
View warehouse2 is appended with txns [c798f3a4c32ae03c150d4da39c29168e9b60139be6851ebd1a806db3fdd021ff]. 
	Append view warehouse2 with txn IDs [ 'c798f3a4c32ae03c150d4da39c29168e9b60139be6851ebd1a806db3fdd021ff' ]
View shop4 is appended with txns [599ca136b58989d3f6b4ee03db131b3342f63d65704261142526e16b3617c5b9,660966ff06b10858469219084111bc223e800b5de50ae7ef24256a289b416e8d,2a1a528e806a6c2a2c6a1cad71311e2b43df2f99109e36917276143aeb6c87f7,c798f3a4c32ae03c150d4da39c29168e9b60139be6851ebd1a806db3fdd021ff]. 
	Append view shop4 with txn IDs [
  '599ca136b58989d3f6b4ee03db131b3342f63d65704261142526e16b3617c5b9',
  '660966ff06b10858469219084111bc223e800b5de50ae7ef24256a289b416e8d',
  '2a1a528e806a6c2a2c6a1cad71311e2b43df2f99109e36917276143aeb6c87f7',
  'c798f3a4c32ae03c150d4da39c29168e9b60139be6851ebd1a806db3fdd021ff'
]
===============================================
A view owner prepares Txn 30(tid) to invoke Contract secretcontract with confidential part SECRET_PAYLOAD
	Generate a random key 1g2zf8 for this txn
	Use the key to encode the confidential part SECRET_PAYLOAD into OWMKTlm5YnqI8cn4s06WsA==
	Send a txn e12c059706e440184d8847567f111cb1473c448d42aee405072b572d4d20fa91 to invoke secretcontract with the encoded as the secret part OWMKTlm5YnqI8cn4s06WsA==. 
View manufacturer2 is appended with txns [e12c059706e440184d8847567f111cb1473c448d42aee405072b572d4d20fa91]. 
	Append view manufacturer2 with txn IDs [ 'e12c059706e440184d8847567f111cb1473c448d42aee405072b572d4d20fa91' ]
View warehouse1 is appended with txns [e12c059706e440184d8847567f111cb1473c448d42aee405072b572d4d20fa91]. 
	Append view warehouse1 with txn IDs [ 'e12c059706e440184d8847567f111cb1473c448d42aee405072b572d4d20fa91' ]
View delivery2 is appended with txns [d7a2a77b3974e8add0892a2fb17e8169bc95d5f110f83d96f2fa0e821dd124d0,e12c059706e440184d8847567f111cb1473c448d42aee405072b572d4d20fa91]. 
	Append view delivery2 with txn IDs [
  'd7a2a77b3974e8add0892a2fb17e8169bc95d5f110f83d96f2fa0e821dd124d0',
  'e12c059706e440184d8847567f111cb1473c448d42aee405072b572d4d20fa91'
]
===============================================
A view owner prepares Txn 31(tid) to invoke Contract secretcontract with confidential part SECRET_PAYLOAD
	Generate a random key zy67t2k for this txn
	Use the key to encode the confidential part SECRET_PAYLOAD into /RJ3jfKuY65E+OMJaY/l8Q==
	Send a txn 0d19d0335109f8b30047d89d5d45146637e705515125c010b7387ccd726b43db to invoke secretcontract with the encoded as the secret part /RJ3jfKuY65E+OMJaY/l8Q==. 
View manufacturer2 is appended with txns [0d19d0335109f8b30047d89d5d45146637e705515125c010b7387ccd726b43db]. 
	Append view manufacturer2 with txn IDs [ '0d19d0335109f8b30047d89d5d45146637e705515125c010b7387ccd726b43db' ]
View warehouse1 is appended with txns [0d19d0335109f8b30047d89d5d45146637e705515125c010b7387ccd726b43db]. 
	Append view warehouse1 with txn IDs [ '0d19d0335109f8b30047d89d5d45146637e705515125c010b7387ccd726b43db' ]
View delivery2 is appended with txns [0d19d0335109f8b30047d89d5d45146637e705515125c010b7387ccd726b43db]. 
	Append view delivery2 with txn IDs [ '0d19d0335109f8b30047d89d5d45146637e705515125c010b7387ccd726b43db' ]
View warehouse3 is appended with txns [d7a2a77b3974e8add0892a2fb17e8169bc95d5f110f83d96f2fa0e821dd124d0,e12c059706e440184d8847567f111cb1473c448d42aee405072b572d4d20fa91,0d19d0335109f8b30047d89d5d45146637e705515125c010b7387ccd726b43db]. 
	Append view warehouse3 with txn IDs [
  'd7a2a77b3974e8add0892a2fb17e8169bc95d5f110f83d96f2fa0e821dd124d0',
  'e12c059706e440184d8847567f111cb1473c448d42aee405072b572d4d20fa91',
  '0d19d0335109f8b30047d89d5d45146637e705515125c010b7387ccd726b43db'
]
===============================================
A view owner prepares Txn 32(tid) to invoke Contract secretcontract with confidential part SECRET_PAYLOAD
	Generate a random key 7n8xfhk for this txn
	Use the key to encode the confidential part SECRET_PAYLOAD into 90m9Ezv7R1sHR+d1rQSfzA==
	Send a txn a04187cc9f979051c6084f06529ba5b45378d74353d57347afe046caff6fd799 to invoke secretcontract with the encoded as the secret part 90m9Ezv7R1sHR+d1rQSfzA==. 
View manufacturer2 is appended with txns [a04187cc9f979051c6084f06529ba5b45378d74353d57347afe046caff6fd799]. 
	Append view manufacturer2 with txn IDs [ 'a04187cc9f979051c6084f06529ba5b45378d74353d57347afe046caff6fd799' ]
View warehouse1 is appended with txns [a04187cc9f979051c6084f06529ba5b45378d74353d57347afe046caff6fd799]. 
	Append view warehouse1 with txn IDs [ 'a04187cc9f979051c6084f06529ba5b45378d74353d57347afe046caff6fd799' ]
View delivery2 is appended with txns [a04187cc9f979051c6084f06529ba5b45378d74353d57347afe046caff6fd799]. 
	Append view delivery2 with txn IDs [ 'a04187cc9f979051c6084f06529ba5b45378d74353d57347afe046caff6fd799' ]
View warehouse3 is appended with txns [a04187cc9f979051c6084f06529ba5b45378d74353d57347afe046caff6fd799]. 
	Append view warehouse3 with txn IDs [ 'a04187cc9f979051c6084f06529ba5b45378d74353d57347afe046caff6fd799' ]
View shop5 is appended with txns [d7a2a77b3974e8add0892a2fb17e8169bc95d5f110f83d96f2fa0e821dd124d0,e12c059706e440184d8847567f111cb1473c448d42aee405072b572d4d20fa91,0d19d0335109f8b30047d89d5d45146637e705515125c010b7387ccd726b43db,a04187cc9f979051c6084f06529ba5b45378d74353d57347afe046caff6fd799]. 
	Append view shop5 with txn IDs [
  'd7a2a77b3974e8add0892a2fb17e8169bc95d5f110f83d96f2fa0e821dd124d0',
  'e12c059706e440184d8847567f111cb1473c448d42aee405072b572d4d20fa91',
  '0d19d0335109f8b30047d89d5d45146637e705515125c010b7387ccd726b43db',
  'a04187cc9f979051c6084f06529ba5b45378d74353d57347afe046caff6fd799'
]
Total Duration (ms): 73212. # of invocations: 192
